2022-06-07 00:51:33.279540 >>> {command: get_health}
2022-06-07 00:51:33.343540 <<< {isError: false, response: {status: ok}, type: _extensionType, method: ext.flutter.driver}
2022-06-07 00:51:33.348759 >>> {command: waitFor, timeout: 1000, finderType: ByValueKey, keyValueString: main-page, keyValueType: String}
2022-06-07 00:51:34.503328 <<< {isError: true, response: Timeout while executing waitFor: TimeoutException after 0:00:01.000000: Future not completed
, type: _extensionType, method: ext.flutter.driver}
2022-06-07 00:51:35.022505 >>> {command: waitFor, timeout: 1000, finderType: ByValueKey, keyValueString: main-page, keyValueType: String}
2022-06-07 00:51:35.285401 <<< {isError: false, response: {}, type: _extensionType, method: ext.flutter.driver}
2022-06-07 00:51:35.292403 >>> {command: scrollIntoView, finderType: ByValueKey, keyValueString: sidemenu, keyValueType: String, alignment: 0.0}
2022-06-07 00:51:35.317400 <<< {isError: false, response: {}, type: _extensionType, method: ext.flutter.driver}
2022-06-07 00:51:35.321400 >>> {command: tap, timeout: 30000, finderType: ByValueKey, keyValueString: sidemenu, keyValueType: String}
2022-06-07 00:51:35.560581 <<< {isError: false, response: {}, type: _extensionType, method: ext.flutter.driver}
2022-06-07 00:51:35.564579 >>> {command: waitForCondition, timeout: 30000, conditionName: NoTransientCallbacksCondition}
2022-06-07 00:51:36.168295 <<< {isError: false, response: {}, type: _extensionType, method: ext.flutter.driver}
2022-06-07 00:51:36.174294 >>> {command: waitFor, timeout: 1000, finderType: ByType, type: Drawer}
2022-06-07 00:51:37.273363 <<< {isError: true, response: Timeout while executing waitFor: TimeoutException after 0:00:01.000000: Future not completed
, type: _extensionType, method: ext.flutter.driver}
2022-06-07 00:51:37.279364 >>> {command: tap, timeout: 10000, finderType: ByTooltipMessage, text: Open navigation menu}
2022-06-07 00:51:37.358311 <<< {isError: false, response: {}, type: _extensionType, method: ext.flutter.driver}
2022-06-07 00:51:37.363312 >>> {command: waitForCondition, timeout: 10000, conditionName: NoTransientCallbacksCondition}
2022-06-07 00:51:38.551402 <<< {isError: false, response: {}, type: _extensionType, method: ext.flutter.driver}
2022-06-07 00:51:38.555405 >>> {command: scrollIntoView, finderType: ByValueKey, keyValueString: PickUP_menu_button, keyValueType: String, alignment: 0.0}
2022-06-07 00:51:38.635401 <<< {isError: false, response: {}, type: _extensionType, method: ext.flutter.driver}
2022-06-07 00:51:38.640406 >>> {command: tap, timeout: 30000, finderType: ByValueKey, keyValueString: PickUP_menu_button, keyValueType: String}
2022-06-07 00:51:38.795252 <<< {isError: false, response: {}, type: _extensionType, method: ext.flutter.driver}
2022-06-07 00:51:38.800777 >>> {command: waitForCondition, timeout: 30000, conditionName: NoTransientCallbacksCondition}
2022-06-07 00:51:39.427515 <<< {isError: false, response: {}, type: _extensionType, method: ext.flutter.driver}
2022-06-07 00:51:39.434059 >>> {command: scrollIntoView, finderType: ByValueKey, keyValueString: ver_horario_turma_pickup_button, keyValueType: String, alignment: 0.0}
2022-06-07 00:51:39.597668 <<< {isError: false, response: {}, type: _extensionType, method: ext.flutter.driver}
2022-06-07 00:51:39.602670 >>> {command: tap, timeout: 30000, finderType: ByValueKey, keyValueString: ver_horario_turma_pickup_button, keyValueType: String}
2022-06-07 00:51:39.764737 <<< {isError: false, response: {}, type: _extensionType, method: ext.flutter.driver}
2022-06-07 00:51:39.768739 >>> {command: waitForCondition, timeout: 30000, conditionName: NoTransientCallbacksCondition}
2022-06-07 00:51:40.451392 <<< {isError: false, response: {}, type: _extensionType, method: ext.flutter.driver}
2022-06-07 00:51:40.455394 >>> {command: scrollIntoView, finderType: ByValueKey, keyValueString: esof_schedule_pickup_text, keyValueType: String, alignment: 0.0}
2022-06-07 00:51:40.922698 <<< {isError: false, response: {}, type: _extensionType, method: ext.flutter.driver}
2022-06-07 00:51:40.927697 >>> {command: tap, timeout: 30000, finderType: ByValueKey, keyValueString: esof_schedule_pickup_text, keyValueType: String}
2022-06-07 00:51:41.371375 <<< {isError: false, response: {}, type: _extensionType, method: ext.flutter.driver}
2022-06-07 00:51:41.378373 >>> {command: waitForCondition, timeout: 30000, conditionName: NoTransientCallbacksCondition}
2022-06-07 00:51:42.073484 <<< {isError: false, response: {}, type: _extensionType, method: ext.flutter.driver}
2022-06-07 00:51:42.080482 >>> {command: waitFor, timeout: 1000, finderType: ByValueKey, keyValueString: horario_uc_page_pickup, keyValueType: String}
2022-06-07 00:51:42.111481 <<< {isError: false, response: {}, type: _extensionType, method: ext.flutter.driver}
2022-06-07 00:56:00.939708 >>> {command: get_health}
2022-06-07 00:56:01.057145 <<< {isError: false, response: {status: ok}, type: _extensionType, method: ext.flutter.driver}
2022-06-07 00:56:01.062147 >>> {command: waitFor, timeout: 1000, finderType: ByValueKey, keyValueString: main-page, keyValueType: String}
2022-06-07 00:56:02.224481 <<< {isError: false, response: {}, type: _extensionType, method: ext.flutter.driver}
2022-06-07 00:56:02.230486 >>> {command: scrollIntoView, finderType: ByValueKey, keyValueString: sidemenu, keyValueType: String, alignment: 0.0}
2022-06-07 00:56:02.665611 <<< {isError: false, response: {}, type: _extensionType, method: ext.flutter.driver}
2022-06-07 00:56:02.670613 >>> {command: tap, timeout: 30000, finderType: ByValueKey, keyValueString: sidemenu, keyValueType: String}
2022-06-07 00:56:02.893301 <<< {isError: false, response: {}, type: _extensionType, method: ext.flutter.driver}
2022-06-07 00:56:02.899302 >>> {command: waitForCondition, timeout: 30000, conditionName: NoTransientCallbacksCondition}
2022-06-07 00:56:03.450292 <<< {isError: false, response: {}, type: _extensionType, method: ext.flutter.driver}
2022-06-07 00:56:03.455295 >>> {command: waitFor, timeout: 1000, finderType: ByType, type: Drawer}
2022-06-07 00:56:04.645277 <<< {isError: true, response: Timeout while executing waitFor: TimeoutException after 0:00:01.000000: Future not completed
, type: _extensionType, method: ext.flutter.driver}
2022-06-07 00:56:04.649277 >>> {command: tap, timeout: 10000, finderType: ByTooltipMessage, text: Open navigation menu}
2022-06-07 00:56:05.190322 <<< {isError: false, response: {}, type: _extensionType, method: ext.flutter.driver}
2022-06-07 00:56:05.198320 >>> {command: waitForCondition, timeout: 10000, conditionName: NoTransientCallbacksCondition}
2022-06-07 00:56:05.598472 <<< {isError: false, response: {}, type: _extensionType, method: ext.flutter.driver}
2022-06-07 00:56:05.602471 >>> {command: scrollIntoView, finderType: ByValueKey, keyValueString: PickUP_menu_button, keyValueType: String, alignment: 0.0}
2022-06-07 00:56:05.653194 <<< {isError: false, response: {}, type: _extensionType, method: ext.flutter.driver}
2022-06-07 00:56:05.658215 >>> {command: tap, timeout: 30000, finderType: ByValueKey, keyValueString: PickUP_menu_button, keyValueType: String}
2022-06-07 00:56:05.798225 <<< {isError: false, response: {}, type: _extensionType, method: ext.flutter.driver}
2022-06-07 00:56:05.802224 >>> {command: waitForCondition, timeout: 30000, conditionName: NoTransientCallbacksCondition}
2022-06-07 00:56:06.747640 <<< {isError: false, response: {}, type: _extensionType, method: ext.flutter.driver}
2022-06-07 00:56:06.753642 >>> {command: scrollIntoView, finderType: ByValueKey, keyValueString: ver_horario_turma_pickup_button, keyValueType: String, alignment: 0.0}
2022-06-07 00:56:06.810650 <<< {isError: false, response: {}, type: _extensionType, method: ext.flutter.driver}
2022-06-07 00:56:06.815653 >>> {command: tap, timeout: 30000, finderType: ByValueKey, keyValueString: ver_horario_turma_pickup_button, keyValueType: String}
2022-06-07 00:56:06.960190 <<< {isError: false, response: {}, type: _extensionType, method: ext.flutter.driver}
2022-06-07 00:56:06.964189 >>> {command: waitForCondition, timeout: 30000, conditionName: NoTransientCallbacksCondition}
2022-06-07 00:56:08.074300 <<< {isError: false, response: {}, type: _extensionType, method: ext.flutter.driver}
2022-06-07 00:56:08.078300 >>> {command: scrollIntoView, finderType: ByValueKey, keyValueString: esof_schedule_pickup_text, keyValueType: String, alignment: 0.0}
2022-06-07 00:56:08.610401 <<< {isError: false, response: {}, type: _extensionType, method: ext.flutter.driver}
2022-06-07 00:56:08.622922 >>> {command: tap, timeout: 30000, finderType: ByValueKey, keyValueString: esof_schedule_pickup_text, keyValueType: String}
2022-06-07 00:56:08.708276 <<< {isError: false, response: {}, type: _extensionType, method: ext.flutter.driver}
2022-06-07 00:56:08.713279 >>> {command: waitForCondition, timeout: 30000, conditionName: NoTransientCallbacksCondition}
2022-06-07 00:56:09.256387 <<< {isError: false, response: {}, type: _extensionType, method: ext.flutter.driver}
2022-06-07 00:56:09.262388 >>> {command: waitFor, timeout: 1000, finderType: ByValueKey, keyValueString: horario_uc_page_pickup, keyValueType: String}
2022-06-07 00:56:09.285237 <<< {isError: false, response: {}, type: _extensionType, method: ext.flutter.driver}
2022-06-07 01:00:12.822566 >>> {command: get_health}
2022-06-07 01:00:13.011563 <<< {isError: false, response: {status: ok}, type: _extensionType, method: ext.flutter.driver}
2022-06-07 01:00:13.016560 >>> {command: waitFor, timeout: 1000, finderType: ByValueKey, keyValueString: main-page, keyValueType: String}
2022-06-07 01:00:14.497561 <<< {isError: true, response: Timeout while executing waitFor: TimeoutException after 0:00:01.000000: Future not completed
, type: _extensionType, method: ext.flutter.driver}
2022-06-07 01:00:15.003561 >>> {command: waitFor, timeout: 1000, finderType: ByValueKey, keyValueString: main-page, keyValueType: String}
2022-06-07 01:00:15.263560 <<< {isError: false, response: {}, type: _extensionType, method: ext.flutter.driver}
2022-06-07 01:00:15.270562 >>> {command: scrollIntoView, finderType: ByValueKey, keyValueString: sidemenu, keyValueType: String, alignment: 0.0}
2022-06-07 01:00:15.294561 <<< {isError: false, response: {}, type: _extensionType, method: ext.flutter.driver}
2022-06-07 01:00:15.299563 >>> {command: tap, timeout: 30000, finderType: ByValueKey, keyValueString: sidemenu, keyValueType: String}
2022-06-07 01:00:15.549561 <<< {isError: false, response: {}, type: _extensionType, method: ext.flutter.driver}
2022-06-07 01:00:15.554562 >>> {command: waitForCondition, timeout: 30000, conditionName: NoTransientCallbacksCondition}
2022-06-07 01:00:16.051122 <<< {isError: false, response: {}, type: _extensionType, method: ext.flutter.driver}
2022-06-07 01:00:16.055121 >>> {command: waitFor, timeout: 1000, finderType: ByType, type: Drawer}
2022-06-07 01:00:17.108254 <<< {isError: true, response: Timeout while executing waitFor: TimeoutException after 0:00:01.000000: Future not completed
, type: _extensionType, method: ext.flutter.driver}
2022-06-07 01:00:17.114255 >>> {command: tap, timeout: 10000, finderType: ByTooltipMessage, text: Open navigation menu}
2022-06-07 01:00:17.264255 <<< {isError: false, response: {}, type: _extensionType, method: ext.flutter.driver}
2022-06-07 01:00:17.269253 >>> {command: waitForCondition, timeout: 10000, conditionName: NoTransientCallbacksCondition}
2022-06-07 01:00:18.483253 <<< {isError: false, response: {}, type: _extensionType, method: ext.flutter.driver}
2022-06-07 01:00:18.501256 >>> {command: scrollIntoView, finderType: ByValueKey, keyValueString: PickUP_menu_button, keyValueType: String, alignment: 0.0}
2022-06-07 01:00:18.530257 <<< {isError: false, response: {}, type: _extensionType, method: ext.flutter.driver}
2022-06-07 01:00:18.535257 >>> {command: tap, timeout: 30000, finderType: ByValueKey, keyValueString: PickUP_menu_button, keyValueType: String}
2022-06-07 01:00:18.684255 <<< {isError: false, response: {}, type: _extensionType, method: ext.flutter.driver}
2022-06-07 01:00:18.689256 >>> {command: waitForCondition, timeout: 30000, conditionName: NoTransientCallbacksCondition}
2022-06-07 01:00:19.682258 <<< {isError: false, response: {}, type: _extensionType, method: ext.flutter.driver}
2022-06-07 01:00:19.689264 >>> {command: scrollIntoView, finderType: ByValueKey, keyValueString: ver_horario_turma_pickup_button, keyValueType: String, alignment: 0.0}
2022-06-07 01:00:19.743254 <<< {isError: false, response: {}, type: _extensionType, method: ext.flutter.driver}
2022-06-07 01:00:19.749256 >>> {command: tap, timeout: 30000, finderType: ByValueKey, keyValueString: ver_horario_turma_pickup_button, keyValueType: String}
2022-06-07 01:00:19.801255 <<< {isError: false, response: {}, type: _extensionType, method: ext.flutter.driver}
2022-06-07 01:00:19.806256 >>> {command: waitForCondition, timeout: 30000, conditionName: NoTransientCallbacksCondition}
2022-06-07 01:00:20.948832 <<< {isError: false, response: {}, type: _extensionType, method: ext.flutter.driver}
2022-06-07 01:00:20.955831 >>> {command: scrollIntoView, finderType: ByValueKey, keyValueString: esof_schedule_pickup_text, keyValueType: String, alignment: 0.0}
2022-06-07 01:00:21.262096 <<< {isError: false, response: {}, type: _extensionType, method: ext.flutter.driver}
2022-06-07 01:00:21.269095 >>> {command: tap, timeout: 30000, finderType: ByValueKey, keyValueString: esof_schedule_pickup_text, keyValueType: String}
2022-06-07 01:00:21.321652 <<< {isError: false, response: {}, type: _extensionType, method: ext.flutter.driver}
2022-06-07 01:00:21.325652 >>> {command: waitForCondition, timeout: 30000, conditionName: NoTransientCallbacksCondition}
2022-06-07 01:00:21.818652 <<< {isError: false, response: {}, type: _extensionType, method: ext.flutter.driver}
2022-06-07 01:00:21.823650 >>> {command: waitFor, timeout: 1000, finderType: ByValueKey, keyValueString: horario_uc_page_pickup, keyValueType: String}
2022-06-07 01:00:21.841652 <<< {isError: false, response: {}, type: _extensionType, method: ext.flutter.driver}
2022-06-07 01:48:18.616088 >>> {command: get_health}
2022-06-07 01:48:18.686087 <<< {isError: false, response: {status: ok}, type: _extensionType, method: ext.flutter.driver}
2022-06-07 01:48:18.691088 >>> {command: waitFor, timeout: 1000, finderType: ByValueKey, keyValueString: main-page, keyValueType: String}
2022-06-07 01:48:19.838888 <<< {isError: false, response: {}, type: _extensionType, method: ext.flutter.driver}
2022-06-07 01:48:19.847092 >>> {command: scrollIntoView, finderType: ByValueKey, keyValueString: sidemenu, keyValueType: String, alignment: 0.0}
2022-06-07 01:48:20.004093 <<< {isError: false, response: {}, type: _extensionType, method: ext.flutter.driver}
2022-06-07 01:48:20.009095 >>> {command: tap, timeout: 30000, finderType: ByValueKey, keyValueString: sidemenu, keyValueType: String}
2022-06-07 01:48:20.406891 <<< {isError: false, response: {}, type: _extensionType, method: ext.flutter.driver}
2022-06-07 01:48:20.415884 >>> {command: waitForCondition, timeout: 30000, conditionName: NoTransientCallbacksCondition}
2022-06-07 01:48:20.941865 <<< {isError: false, response: {}, type: _extensionType, method: ext.flutter.driver}
2022-06-07 01:48:20.947863 >>> {command: waitFor, timeout: 1000, finderType: ByType, type: Drawer}
2022-06-07 01:48:22.010837 <<< {isError: true, response: Timeout while executing waitFor: TimeoutException after 0:00:01.000000: Future not completed
, type: _extensionType, method: ext.flutter.driver}
2022-06-07 01:48:22.015835 >>> {command: tap, timeout: 10000, finderType: ByTooltipMessage, text: Open navigation menu}
2022-06-07 01:48:22.098835 <<< {isError: false, response: {}, type: _extensionType, method: ext.flutter.driver}
2022-06-07 01:48:22.103835 >>> {command: waitForCondition, timeout: 10000, conditionName: NoTransientCallbacksCondition}
2022-06-07 01:48:22.830833 <<< {isError: false, response: {}, type: _extensionType, method: ext.flutter.driver}
2022-06-07 01:48:22.838836 >>> {command: scrollIntoView, finderType: ByValueKey, keyValueString: PickUP_menu_button, keyValueType: String, alignment: 0.0}
2022-06-07 01:48:22.864837 <<< {isError: false, response: {}, type: _extensionType, method: ext.flutter.driver}
2022-06-07 01:48:22.870842 >>> {command: tap, timeout: 30000, finderType: ByValueKey, keyValueString: PickUP_menu_button, keyValueType: String}
2022-06-07 01:48:23.253836 <<< {isError: false, response: {}, type: _extensionType, method: ext.flutter.driver}
2022-06-07 01:48:23.260839 >>> {command: waitForCondition, timeout: 30000, conditionName: NoTransientCallbacksCondition}
2022-06-07 01:48:23.789836 <<< {isError: false, response: {}, type: _extensionType, method: ext.flutter.driver}
2022-06-07 01:48:23.796836 >>> {command: scrollIntoView, finderType: ByValueKey, keyValueString: ver_horario_pickup_button, keyValueType: String, alignment: 0.0}
2022-06-07 01:48:23.927833 <<< {isError: false, response: {}, type: _extensionType, method: ext.flutter.driver}
2022-06-07 01:48:23.932836 >>> {command: tap, timeout: 30000, finderType: ByValueKey, keyValueString: ver_horario_pickup_button, keyValueType: String}
2022-06-07 01:48:24.222834 <<< {isError: false, response: {}, type: _extensionType, method: ext.flutter.driver}
2022-06-07 01:48:24.229354 >>> {command: waitForCondition, timeout: 30000, conditionName: NoTransientCallbacksCondition}
2022-06-07 01:48:25.190935 <<< {isError: false, response: {}, type: _extensionType, method: ext.flutter.driver}
2022-06-07 01:48:25.197930 >>> {command: waitFor, timeout: 1000, finderType: ByValueKey, keyValueString: horario_page_pickup, keyValueType: String}
2022-06-07 01:48:25.558927 <<< {isError: false, response: {}, type: _extensionType, method: ext.flutter.driver}
2022-06-07 03:27:12.914717 >>> {command: get_health}
2022-06-07 03:27:13.218715 <<< {isError: false, response: {status: ok}, type: _extensionType, method: ext.flutter.driver}
2022-06-07 03:27:13.222716 >>> {command: waitFor, timeout: 1000, finderType: ByValueKey, keyValueString: main-page, keyValueType: String}
2022-06-07 03:27:14.752943 <<< {isError: true, response: Timeout while executing waitFor: TimeoutException after 0:00:01.000000: Future not completed
, type: _extensionType, method: ext.flutter.driver}
2022-06-07 03:27:15.270463 >>> {command: waitFor, timeout: 1000, finderType: ByValueKey, keyValueString: main-page, keyValueType: String}
2022-06-07 03:27:15.380462 <<< {isError: false, response: {}, type: _extensionType, method: ext.flutter.driver}
2022-06-07 03:27:15.385463 >>> {command: scrollIntoView, finderType: ByValueKey, keyValueString: sidemenu, keyValueType: String, alignment: 0.0}
2022-06-07 03:27:15.425461 <<< {isError: false, response: {}, type: _extensionType, method: ext.flutter.driver}
2022-06-07 03:27:15.430463 >>> {command: tap, timeout: 30000, finderType: ByValueKey, keyValueString: sidemenu, keyValueType: String}
2022-06-07 03:27:15.658464 <<< {isError: false, response: {}, type: _extensionType, method: ext.flutter.driver}
2022-06-07 03:27:15.664982 >>> {command: waitForCondition, timeout: 30000, conditionName: NoTransientCallbacksCondition}
2022-06-07 03:27:15.969506 <<< {isError: false, response: {}, type: _extensionType, method: ext.flutter.driver}
2022-06-07 03:27:15.974502 >>> {command: waitFor, timeout: 1000, finderType: ByType, type: Drawer}
2022-06-07 03:27:17.517544 <<< {isError: true, response: Timeout while executing waitFor: TimeoutException after 0:00:01.000000: Future not completed
, type: _extensionType, method: ext.flutter.driver}
2022-06-07 03:27:17.524545 >>> {command: tap, timeout: 10000, finderType: ByTooltipMessage, text: Open navigation menu}
2022-06-07 03:27:17.579546 <<< {isError: false, response: {}, type: _extensionType, method: ext.flutter.driver}
2022-06-07 03:27:17.585544 >>> {command: waitForCondition, timeout: 10000, conditionName: NoTransientCallbacksCondition}
2022-06-07 03:27:18.316546 <<< {isError: false, response: {}, type: _extensionType, method: ext.flutter.driver}
2022-06-07 03:27:18.324545 >>> {command: scrollIntoView, finderType: ByValueKey, keyValueString: PickUP_menu_button, keyValueType: String, alignment: 0.0}
2022-06-07 03:27:18.797545 <<< {isError: false, response: {}, type: _extensionType, method: ext.flutter.driver}
2022-06-07 03:27:18.802547 >>> {command: tap, timeout: 30000, finderType: ByValueKey, keyValueString: PickUP_menu_button, keyValueType: String}
2022-06-07 03:27:18.862546 <<< {isError: false, response: {}, type: _extensionType, method: ext.flutter.driver}
2022-06-07 03:27:18.876957 >>> {command: waitForCondition, timeout: 30000, conditionName: NoTransientCallbacksCondition}
2022-06-07 03:27:19.361530 <<< {isError: false, response: {}, type: _extensionType, method: ext.flutter.driver}
2022-06-07 03:27:19.371279 >>> {command: scrollIntoView, finderType: ByValueKey, keyValueString: inscricao_ucs_pickup_button, keyValueType: String, alignment: 0.0}
2022-06-07 03:27:19.437308 <<< {isError: false, response: {}, type: _extensionType, method: ext.flutter.driver}
2022-06-07 03:27:19.443318 >>> {command: tap, timeout: 30000, finderType: ByValueKey, keyValueString: inscricao_ucs_pickup_button, keyValueType: String}
2022-06-07 03:27:19.678330 <<< {isError: false, response: {}, type: _extensionType, method: ext.flutter.driver}
2022-06-07 03:27:19.683332 >>> {command: waitForCondition, timeout: 30000, conditionName: NoTransientCallbacksCondition}
2022-06-07 03:27:21.036632 <<< {isError: false, response: {}, type: _extensionType, method: ext.flutter.driver}
2022-06-07 03:27:21.043635 >>> {command: scrollIntoView, finderType: ByValueKey, keyValueString: add_ucs, keyValueType: String, alignment: 0.0}
2022-06-07 03:27:21.093631 <<< {isError: false, response: {}, type: _extensionType, method: ext.flutter.driver}
2022-06-07 03:27:21.098635 >>> {command: tap, timeout: 30000, finderType: ByValueKey, keyValueString: add_ucs, keyValueType: String}
2022-06-07 03:27:21.293632 <<< {isError: false, response: {}, type: _extensionType, method: ext.flutter.driver}
2022-06-07 03:27:21.298634 >>> {command: waitForCondition, timeout: 30000, conditionName: NoTransientCallbacksCondition}
2022-06-07 03:27:21.890782 <<< {isError: false, response: {}, type: _extensionType, method: ext.flutter.driver}
2022-06-07 03:27:21.897782 >>> {command: scrollIntoView, finderType: ByValueKey, keyValueString: adicionar_uc, keyValueType: String, alignment: 0.0}
2022-06-07 03:27:22.092295 <<< {isError: false, response: {}, type: _extensionType, method: ext.flutter.driver}
2022-06-07 03:27:22.097299 >>> {command: tap, timeout: 30000, finderType: ByValueKey, keyValueString: adicionar_uc, keyValueType: String}
2022-06-07 03:27:22.154297 <<< {isError: false, response: {}, type: _extensionType, method: ext.flutter.driver}
2022-06-07 03:27:22.159296 >>> {command: waitForCondition, timeout: 30000, conditionName: NoTransientCallbacksCondition}
2022-06-07 03:27:22.803299 <<< {isError: false, response: {}, type: _extensionType, method: ext.flutter.driver}
2022-06-07 03:33:14.448562 >>> {command: get_health}
2022-06-07 03:33:14.906562 <<< {isError: false, response: {status: ok}, type: _extensionType, method: ext.flutter.driver}
2022-06-07 03:33:14.914563 >>> {command: waitFor, timeout: 1000, finderType: ByValueKey, keyValueString: main-page, keyValueType: String}
2022-06-07 03:33:16.274686 <<< {isError: true, response: Timeout while executing waitFor: TimeoutException after 0:00:01.000000: Future not completed
, type: _extensionType, method: ext.flutter.driver}
2022-06-07 03:33:16.787683 >>> {command: waitFor, timeout: 1000, finderType: ByValueKey, keyValueString: main-page, keyValueType: String}
2022-06-07 03:33:16.955730 <<< {isError: false, response: {}, type: _extensionType, method: ext.flutter.driver}
2022-06-07 03:33:16.960732 >>> {command: scrollIntoView, finderType: ByValueKey, keyValueString: sidemenu, keyValueType: String, alignment: 0.0}
2022-06-07 03:33:16.992733 <<< {isError: false, response: {}, type: _extensionType, method: ext.flutter.driver}
2022-06-07 03:33:16.997734 >>> {command: tap, timeout: 30000, finderType: ByValueKey, keyValueString: sidemenu, keyValueType: String}
2022-06-07 03:33:17.261354 <<< {isError: false, response: {}, type: _extensionType, method: ext.flutter.driver}
2022-06-07 03:33:17.266356 >>> {command: waitForCondition, timeout: 30000, conditionName: NoTransientCallbacksCondition}
2022-06-07 03:33:17.994355 <<< {isError: false, response: {}, type: _extensionType, method: ext.flutter.driver}
2022-06-07 03:33:18.000354 >>> {command: waitFor, timeout: 1000, finderType: ByType, type: Drawer}
2022-06-07 03:33:19.342153 <<< {isError: true, response: Timeout while executing waitFor: TimeoutException after 0:00:01.000000: Future not completed
, type: _extensionType, method: ext.flutter.driver}
2022-06-07 03:33:19.349154 >>> {command: tap, timeout: 10000, finderType: ByTooltipMessage, text: Open navigation menu}
2022-06-07 03:33:19.557156 <<< {isError: false, response: {}, type: _extensionType, method: ext.flutter.driver}
2022-06-07 03:33:19.562154 >>> {command: waitForCondition, timeout: 10000, conditionName: NoTransientCallbacksCondition}
2022-06-07 03:33:20.183068 <<< {isError: false, response: {}, type: _extensionType, method: ext.flutter.driver}
2022-06-07 03:33:20.190067 >>> {command: scrollIntoView, finderType: ByValueKey, keyValueString: PickUP_menu_button, keyValueType: String, alignment: 0.0}
2022-06-07 03:33:20.231224 <<< {isError: false, response: {}, type: _extensionType, method: ext.flutter.driver}
2022-06-07 03:33:20.237216 >>> {command: tap, timeout: 30000, finderType: ByValueKey, keyValueString: PickUP_menu_button, keyValueType: String}
2022-06-07 03:33:20.371221 <<< {isError: false, response: {}, type: _extensionType, method: ext.flutter.driver}
2022-06-07 03:33:20.376219 >>> {command: waitForCondition, timeout: 30000, conditionName: NoTransientCallbacksCondition}
2022-06-07 03:33:21.020121 <<< {isError: false, response: {}, type: _extensionType, method: ext.flutter.driver}
2022-06-07 03:33:21.027120 >>> {command: scrollIntoView, finderType: ByValueKey, keyValueString: inscricao_ucs_pickup_button, keyValueType: String, alignment: 0.0}
2022-06-07 03:33:21.086019 <<< {isError: false, response: {}, type: _extensionType, method: ext.flutter.driver}
2022-06-07 03:33:21.091018 >>> {command: tap, timeout: 30000, finderType: ByValueKey, keyValueString: inscricao_ucs_pickup_button, keyValueType: String}
2022-06-07 03:33:21.175021 <<< {isError: false, response: {}, type: _extensionType, method: ext.flutter.driver}
2022-06-07 03:33:21.181017 >>> {command: waitForCondition, timeout: 30000, conditionName: NoTransientCallbacksCondition}
2022-06-07 03:33:22.321079 <<< {isError: false, response: {}, type: _extensionType, method: ext.flutter.driver}
2022-06-07 03:33:22.327078 >>> {command: scrollIntoView, finderType: ByValueKey, keyValueString: add_ucs, keyValueType: String, alignment: 0.0}
2022-06-07 03:33:22.499080 <<< {isError: false, response: {}, type: _extensionType, method: ext.flutter.driver}
2022-06-07 03:33:22.504078 >>> {command: tap, timeout: 30000, finderType: ByValueKey, keyValueString: add_ucs, keyValueType: String}
2022-06-07 03:33:22.528080 <<< {isError: false, response: {}, type: _extensionType, method: ext.flutter.driver}
2022-06-07 03:33:22.533079 >>> {command: waitForCondition, timeout: 30000, conditionName: NoTransientCallbacksCondition}
2022-06-07 03:33:23.242081 <<< {isError: false, response: {}, type: _extensionType, method: ext.flutter.driver}
2022-06-07 03:33:23.250081 >>> {command: scrollIntoView, finderType: ByValueKey, keyValueString: adicionar_uc, keyValueType: String, alignment: 0.0}
2022-06-07 03:33:23.599088 <<< {isError: false, response: {}, type: _extensionType, method: ext.flutter.driver}
2022-06-07 03:33:23.607078 >>> {command: tap, timeout: 30000, finderType: ByValueKey, keyValueString: adicionar_uc, keyValueType: String}
2022-06-07 03:33:23.652079 <<< {isError: false, response: {}, type: _extensionType, method: ext.flutter.driver}
2022-06-07 03:33:23.657080 >>> {command: waitForCondition, timeout: 30000, conditionName: NoTransientCallbacksCondition}
2022-06-07 03:33:24.043077 <<< {isError: false, response: {}, type: _extensionType, method: ext.flutter.driver}
2022-06-07 03:39:50.428571 >>> {command: get_health}
2022-06-07 03:39:50.994464 <<< {isError: false, response: {status: ok}, type: _extensionType, method: ext.flutter.driver}
2022-06-07 03:39:51.001466 >>> {command: waitFor, timeout: 1000, finderType: ByValueKey, keyValueString: main-page, keyValueType: String}
2022-06-07 03:39:52.684755 <<< {isError: false, response: {}, type: _extensionType, method: ext.flutter.driver}
2022-06-07 03:39:52.690755 >>> {command: scrollIntoView, finderType: ByValueKey, keyValueString: sidemenu, keyValueType: String, alignment: 0.0}
2022-06-07 03:39:52.743788 <<< {isError: false, response: {}, type: _extensionType, method: ext.flutter.driver}
2022-06-07 03:39:52.748787 >>> {command: tap, timeout: 30000, finderType: ByValueKey, keyValueString: sidemenu, keyValueType: String}
2022-06-07 03:39:53.467769 <<< {isError: false, response: {}, type: _extensionType, method: ext.flutter.driver}
2022-06-07 03:39:53.475769 >>> {command: waitForCondition, timeout: 30000, conditionName: NoTransientCallbacksCondition}
2022-06-07 03:39:53.907771 <<< {isError: false, response: {}, type: _extensionType, method: ext.flutter.driver}
2022-06-07 03:39:53.913770 >>> {command: waitFor, timeout: 1000, finderType: ByType, type: Drawer}
2022-06-07 03:39:55.215215 <<< {isError: true, response: Timeout while executing waitFor: TimeoutException after 0:00:01.000000: Future not completed
, type: _extensionType, method: ext.flutter.driver}
2022-06-07 03:39:55.222219 >>> {command: tap, timeout: 10000, finderType: ByTooltipMessage, text: Open navigation menu}
2022-06-07 03:39:55.511003 <<< {isError: false, response: {}, type: _extensionType, method: ext.flutter.driver}
2022-06-07 03:39:55.517006 >>> {command: waitForCondition, timeout: 10000, conditionName: NoTransientCallbacksCondition}
2022-06-07 03:39:56.201662 <<< {isError: false, response: {}, type: _extensionType, method: ext.flutter.driver}
2022-06-07 03:39:56.209662 >>> {command: scrollIntoView, finderType: ByValueKey, keyValueString: PickUP_menu_button, keyValueType: String, alignment: 0.0}
2022-06-07 03:39:56.542661 <<< {isError: false, response: {}, type: _extensionType, method: ext.flutter.driver}
2022-06-07 03:39:56.559662 >>> {command: tap, timeout: 30000, finderType: ByValueKey, keyValueString: PickUP_menu_button, keyValueType: String}
2022-06-07 03:39:56.805662 <<< {isError: false, response: {}, type: _extensionType, method: ext.flutter.driver}
2022-06-07 03:39:56.812661 >>> {command: waitForCondition, timeout: 30000, conditionName: NoTransientCallbacksCondition}
2022-06-07 03:39:57.359660 <<< {isError: false, response: {}, type: _extensionType, method: ext.flutter.driver}
2022-06-07 03:39:57.366664 >>> {command: scrollIntoView, finderType: ByValueKey, keyValueString: alteracao_ucs_pickup_button, keyValueType: String, alignment: 0.0}
2022-06-07 03:39:57.451662 <<< {isError: false, response: {}, type: _extensionType, method: ext.flutter.driver}
2022-06-07 03:39:57.457663 >>> {command: tap, timeout: 30000, finderType: ByValueKey, keyValueString: alteracao_ucs_pickup_button, keyValueType: String}
2022-06-07 03:39:57.536673 <<< {isError: false, response: {}, type: _extensionType, method: ext.flutter.driver}
2022-06-07 03:39:57.541661 >>> {command: waitForCondition, timeout: 30000, conditionName: NoTransientCallbacksCondition}
2022-06-07 03:39:57.920957 <<< {isError: false, response: {}, type: _extensionType, method: ext.flutter.driver}
2022-06-07 03:39:57.927662 >>> {command: waitFor, timeout: 1000, finderType: ByValueKey, keyValueString: uc_cards, keyValueType: String}
2022-06-07 03:39:58.570682 <<< {isError: false, response: {}, type: _extensionType, method: ext.flutter.driver}
