2022-06-05 23:05:01.236912 >>> {command: get_health}
2022-06-05 23:05:01.544911 <<< {isError: false, response: {status: ok}, type: _extensionType, method: ext.flutter.driver}
2022-06-05 23:05:01.554913 >>> {command: waitFor, timeout: 1000, finderType: ByValueKey, keyValueString: main-page, keyValueType: String}
2022-06-05 23:05:04.000027 <<< {isError: true, response: Timeout while executing waitFor: TimeoutException after 0:00:01.000000: Future not completed
, type: _extensionType, method: ext.flutter.driver}
2022-06-05 23:05:04.518901 >>> {command: waitFor, timeout: 1000, finderType: ByValueKey, keyValueString: main-page, keyValueType: String}
2022-06-05 23:05:04.698796 <<< {isError: false, response: {}, type: _extensionType, method: ext.flutter.driver}
2022-06-05 23:05:04.703795 >>> {command: scrollIntoView, finderType: ByValueKey, keyValueString: sidemenu, keyValueType: String, alignment: 0.0}
2022-06-05 23:05:04.760792 <<< {isError: false, response: {}, type: _extensionType, method: ext.flutter.driver}
2022-06-05 23:05:04.765795 >>> {command: tap, timeout: 30000, finderType: ByValueKey, keyValueString: sidemenu, keyValueType: String}
2022-06-05 23:05:05.252784 <<< {isError: false, response: {}, type: _extensionType, method: ext.flutter.driver}
2022-06-05 23:05:05.257783 >>> {command: waitForCondition, timeout: 30000, conditionName: NoTransientCallbacksCondition}
2022-06-05 23:05:05.808721 <<< {isError: false, response: {}, type: _extensionType, method: ext.flutter.driver}
2022-06-05 23:05:05.815724 >>> {command: waitFor, timeout: 1000, finderType: ByType, type: Drawer}
2022-06-05 23:05:07.052722 <<< {isError: true, response: Timeout while executing waitFor: TimeoutException after 0:00:01.000000: Future not completed
, type: _extensionType, method: ext.flutter.driver}
2022-06-05 23:05:07.057723 >>> {command: tap, timeout: 10000, finderType: ByTooltipMessage, text: Open navigation menu}
2022-06-05 23:05:07.267721 <<< {isError: false, response: {}, type: _extensionType, method: ext.flutter.driver}
2022-06-05 23:05:07.272722 >>> {command: waitForCondition, timeout: 10000, conditionName: NoTransientCallbacksCondition}
2022-06-05 23:05:08.029723 <<< {isError: false, response: {}, type: _extensionType, method: ext.flutter.driver}
2022-06-05 23:05:08.035721 >>> {command: scrollIntoView, finderType: ByValueKey, keyValueString: PickUP_menu_button, keyValueType: String, alignment: 0.0}
2022-06-05 23:05:08.094723 <<< {isError: false, response: {}, type: _extensionType, method: ext.flutter.driver}
2022-06-05 23:05:08.099722 >>> {command: tap, timeout: 30000, finderType: ByValueKey, keyValueString: PickUP_menu_button, keyValueType: String}
2022-06-05 23:05:08.319795 <<< {isError: false, response: {}, type: _extensionType, method: ext.flutter.driver}
2022-06-05 23:05:08.324796 >>> {command: waitForCondition, timeout: 30000, conditionName: NoTransientCallbacksCondition}
2022-06-05 23:05:08.769795 <<< {isError: false, response: {}, type: _extensionType, method: ext.flutter.driver}
2022-06-05 23:05:08.776795 >>> {command: scrollIntoView, finderType: ByValueKey, keyValueString: ver_horario_pickup_button, keyValueType: String, alignment: 0.0}
2022-06-05 23:05:09.004795 <<< {isError: false, response: {}, type: _extensionType, method: ext.flutter.driver}
2022-06-05 23:05:09.009793 >>> {command: tap, timeout: 30000, finderType: ByValueKey, keyValueString: ver_horario_pickup_button, keyValueType: String}
2022-06-05 23:05:09.050794 <<< {isError: false, response: {}, type: _extensionType, method: ext.flutter.driver}
2022-06-05 23:05:09.055793 >>> {command: waitForCondition, timeout: 30000, conditionName: NoTransientCallbacksCondition}
2022-06-05 23:05:10.791818 <<< {isError: false, response: {}, type: _extensionType, method: ext.flutter.driver}
2022-06-05 23:05:10.797815 >>> {command: scroll, timeout: 10000, finderType: ByValueKey, keyValueString: schedule_tab, keyValueType: String, dx: 300.0, dy: 0.0, duration: 500000, frequency: 60}
2022-06-05 23:05:20.977156 <<< {isError: true, response: Timeout while executing scroll: TimeoutException after 0:00:10.000000: Future not completed
, type: _extensionType, method: ext.flutter.driver}
2022-06-05 23:08:55.884689 >>> {command: get_health}
2022-06-05 23:08:56.056835 <<< {isError: false, response: {status: ok}, type: _extensionType, method: ext.flutter.driver}
2022-06-05 23:08:56.062831 >>> {command: waitFor, timeout: 1000, finderType: ByValueKey, keyValueString: main-page, keyValueType: String}
2022-06-05 23:08:57.858863 <<< {isError: true, response: Timeout while executing waitFor: TimeoutException after 0:00:01.000000: Future not completed
, type: _extensionType, method: ext.flutter.driver}
2022-06-05 23:08:58.370027 >>> {command: waitFor, timeout: 1000, finderType: ByValueKey, keyValueString: main-page, keyValueType: String}
2022-06-05 23:08:58.506027 <<< {isError: false, response: {}, type: _extensionType, method: ext.flutter.driver}
2022-06-05 23:08:58.511028 >>> {command: scrollIntoView, finderType: ByValueKey, keyValueString: sidemenu, keyValueType: String, alignment: 0.0}
2022-06-05 23:08:58.554015 <<< {isError: false, response: {}, type: _extensionType, method: ext.flutter.driver}
2022-06-05 23:08:58.559014 >>> {command: tap, timeout: 30000, finderType: ByValueKey, keyValueString: sidemenu, keyValueType: String}
2022-06-05 23:08:58.811015 <<< {isError: false, response: {}, type: _extensionType, method: ext.flutter.driver}
2022-06-05 23:08:58.818014 >>> {command: waitForCondition, timeout: 30000, conditionName: NoTransientCallbacksCondition}
2022-06-05 23:08:59.328016 <<< {isError: false, response: {}, type: _extensionType, method: ext.flutter.driver}
2022-06-05 23:08:59.334017 >>> {command: waitFor, timeout: 1000, finderType: ByType, type: Drawer}
2022-06-05 23:09:00.682887 <<< {isError: true, response: Timeout while executing waitFor: TimeoutException after 0:00:01.000000: Future not completed
, type: _extensionType, method: ext.flutter.driver}
2022-06-05 23:09:00.688885 >>> {command: tap, timeout: 10000, finderType: ByTooltipMessage, text: Open navigation menu}
2022-06-05 23:09:00.974884 <<< {isError: false, response: {}, type: _extensionType, method: ext.flutter.driver}
2022-06-05 23:09:00.981886 >>> {command: waitForCondition, timeout: 10000, conditionName: NoTransientCallbacksCondition}
2022-06-05 23:09:01.755902 <<< {isError: false, response: {}, type: _extensionType, method: ext.flutter.driver}
2022-06-05 23:09:01.761900 >>> {command: scrollIntoView, finderType: ByValueKey, keyValueString: PickUP_menu_button, keyValueType: String, alignment: 0.0}
2022-06-05 23:09:01.803916 <<< {isError: false, response: {}, type: _extensionType, method: ext.flutter.driver}
2022-06-05 23:09:01.809918 >>> {command: tap, timeout: 30000, finderType: ByValueKey, keyValueString: PickUP_menu_button, keyValueType: String}
2022-06-05 23:09:01.978551 <<< {isError: false, response: {}, type: _extensionType, method: ext.flutter.driver}
2022-06-05 23:09:01.983550 >>> {command: waitForCondition, timeout: 30000, conditionName: NoTransientCallbacksCondition}
2022-06-05 23:09:03.252564 <<< {isError: false, response: {}, type: _extensionType, method: ext.flutter.driver}
2022-06-05 23:09:03.258563 >>> {command: scrollIntoView, finderType: ByValueKey, keyValueString: ver_horario_turma_pickup_button, keyValueType: String, alignment: 0.0}
2022-06-05 23:09:03.402704 <<< {isError: false, response: {}, type: _extensionType, method: ext.flutter.driver}
2022-06-05 23:09:03.407706 >>> {command: tap, timeout: 30000, finderType: ByValueKey, keyValueString: ver_horario_turma_pickup_button, keyValueType: String}
2022-06-05 23:09:03.528703 <<< {isError: false, response: {}, type: _extensionType, method: ext.flutter.driver}
2022-06-05 23:09:03.534703 >>> {command: waitForCondition, timeout: 30000, conditionName: NoTransientCallbacksCondition}
2022-06-05 23:09:04.408732 <<< {isError: false, response: {}, type: _extensionType, method: ext.flutter.driver}
2022-06-05 23:09:04.415733 >>> {command: scrollIntoView, finderType: ByValueKey, keyValueString: esof_schedule_pickup_text, keyValueType: String, alignment: 0.0}
2022-06-05 23:09:04.856733 <<< {isError: false, response: {}, type: _extensionType, method: ext.flutter.driver}
2022-06-05 23:09:04.862735 >>> {command: tap, timeout: 30000, finderType: ByValueKey, keyValueString: esof_schedule_pickup_text, keyValueType: String}
2022-06-05 23:09:04.888734 <<< {isError: false, response: {}, type: _extensionType, method: ext.flutter.driver}
2022-06-05 23:09:04.893738 >>> {command: waitForCondition, timeout: 30000, conditionName: NoTransientCallbacksCondition}
2022-06-05 23:09:05.949360 <<< {isError: false, response: {}, type: _extensionType, method: ext.flutter.driver}
2022-06-05 23:09:05.954884 >>> {command: waitFor, timeout: 1000, finderType: ByValueKey, keyValueString: horario_page_pickup, keyValueType: String}
2022-06-05 23:09:05.977878 <<< {isError: false, response: {}, type: _extensionType, method: ext.flutter.driver}
2022-06-05 23:12:34.919777 >>> {command: get_health}
2022-06-05 23:12:35.006781 <<< {isError: false, response: {status: ok}, type: _extensionType, method: ext.flutter.driver}
2022-06-05 23:12:35.011776 >>> {command: waitFor, timeout: 1000, finderType: ByValueKey, keyValueString: main-page, keyValueType: String}
2022-06-05 23:12:36.573140 <<< {isError: false, response: {}, type: _extensionType, method: ext.flutter.driver}
2022-06-05 23:12:36.579663 >>> {command: scrollIntoView, finderType: ByValueKey, keyValueString: sidemenu, keyValueType: String, alignment: 0.0}
2022-06-05 23:12:36.647706 <<< {isError: false, response: {}, type: _extensionType, method: ext.flutter.driver}
2022-06-05 23:12:36.652708 >>> {command: tap, timeout: 30000, finderType: ByValueKey, keyValueString: sidemenu, keyValueType: String}
2022-06-05 23:12:37.454757 <<< {isError: false, response: {}, type: _extensionType, method: ext.flutter.driver}
2022-06-05 23:12:37.459755 >>> {command: waitForCondition, timeout: 30000, conditionName: NoTransientCallbacksCondition}
2022-06-05 23:12:38.377092 <<< {isError: false, response: {}, type: _extensionType, method: ext.flutter.driver}
2022-06-05 23:12:38.385303 >>> {command: waitFor, timeout: 1000, finderType: ByType, type: Drawer}
2022-06-05 23:12:39.515082 <<< {isError: true, response: Timeout while executing waitFor: TimeoutException after 0:00:01.000000: Future not completed
, type: _extensionType, method: ext.flutter.driver}
2022-06-05 23:12:39.520083 >>> {command: tap, timeout: 10000, finderType: ByTooltipMessage, text: Open navigation menu}
2022-06-05 23:12:39.594452 <<< {isError: false, response: {}, type: _extensionType, method: ext.flutter.driver}
2022-06-05 23:12:39.599971 >>> {command: waitForCondition, timeout: 10000, conditionName: NoTransientCallbacksCondition}
2022-06-05 23:12:40.284073 <<< {isError: false, response: {}, type: _extensionType, method: ext.flutter.driver}
2022-06-05 23:12:40.291088 >>> {command: scrollIntoView, finderType: ByValueKey, keyValueString: PickUP_menu_button, keyValueType: String, alignment: 0.0}
2022-06-05 23:12:40.419130 <<< {isError: false, response: {}, type: _extensionType, method: ext.flutter.driver}
2022-06-05 23:12:40.425131 >>> {command: tap, timeout: 30000, finderType: ByValueKey, keyValueString: PickUP_menu_button, keyValueType: String}
2022-06-05 23:12:40.863937 <<< {isError: false, response: {}, type: _extensionType, method: ext.flutter.driver}
2022-06-05 23:12:40.870937 >>> {command: waitForCondition, timeout: 30000, conditionName: NoTransientCallbacksCondition}
2022-06-05 23:12:41.563796 <<< {isError: false, response: {}, type: _extensionType, method: ext.flutter.driver}
2022-06-05 23:12:41.569793 >>> {command: scrollIntoView, finderType: ByValueKey, keyValueString: ver_horario_pickup_button, keyValueType: String, alignment: 0.0}
2022-06-05 23:12:41.627342 <<< {isError: false, response: {}, type: _extensionType, method: ext.flutter.driver}
2022-06-05 23:12:41.633351 >>> {command: tap, timeout: 30000, finderType: ByValueKey, keyValueString: ver_horario_pickup_button, keyValueType: String}
2022-06-05 23:12:41.664869 <<< {isError: false, response: {}, type: _extensionType, method: ext.flutter.driver}
2022-06-05 23:12:41.669871 >>> {command: waitForCondition, timeout: 30000, conditionName: NoTransientCallbacksCondition}
2022-06-05 23:12:42.372125 <<< {isError: false, response: {}, type: _extensionType, method: ext.flutter.driver}
2022-06-05 23:12:42.379123 >>> {command: scroll, timeout: 10000, finderType: ByValueKey, keyValueString: schedule_tab, keyValueType: String, dx: -300.0, dy: 0.0, duration: 500000, frequency: 60}
2022-06-05 23:12:52.643926 <<< {isError: true, response: Timeout while executing scroll: TimeoutException after 0:00:10.000000: Future not completed
, type: _extensionType, method: ext.flutter.driver}
2022-06-05 23:20:17.477925 >>> {command: get_health}
2022-06-05 23:20:17.590921 <<< {isError: false, response: {status: ok}, type: _extensionType, method: ext.flutter.driver}
2022-06-05 23:20:17.595923 >>> {command: waitFor, timeout: 1000, finderType: ByValueKey, keyValueString: main-page, keyValueType: String}
2022-06-05 23:20:19.698021 <<< {isError: true, response: Timeout while executing waitFor: TimeoutException after 0:00:01.000000: Future not completed
, type: _extensionType, method: ext.flutter.driver}
2022-06-05 23:20:20.201465 >>> {command: waitFor, timeout: 1000, finderType: ByValueKey, keyValueString: main-page, keyValueType: String}
2022-06-05 23:20:20.254904 <<< {isError: false, response: {}, type: _extensionType, method: ext.flutter.driver}
2022-06-05 23:20:20.259905 >>> {command: scrollIntoView, finderType: ByValueKey, keyValueString: sidemenu, keyValueType: String, alignment: 0.0}
2022-06-05 23:20:20.455230 <<< {isError: false, response: {}, type: _extensionType, method: ext.flutter.driver}
2022-06-05 23:20:20.460228 >>> {command: tap, timeout: 30000, finderType: ByValueKey, keyValueString: sidemenu, keyValueType: String}
2022-06-05 23:20:20.764961 <<< {isError: false, response: {}, type: _extensionType, method: ext.flutter.driver}
2022-06-05 23:20:20.769965 >>> {command: waitForCondition, timeout: 30000, conditionName: NoTransientCallbacksCondition}
2022-06-05 23:20:21.341656 <<< {isError: false, response: {}, type: _extensionType, method: ext.flutter.driver}
2022-06-05 23:20:21.346965 >>> {command: waitFor, timeout: 1000, finderType: ByType, type: Drawer}
2022-06-05 23:20:22.519602 <<< {isError: true, response: Timeout while executing waitFor: TimeoutException after 0:00:01.000000: Future not completed
, type: _extensionType, method: ext.flutter.driver}
2022-06-05 23:20:22.526605 >>> {command: tap, timeout: 10000, finderType: ByTooltipMessage, text: Open navigation menu}
2022-06-05 23:20:22.699463 <<< {isError: false, response: {}, type: _extensionType, method: ext.flutter.driver}
2022-06-05 23:20:22.704465 >>> {command: waitForCondition, timeout: 10000, conditionName: NoTransientCallbacksCondition}
2022-06-05 23:20:23.541310 <<< {isError: false, response: {}, type: _extensionType, method: ext.flutter.driver}
2022-06-05 23:20:23.546311 >>> {command: scrollIntoView, finderType: ByValueKey, keyValueString: PickUP_menu_button, keyValueType: String, alignment: 0.0}
2022-06-05 23:20:23.587309 <<< {isError: false, response: {}, type: _extensionType, method: ext.flutter.driver}
2022-06-05 23:20:23.592308 >>> {command: tap, timeout: 30000, finderType: ByValueKey, keyValueString: PickUP_menu_button, keyValueType: String}
2022-06-05 23:20:23.955141 <<< {isError: false, response: {}, type: _extensionType, method: ext.flutter.driver}
2022-06-05 23:20:23.961137 >>> {command: waitForCondition, timeout: 30000, conditionName: NoTransientCallbacksCondition}
2022-06-05 23:20:24.482340 <<< {isError: false, response: {}, type: _extensionType, method: ext.flutter.driver}
2022-06-05 23:20:24.489339 >>> {command: scrollIntoView, finderType: ByValueKey, keyValueString: ver_horario_pickup_button, keyValueType: String, alignment: 0.0}
2022-06-05 23:20:24.574352 <<< {isError: false, response: {}, type: _extensionType, method: ext.flutter.driver}
2022-06-05 23:20:24.578661 >>> {command: tap, timeout: 30000, finderType: ByValueKey, keyValueString: ver_horario_pickup_button, keyValueType: String}
2022-06-05 23:20:24.634689 <<< {isError: false, response: {}, type: _extensionType, method: ext.flutter.driver}
2022-06-05 23:20:24.639682 >>> {command: waitForCondition, timeout: 30000, conditionName: NoTransientCallbacksCondition}
2022-06-05 23:20:26.294247 <<< {isError: false, response: {}, type: _extensionType, method: ext.flutter.driver}
2022-06-05 23:20:26.300250 >>> {command: scroll, timeout: 10000, finderType: ByValueKey, keyValueString: horario_page_pickup_schedule, keyValueType: String, dx: -300.0, dy: 0.0, duration: 500000, frequency: 60}
2022-06-05 23:20:27.762827 <<< {isError: false, response: {}, type: _extensionType, method: ext.flutter.driver}
2022-06-05 23:20:27.768618 >>> {command: waitFor, timeout: 1000, finderType: ByValueKey, keyValueString: horario_page_pickup, keyValueType: String}
2022-06-05 23:20:27.781208 <<< {isError: false, response: {}, type: _extensionType, method: ext.flutter.driver}
2022-06-07 00:50:44.981251 >>> {command: get_health}
2022-06-07 00:50:45.090247 <<< {isError: false, response: {status: ok}, type: _extensionType, method: ext.flutter.driver}
2022-06-07 00:50:45.095245 >>> {command: waitFor, timeout: 1000, finderType: ByValueKey, keyValueString: main-page, keyValueType: String}
2022-06-07 00:50:46.301217 <<< {isError: false, response: {}, type: _extensionType, method: ext.flutter.driver}
2022-06-07 00:50:46.307216 >>> {command: scrollIntoView, finderType: ByValueKey, keyValueString: sidemenu, keyValueType: String, alignment: 0.0}
2022-06-07 00:50:46.876219 <<< {isError: false, response: {}, type: _extensionType, method: ext.flutter.driver}
2022-06-07 00:50:46.880217 >>> {command: tap, timeout: 30000, finderType: ByValueKey, keyValueString: sidemenu, keyValueType: String}
2022-06-07 00:50:47.052217 <<< {isError: false, response: {}, type: _extensionType, method: ext.flutter.driver}
2022-06-07 00:50:47.056214 >>> {command: waitForCondition, timeout: 30000, conditionName: NoTransientCallbacksCondition}
2022-06-07 00:50:47.632215 <<< {isError: false, response: {}, type: _extensionType, method: ext.flutter.driver}
2022-06-07 00:50:47.638214 >>> {command: waitFor, timeout: 1000, finderType: ByType, type: Drawer}
2022-06-07 00:50:49.049253 <<< {isError: true, response: Timeout while executing waitFor: TimeoutException after 0:00:01.000000: Future not completed
, type: _extensionType, method: ext.flutter.driver}
2022-06-07 00:50:49.053251 >>> {command: tap, timeout: 10000, finderType: ByTooltipMessage, text: Open navigation menu}
2022-06-07 00:50:49.414802 <<< {isError: false, response: {}, type: _extensionType, method: ext.flutter.driver}
2022-06-07 00:50:49.421884 >>> {command: waitForCondition, timeout: 10000, conditionName: NoTransientCallbacksCondition}
2022-06-07 00:50:50.378885 <<< {isError: false, response: {}, type: _extensionType, method: ext.flutter.driver}
2022-06-07 00:50:50.385500 >>> {command: scrollIntoView, finderType: ByValueKey, keyValueString: PickUP_menu_button, keyValueType: String, alignment: 0.0}
2022-06-07 00:50:50.412052 <<< {isError: false, response: {}, type: _extensionType, method: ext.flutter.driver}
2022-06-07 00:50:50.417052 >>> {command: tap, timeout: 30000, finderType: ByValueKey, keyValueString: PickUP_menu_button, keyValueType: String}
2022-06-07 00:50:50.517052 <<< {isError: false, response: {}, type: _extensionType, method: ext.flutter.driver}
2022-06-07 00:50:50.522053 >>> {command: waitForCondition, timeout: 30000, conditionName: NoTransientCallbacksCondition}
2022-06-07 00:50:51.473267 <<< {isError: false, response: {}, type: _extensionType, method: ext.flutter.driver}
2022-06-07 00:50:51.478264 >>> {command: scrollIntoView, finderType: ByValueKey, keyValueString: inscricao_turmas_pickup_button, keyValueType: String, alignment: 0.0}
2022-06-07 00:55:22.887962 >>> {command: get_health}
2022-06-07 00:55:22.930963 <<< {isError: false, response: {status: ok}, type: _extensionType, method: ext.flutter.driver}
2022-06-07 00:55:22.935963 >>> {command: waitFor, timeout: 1000, finderType: ByValueKey, keyValueString: main-page, keyValueType: String}
2022-06-07 00:55:25.596100 <<< {isError: false, response: {}, type: _extensionType, method: ext.flutter.driver}
2022-06-07 00:55:25.603101 >>> {command: scrollIntoView, finderType: ByValueKey, keyValueString: sidemenu, keyValueType: String, alignment: 0.0}
2022-06-07 00:55:25.722316 <<< {isError: false, response: {}, type: _extensionType, method: ext.flutter.driver}
2022-06-07 00:55:25.728315 >>> {command: tap, timeout: 30000, finderType: ByValueKey, keyValueString: sidemenu, keyValueType: String}
2022-06-07 00:55:26.158315 <<< {isError: false, response: {}, type: _extensionType, method: ext.flutter.driver}
2022-06-07 00:55:26.165317 >>> {command: waitForCondition, timeout: 30000, conditionName: NoTransientCallbacksCondition}
2022-06-07 00:55:26.584316 <<< {isError: false, response: {}, type: _extensionType, method: ext.flutter.driver}
2022-06-07 00:55:26.590315 >>> {command: waitFor, timeout: 1000, finderType: ByType, type: Drawer}
2022-06-07 00:55:28.056949 <<< {isError: true, response: Timeout while executing waitFor: TimeoutException after 0:00:01.000000: Future not completed
, type: _extensionType, method: ext.flutter.driver}
2022-06-07 00:55:28.062951 >>> {command: tap, timeout: 10000, finderType: ByTooltipMessage, text: Open navigation menu}
2022-06-07 00:55:28.306950 <<< {isError: false, response: {}, type: _extensionType, method: ext.flutter.driver}
2022-06-07 00:55:28.313950 >>> {command: waitForCondition, timeout: 10000, conditionName: NoTransientCallbacksCondition}
2022-06-07 00:55:29.042951 <<< {isError: false, response: {}, type: _extensionType, method: ext.flutter.driver}
2022-06-07 00:55:29.048603 >>> {command: scrollIntoView, finderType: ByValueKey, keyValueString: PickUP_menu_button, keyValueType: String, alignment: 0.0}
2022-06-07 00:55:29.406109 <<< {isError: false, response: {}, type: _extensionType, method: ext.flutter.driver}
2022-06-07 00:55:29.411105 >>> {command: tap, timeout: 30000, finderType: ByValueKey, keyValueString: PickUP_menu_button, keyValueType: String}
2022-06-07 00:55:29.546108 <<< {isError: false, response: {}, type: _extensionType, method: ext.flutter.driver}
2022-06-07 00:55:29.551110 >>> {command: waitForCondition, timeout: 30000, conditionName: NoTransientCallbacksCondition}
2022-06-07 00:55:30.362114 <<< {isError: false, response: {}, type: _extensionType, method: ext.flutter.driver}
2022-06-07 00:55:30.369107 >>> {command: scrollIntoView, finderType: ByValueKey, keyValueString: inscricao_ucs_pickup_button, keyValueType: String, alignment: 0.0}
2022-06-07 00:55:30.403108 <<< {isError: false, response: {}, type: _extensionType, method: ext.flutter.driver}
2022-06-07 00:55:30.409109 >>> {command: tap, timeout: 30000, finderType: ByValueKey, keyValueString: inscricao_ucs_pickup_button, keyValueType: String}
2022-06-07 00:55:30.476108 <<< {isError: false, response: {}, type: _extensionType, method: ext.flutter.driver}
2022-06-07 00:55:30.481107 >>> {command: waitForCondition, timeout: 30000, conditionName: NoTransientCallbacksCondition}
2022-06-07 00:55:31.961327 <<< {isError: false, response: {}, type: _extensionType, method: ext.flutter.driver}
2022-06-07 00:59:28.914550 >>> {command: get_health}
2022-06-07 00:59:29.780159 <<< {isError: false, response: {status: ok}, type: _extensionType, method: ext.flutter.driver}
2022-06-07 00:59:29.785161 >>> {command: waitFor, timeout: 1000, finderType: ByValueKey, keyValueString: main-page, keyValueType: String}
2022-06-07 00:59:30.029236 <<< {isError: false, response: {}, type: _extensionType, method: ext.flutter.driver}
2022-06-07 00:59:30.034240 >>> {command: scrollIntoView, finderType: ByValueKey, keyValueString: sidemenu, keyValueType: String, alignment: 0.0}
2022-06-07 00:59:30.093269 <<< {isError: false, response: {}, type: _extensionType, method: ext.flutter.driver}
2022-06-07 00:59:30.097794 >>> {command: tap, timeout: 30000, finderType: ByValueKey, keyValueString: sidemenu, keyValueType: String}
2022-06-07 00:59:30.655158 <<< {isError: false, response: {}, type: _extensionType, method: ext.flutter.driver}
2022-06-07 00:59:30.660782 >>> {command: waitForCondition, timeout: 30000, conditionName: NoTransientCallbacksCondition}
2022-06-07 00:59:31.444415 <<< {isError: false, response: {}, type: _extensionType, method: ext.flutter.driver}
2022-06-07 00:59:31.449425 >>> {command: waitFor, timeout: 1000, finderType: ByType, type: Drawer}
2022-06-07 00:59:32.570141 <<< {isError: true, response: Timeout while executing waitFor: TimeoutException after 0:00:01.000000: Future not completed
, type: _extensionType, method: ext.flutter.driver}
2022-06-07 00:59:32.575139 >>> {command: tap, timeout: 10000, finderType: ByTooltipMessage, text: Open navigation menu}
2022-06-07 00:59:32.737314 <<< {isError: false, response: {}, type: _extensionType, method: ext.flutter.driver}
2022-06-07 00:59:32.742316 >>> {command: waitForCondition, timeout: 10000, conditionName: NoTransientCallbacksCondition}
2022-06-07 00:59:33.593305 <<< {isError: false, response: {}, type: _extensionType, method: ext.flutter.driver}
2022-06-07 00:59:33.598305 >>> {command: scrollIntoView, finderType: ByValueKey, keyValueString: PickUP_menu_button, keyValueType: String, alignment: 0.0}
2022-06-07 00:59:33.652992 <<< {isError: false, response: {}, type: _extensionType, method: ext.flutter.driver}
2022-06-07 00:59:33.656990 >>> {command: tap, timeout: 30000, finderType: ByValueKey, keyValueString: PickUP_menu_button, keyValueType: String}
2022-06-07 00:59:33.950492 <<< {isError: false, response: {}, type: _extensionType, method: ext.flutter.driver}
2022-06-07 00:59:33.957494 >>> {command: waitForCondition, timeout: 30000, conditionName: NoTransientCallbacksCondition}
2022-06-07 00:59:34.750121 <<< {isError: false, response: {}, type: _extensionType, method: ext.flutter.driver}
2022-06-07 00:59:34.756122 >>> {command: scrollIntoView, finderType: ByValueKey, keyValueString: inscricao_ucs_pickup_button, keyValueType: String, alignment: 0.0}
2022-06-07 00:59:34.794121 <<< {isError: false, response: {}, type: _extensionType, method: ext.flutter.driver}
2022-06-07 00:59:34.799120 >>> {command: tap, timeout: 30000, finderType: ByValueKey, keyValueString: inscricao_ucs_pickup_button, keyValueType: String}
2022-06-07 00:59:34.868572 <<< {isError: false, response: {}, type: _extensionType, method: ext.flutter.driver}
2022-06-07 00:59:34.872574 >>> {command: waitForCondition, timeout: 30000, conditionName: NoTransientCallbacksCondition}
2022-06-07 00:59:35.595026 <<< {isError: false, response: {}, type: _extensionType, method: ext.flutter.driver}
2022-06-07 00:59:35.599024 >>> {command: scrollIntoView, finderType: ByValueKey, keyValueString: add_ucs, keyValueType: String, alignment: 0.0}
2022-06-07 00:59:35.615025 <<< {isError: false, response: {}, type: _extensionType, method: ext.flutter.driver}
2022-06-07 00:59:35.620023 >>> {command: tap, timeout: 30000, finderType: ByValueKey, keyValueString: add_ucs, keyValueType: String}
2022-06-07 00:59:35.690805 <<< {isError: false, response: {}, type: _extensionType, method: ext.flutter.driver}
2022-06-07 00:59:35.694806 >>> {command: waitForCondition, timeout: 30000, conditionName: NoTransientCallbacksCondition}
2022-06-07 00:59:37.260493 <<< {isError: false, response: {}, type: _extensionType, method: ext.flutter.driver}
2022-06-07 00:59:37.266492 >>> {command: scrollIntoView, finderType: ByValueKey, keyValueString: adicionar_uc, keyValueType: String, alignment: 0.0}
2022-06-07 00:59:37.624365 <<< {isError: false, response: {}, type: _extensionType, method: ext.flutter.driver}
2022-06-07 00:59:37.631968 >>> {command: tap, timeout: 30000, finderType: ByValueKey, keyValueString: adicionar_uc, keyValueType: String}
2022-06-07 00:59:37.703543 <<< {isError: false, response: {}, type: _extensionType, method: ext.flutter.driver}
2022-06-07 00:59:37.707544 >>> {command: waitForCondition, timeout: 30000, conditionName: NoTransientCallbacksCondition}
2022-06-07 00:59:38.107488 <<< {isError: false, response: {}, type: _extensionType, method: ext.flutter.driver}
2022-06-07 01:03:48.214647 >>> {command: get_health}
2022-06-07 01:03:48.715005 <<< {isError: false, response: {status: ok}, type: _extensionType, method: ext.flutter.driver}
2022-06-07 01:03:48.722024 >>> {command: waitFor, timeout: 1000, finderType: ByValueKey, keyValueString: main-page, keyValueType: String}
2022-06-07 01:03:50.151982 <<< {isError: true, response: Timeout while executing waitFor: TimeoutException after 0:00:01.000000: Future not completed
, type: _extensionType, method: ext.flutter.driver}
2022-06-07 01:47:37.290009 >>> {command: get_health}
2022-06-07 01:47:37.755859 <<< {isError: false, response: {status: ok}, type: _extensionType, method: ext.flutter.driver}
2022-06-07 01:47:37.762859 >>> {command: waitFor, timeout: 1000, finderType: ByValueKey, keyValueString: main-page, keyValueType: String}
2022-06-07 01:47:38.942831 <<< {isError: true, response: Timeout while executing waitFor: TimeoutException after 0:00:01.000000: Future not completed
, type: _extensionType, method: ext.flutter.driver}
2022-06-07 01:47:39.451830 >>> {command: waitFor, timeout: 1000, finderType: ByValueKey, keyValueString: main-page, keyValueType: String}
2022-06-07 01:47:39.558831 <<< {isError: false, response: {}, type: _extensionType, method: ext.flutter.driver}
2022-06-07 01:47:39.564831 >>> {command: scrollIntoView, finderType: ByValueKey, keyValueString: sidemenu, keyValueType: String, alignment: 0.0}
2022-06-07 01:47:39.606830 <<< {isError: false, response: {}, type: _extensionType, method: ext.flutter.driver}
2022-06-07 01:47:39.611831 >>> {command: tap, timeout: 30000, finderType: ByValueKey, keyValueString: sidemenu, keyValueType: String}
2022-06-07 01:47:39.749830 <<< {isError: false, response: {}, type: _extensionType, method: ext.flutter.driver}
2022-06-07 01:47:39.754829 >>> {command: waitForCondition, timeout: 30000, conditionName: NoTransientCallbacksCondition}
2022-06-07 01:47:40.224831 <<< {isError: false, response: {}, type: _extensionType, method: ext.flutter.driver}
2022-06-07 01:47:40.230925 >>> {command: waitFor, timeout: 1000, finderType: ByType, type: Drawer}
2022-06-07 01:47:41.376757 <<< {isError: true, response: Timeout while executing waitFor: TimeoutException after 0:00:01.000000: Future not completed
, type: _extensionType, method: ext.flutter.driver}
2022-06-07 01:47:41.381756 >>> {command: tap, timeout: 10000, finderType: ByTooltipMessage, text: Open navigation menu}
2022-06-07 01:47:41.817881 <<< {isError: false, response: {}, type: _extensionType, method: ext.flutter.driver}
2022-06-07 01:47:41.823882 >>> {command: waitForCondition, timeout: 10000, conditionName: NoTransientCallbacksCondition}
2022-06-07 01:47:42.269883 <<< {isError: false, response: {}, type: _extensionType, method: ext.flutter.driver}
2022-06-07 01:47:42.276405 >>> {command: scrollIntoView, finderType: ByValueKey, keyValueString: PickUP_menu_button, keyValueType: String, alignment: 0.0}
2022-06-07 01:47:42.574924 <<< {isError: false, response: {}, type: _extensionType, method: ext.flutter.driver}
2022-06-07 01:47:42.580925 >>> {command: tap, timeout: 30000, finderType: ByValueKey, keyValueString: PickUP_menu_button, keyValueType: String}
2022-06-07 01:47:42.914922 <<< {isError: false, response: {}, type: _extensionType, method: ext.flutter.driver}
2022-06-07 01:47:42.920922 >>> {command: waitForCondition, timeout: 30000, conditionName: NoTransientCallbacksCondition}
2022-06-07 01:47:43.758925 <<< {isError: false, response: {}, type: _extensionType, method: ext.flutter.driver}
2022-06-07 01:47:43.766442 >>> {command: scrollIntoView, finderType: ByValueKey, keyValueString: ver_horario_turma_pickup_button, keyValueType: String, alignment: 0.0}
2022-06-07 01:47:44.190958 <<< {isError: false, response: {}, type: _extensionType, method: ext.flutter.driver}
2022-06-07 01:47:44.196961 >>> {command: tap, timeout: 30000, finderType: ByValueKey, keyValueString: ver_horario_turma_pickup_button, keyValueType: String}
2022-06-07 01:47:44.230958 <<< {isError: false, response: {}, type: _extensionType, method: ext.flutter.driver}
2022-06-07 01:47:44.235960 >>> {command: waitForCondition, timeout: 30000, conditionName: NoTransientCallbacksCondition}
2022-06-07 01:47:44.803183 <<< {isError: false, response: {}, type: _extensionType, method: ext.flutter.driver}
2022-06-07 01:47:44.809182 >>> {command: scrollIntoView, finderType: ByValueKey, keyValueString: esof_schedule_pickup_text, keyValueType: String, alignment: 0.0}
2022-06-07 01:47:45.860636 <<< {isError: false, response: {}, type: _extensionType, method: ext.flutter.driver}
2022-06-07 01:47:45.866637 >>> {command: tap, timeout: 30000, finderType: ByValueKey, keyValueString: esof_schedule_pickup_text, keyValueType: String}
2022-06-07 01:47:46.008633 <<< {isError: false, response: {}, type: _extensionType, method: ext.flutter.driver}
2022-06-07 01:47:46.013636 >>> {command: waitForCondition, timeout: 30000, conditionName: NoTransientCallbacksCondition}
2022-06-07 01:47:47.089551 <<< {isError: false, response: {}, type: _extensionType, method: ext.flutter.driver}
2022-06-07 01:47:47.095597 >>> {command: waitFor, timeout: 1000, finderType: ByValueKey, keyValueString: horario_uc_page_pickup, keyValueType: String}
2022-06-07 01:47:47.118597 <<< {isError: false, response: {}, type: _extensionType, method: ext.flutter.driver}
2022-06-07 03:26:22.155668 >>> {command: get_health}
2022-06-07 03:26:22.373672 <<< {isError: false, response: {status: ok}, type: _extensionType, method: ext.flutter.driver}
2022-06-07 03:26:22.379669 >>> {command: waitFor, timeout: 1000, finderType: ByValueKey, keyValueString: main-page, keyValueType: String}
2022-06-07 03:26:24.087669 <<< {isError: false, response: {}, type: _extensionType, method: ext.flutter.driver}
2022-06-07 03:26:24.092669 >>> {command: scrollIntoView, finderType: ByValueKey, keyValueString: sidemenu, keyValueType: String, alignment: 0.0}
2022-06-07 03:26:24.150669 <<< {isError: false, response: {}, type: _extensionType, method: ext.flutter.driver}
2022-06-07 03:26:24.155672 >>> {command: tap, timeout: 30000, finderType: ByValueKey, keyValueString: sidemenu, keyValueType: String}
2022-06-07 03:26:24.776672 <<< {isError: false, response: {}, type: _extensionType, method: ext.flutter.driver}
2022-06-07 03:26:24.783671 >>> {command: waitForCondition, timeout: 30000, conditionName: NoTransientCallbacksCondition}
2022-06-07 03:26:25.481810 <<< {isError: false, response: {}, type: _extensionType, method: ext.flutter.driver}
2022-06-07 03:26:25.488810 >>> {command: waitFor, timeout: 1000, finderType: ByType, type: Drawer}
2022-06-07 03:26:26.668958 <<< {isError: true, response: Timeout while executing waitFor: TimeoutException after 0:00:01.000000: Future not completed
, type: _extensionType, method: ext.flutter.driver}
2022-06-07 03:26:26.673962 >>> {command: tap, timeout: 10000, finderType: ByTooltipMessage, text: Open navigation menu}
2022-06-07 03:26:26.749962 <<< {isError: false, response: {}, type: _extensionType, method: ext.flutter.driver}
2022-06-07 03:26:26.754960 >>> {command: waitForCondition, timeout: 10000, conditionName: NoTransientCallbacksCondition}
2022-06-07 03:26:27.379961 <<< {isError: false, response: {}, type: _extensionType, method: ext.flutter.driver}
2022-06-07 03:26:27.386962 >>> {command: scrollIntoView, finderType: ByValueKey, keyValueString: PickUP_menu_button, keyValueType: String, alignment: 0.0}
2022-06-07 03:26:27.424960 <<< {isError: false, response: {}, type: _extensionType, method: ext.flutter.driver}
2022-06-07 03:26:27.429959 >>> {command: tap, timeout: 30000, finderType: ByValueKey, keyValueString: PickUP_menu_button, keyValueType: String}
2022-06-07 03:26:27.814960 <<< {isError: false, response: {}, type: _extensionType, method: ext.flutter.driver}
2022-06-07 03:26:27.820960 >>> {command: waitForCondition, timeout: 30000, conditionName: NoTransientCallbacksCondition}
2022-06-07 03:26:28.395960 <<< {isError: false, response: {}, type: _extensionType, method: ext.flutter.driver}
2022-06-07 03:26:28.401962 >>> {command: scrollIntoView, finderType: ByValueKey, keyValueString: inscricao_turmas_pickup_button, keyValueType: String, alignment: 0.0}
2022-06-07 03:26:28.462958 <<< {isError: false, response: {}, type: _extensionType, method: ext.flutter.driver}
2022-06-07 03:26:28.467961 >>> {command: tap, timeout: 30000, finderType: ByValueKey, keyValueString: inscricao_turmas_pickup_button, keyValueType: String}
2022-06-07 03:26:28.497964 <<< {isError: false, response: {}, type: _extensionType, method: ext.flutter.driver}
2022-06-07 03:26:28.502960 >>> {command: waitForCondition, timeout: 30000, conditionName: NoTransientCallbacksCondition}
2022-06-07 03:26:29.007958 <<< {isError: false, response: {}, type: _extensionType, method: ext.flutter.driver}
2022-06-07 03:26:29.015963 >>> {command: scrollIntoView, finderType: ByValueKey, keyValueString: escolher_turma_1st_uc, keyValueType: String, alignment: 0.0}
2022-06-07 03:26:29.045960 <<< {isError: false, response: {}, type: _extensionType, method: ext.flutter.driver}
2022-06-07 03:26:29.050961 >>> {command: tap, timeout: 30000, finderType: ByValueKey, keyValueString: escolher_turma_1st_uc, keyValueType: String}
2022-06-07 03:26:29.423963 <<< {isError: false, response: {}, type: _extensionType, method: ext.flutter.driver}
2022-06-07 03:26:29.429960 >>> {command: waitForCondition, timeout: 30000, conditionName: NoTransientCallbacksCondition}
2022-06-07 03:26:30.115962 <<< {isError: false, response: {}, type: _extensionType, method: ext.flutter.driver}
2022-06-07 03:26:30.121962 >>> {command: scrollIntoView, finderType: ByValueKey, keyValueString: 2LEIC02, keyValueType: String, alignment: 0.0}
2022-06-07 03:26:30.295962 <<< {isError: false, response: {}, type: _extensionType, method: ext.flutter.driver}
2022-06-07 03:26:30.300960 >>> {command: tap, timeout: 30000, finderType: ByValueKey, keyValueString: 2LEIC02, keyValueType: String}
2022-06-07 03:26:30.344962 <<< {isError: false, response: {}, type: _extensionType, method: ext.flutter.driver}
2022-06-07 03:26:30.349965 >>> {command: waitForCondition, timeout: 30000, conditionName: NoTransientCallbacksCondition}
2022-06-07 03:26:30.370960 <<< {isError: false, response: {}, type: _extensionType, method: ext.flutter.driver}
2022-06-07 03:26:30.375960 >>> {command: scrollIntoView, finderType: ByValueKey, keyValueString: inscrever_turma_1st_uc, keyValueType: String, alignment: 0.0}
2022-06-07 03:26:30.390960 <<< {isError: false, response: {}, type: _extensionType, method: ext.flutter.driver}
2022-06-07 03:26:30.396961 >>> {command: tap, timeout: 30000, finderType: ByValueKey, keyValueString: inscrever_turma_1st_uc, keyValueType: String}
2022-06-07 03:26:30.801959 <<< {isError: false, response: {}, type: _extensionType, method: ext.flutter.driver}
2022-06-07 03:26:30.808963 >>> {command: waitForCondition, timeout: 30000, conditionName: NoTransientCallbacksCondition}
2022-06-07 03:26:31.166580 <<< {isError: false, response: {}, type: _extensionType, method: ext.flutter.driver}
2022-06-07 03:26:31.172583 >>> {command: waitFor, timeout: 1000, finderType: ByValueKey, keyValueString: 1st_uc_is_2LEIC02, keyValueType: String}
2022-06-07 03:26:31.186582 <<< {isError: false, response: {}, type: _extensionType, method: ext.flutter.driver}
2022-06-07 03:32:22.816413 >>> {command: get_health}
2022-06-07 03:32:23.106397 <<< {isError: false, response: {status: ok}, type: _extensionType, method: ext.flutter.driver}
2022-06-07 03:32:23.113397 >>> {command: waitFor, timeout: 1000, finderType: ByValueKey, keyValueString: main-page, keyValueType: String}
2022-06-07 03:32:25.354400 <<< {isError: true, response: Timeout while executing waitFor: TimeoutException after 0:00:01.000000: Future not completed
, type: _extensionType, method: ext.flutter.driver}
2022-06-07 03:32:25.864398 >>> {command: waitFor, timeout: 1000, finderType: ByValueKey, keyValueString: main-page, keyValueType: String}
2022-06-07 03:32:26.060398 <<< {isError: false, response: {}, type: _extensionType, method: ext.flutter.driver}
2022-06-07 03:32:26.067399 >>> {command: scrollIntoView, finderType: ByValueKey, keyValueString: sidemenu, keyValueType: String, alignment: 0.0}
2022-06-07 03:32:26.091399 <<< {isError: false, response: {}, type: _extensionType, method: ext.flutter.driver}
2022-06-07 03:32:26.096399 >>> {command: tap, timeout: 30000, finderType: ByValueKey, keyValueString: sidemenu, keyValueType: String}
2022-06-07 03:32:26.407398 <<< {isError: false, response: {}, type: _extensionType, method: ext.flutter.driver}
2022-06-07 03:32:26.414397 >>> {command: waitForCondition, timeout: 30000, conditionName: NoTransientCallbacksCondition}
2022-06-07 03:32:26.695397 <<< {isError: false, response: {}, type: _extensionType, method: ext.flutter.driver}
2022-06-07 03:32:26.703398 >>> {command: waitFor, timeout: 1000, finderType: ByType, type: Drawer}
2022-06-07 03:32:28.347397 <<< {isError: true, response: Timeout while executing waitFor: TimeoutException after 0:00:01.000000: Future not completed
, type: _extensionType, method: ext.flutter.driver}
2022-06-07 03:32:28.352399 >>> {command: tap, timeout: 10000, finderType: ByTooltipMessage, text: Open navigation menu}
2022-06-07 03:32:28.677398 <<< {isError: false, response: {}, type: _extensionType, method: ext.flutter.driver}
2022-06-07 03:32:28.683400 >>> {command: waitForCondition, timeout: 10000, conditionName: NoTransientCallbacksCondition}
2022-06-07 03:32:29.340921 <<< {isError: false, response: {}, type: _extensionType, method: ext.flutter.driver}
2022-06-07 03:32:29.347922 >>> {command: scrollIntoView, finderType: ByValueKey, keyValueString: PickUP_menu_button, keyValueType: String, alignment: 0.0}
2022-06-07 03:32:29.631920 <<< {isError: false, response: {}, type: _extensionType, method: ext.flutter.driver}
2022-06-07 03:32:29.636920 >>> {command: tap, timeout: 30000, finderType: ByValueKey, keyValueString: PickUP_menu_button, keyValueType: String}
2022-06-07 03:32:29.986920 <<< {isError: false, response: {}, type: _extensionType, method: ext.flutter.driver}
2022-06-07 03:32:29.992921 >>> {command: waitForCondition, timeout: 30000, conditionName: NoTransientCallbacksCondition}
2022-06-07 03:32:30.772921 <<< {isError: false, response: {}, type: _extensionType, method: ext.flutter.driver}
2022-06-07 03:32:30.779921 >>> {command: scrollIntoView, finderType: ByValueKey, keyValueString: alteracao_ucs_pickup_button, keyValueType: String, alignment: 0.0}
2022-06-07 03:32:31.002918 <<< {isError: false, response: {}, type: _extensionType, method: ext.flutter.driver}
2022-06-07 03:32:31.007925 >>> {command: tap, timeout: 30000, finderType: ByValueKey, keyValueString: alteracao_ucs_pickup_button, keyValueType: String}
2022-06-07 03:32:31.569922 <<< {isError: false, response: {}, type: _extensionType, method: ext.flutter.driver}
2022-06-07 03:32:31.575922 >>> {command: waitForCondition, timeout: 30000, conditionName: NoTransientCallbacksCondition}
2022-06-07 03:32:32.560920 <<< {isError: false, response: {}, type: _extensionType, method: ext.flutter.driver}
2022-06-07 03:32:32.567920 >>> {command: scrollIntoView, finderType: ByValueKey, keyValueString: desinscrever_1st_turma, keyValueType: String, alignment: 0.0}
2022-06-07 03:32:32.590918 <<< {isError: false, response: {}, type: _extensionType, method: ext.flutter.driver}
2022-06-07 03:32:32.595922 >>> {command: tap, timeout: 30000, finderType: ByValueKey, keyValueString: desinscrever_1st_turma, keyValueType: String}
2022-06-07 03:32:32.639920 <<< {isError: false, response: {}, type: _extensionType, method: ext.flutter.driver}
2022-06-07 03:32:32.644917 >>> {command: waitForCondition, timeout: 30000, conditionName: NoTransientCallbacksCondition}
2022-06-07 03:32:33.027919 <<< {isError: false, response: {}, type: _extensionType, method: ext.flutter.driver}
2022-06-07 03:39:10.507491 >>> {command: get_health}
2022-06-07 03:39:10.618485 <<< {isError: false, response: {status: ok}, type: _extensionType, method: ext.flutter.driver}
2022-06-07 03:39:10.623488 >>> {command: waitFor, timeout: 1000, finderType: ByValueKey, keyValueString: main-page, keyValueType: String}
2022-06-07 03:39:11.998777 <<< {isError: true, response: Timeout while executing waitFor: TimeoutException after 0:00:01.000000: Future not completed
, type: _extensionType, method: ext.flutter.driver}
2022-06-07 03:39:12.503778 >>> {command: waitFor, timeout: 1000, finderType: ByValueKey, keyValueString: main-page, keyValueType: String}
2022-06-07 03:39:12.664779 <<< {isError: false, response: {}, type: _extensionType, method: ext.flutter.driver}
2022-06-07 03:39:12.669778 >>> {command: scrollIntoView, finderType: ByValueKey, keyValueString: sidemenu, keyValueType: String, alignment: 0.0}
2022-06-07 03:39:12.730779 <<< {isError: false, response: {}, type: _extensionType, method: ext.flutter.driver}
2022-06-07 03:39:12.734778 >>> {command: tap, timeout: 30000, finderType: ByValueKey, keyValueString: sidemenu, keyValueType: String}
2022-06-07 03:39:13.063777 <<< {isError: false, response: {}, type: _extensionType, method: ext.flutter.driver}
2022-06-07 03:39:13.068778 >>> {command: waitForCondition, timeout: 30000, conditionName: NoTransientCallbacksCondition}
2022-06-07 03:39:13.661778 <<< {isError: false, response: {}, type: _extensionType, method: ext.flutter.driver}
2022-06-07 03:39:13.667779 >>> {command: waitFor, timeout: 1000, finderType: ByType, type: Drawer}
2022-06-07 03:39:14.745779 <<< {isError: true, response: Timeout while executing waitFor: TimeoutException after 0:00:01.000000: Future not completed
, type: _extensionType, method: ext.flutter.driver}
2022-06-07 03:39:14.751779 >>> {command: tap, timeout: 10000, finderType: ByTooltipMessage, text: Open navigation menu}
2022-06-07 03:39:14.812778 <<< {isError: false, response: {}, type: _extensionType, method: ext.flutter.driver}
2022-06-07 03:39:14.817779 >>> {command: waitForCondition, timeout: 10000, conditionName: NoTransientCallbacksCondition}
2022-06-07 03:39:16.043489 <<< {isError: false, response: {}, type: _extensionType, method: ext.flutter.driver}
2022-06-07 03:39:16.050489 >>> {command: scrollIntoView, finderType: ByValueKey, keyValueString: PickUP_menu_button, keyValueType: String, alignment: 0.0}
2022-06-07 03:39:16.098489 <<< {isError: false, response: {}, type: _extensionType, method: ext.flutter.driver}
2022-06-07 03:39:16.103489 >>> {command: tap, timeout: 30000, finderType: ByValueKey, keyValueString: PickUP_menu_button, keyValueType: String}
2022-06-07 03:39:16.434486 <<< {isError: false, response: {}, type: _extensionType, method: ext.flutter.driver}
2022-06-07 03:39:16.440489 >>> {command: waitForCondition, timeout: 30000, conditionName: NoTransientCallbacksCondition}
2022-06-07 03:39:17.264013 <<< {isError: false, response: {}, type: _extensionType, method: ext.flutter.driver}
2022-06-07 03:39:17.270011 >>> {command: scrollIntoView, finderType: ByValueKey, keyValueString: inscricao_ucs_pickup_button, keyValueType: String, alignment: 0.0}
2022-06-07 03:39:17.302009 <<< {isError: false, response: {}, type: _extensionType, method: ext.flutter.driver}
2022-06-07 03:39:17.307014 >>> {command: tap, timeout: 30000, finderType: ByValueKey, keyValueString: inscricao_ucs_pickup_button, keyValueType: String}
2022-06-07 03:39:17.346011 <<< {isError: false, response: {}, type: _extensionType, method: ext.flutter.driver}
2022-06-07 03:39:17.352013 >>> {command: waitForCondition, timeout: 30000, conditionName: NoTransientCallbacksCondition}
2022-06-07 03:39:17.951771 <<< {isError: false, response: {}, type: _extensionType, method: ext.flutter.driver}
2022-06-07 03:39:17.959771 >>> {command: scrollIntoView, finderType: ByValueKey, keyValueString: add_ucs, keyValueType: String, alignment: 0.0}
2022-06-07 03:39:18.663597 <<< {isError: false, response: {}, type: _extensionType, method: ext.flutter.driver}
2022-06-07 03:39:18.668597 >>> {command: tap, timeout: 30000, finderType: ByValueKey, keyValueString: add_ucs, keyValueType: String}
2022-06-07 03:39:18.700596 <<< {isError: false, response: {}, type: _extensionType, method: ext.flutter.driver}
2022-06-07 03:39:18.705600 >>> {command: waitForCondition, timeout: 30000, conditionName: NoTransientCallbacksCondition}
2022-06-07 03:39:19.427273 <<< {isError: false, response: {}, type: _extensionType, method: ext.flutter.driver}
2022-06-07 03:39:19.433273 >>> {command: scrollIntoView, finderType: ByValueKey, keyValueString: adicionar_uc, keyValueType: String, alignment: 0.0}
2022-06-07 03:39:19.752610 <<< {isError: false, response: {}, type: _extensionType, method: ext.flutter.driver}
2022-06-07 03:39:19.759612 >>> {command: tap, timeout: 30000, finderType: ByValueKey, keyValueString: adicionar_uc, keyValueType: String}
2022-06-07 03:39:19.820610 <<< {isError: false, response: {}, type: _extensionType, method: ext.flutter.driver}
2022-06-07 03:39:19.825609 >>> {command: waitForCondition, timeout: 30000, conditionName: NoTransientCallbacksCondition}
2022-06-07 03:39:20.212610 <<< {isError: false, response: {}, type: _extensionType, method: ext.flutter.driver}
