2022-06-07 03:28:15.533938 >>> {command: get_health}
2022-06-07 03:28:15.591941 <<< {isError: false, response: {status: ok}, type: _extensionType, method: ext.flutter.driver}
2022-06-07 03:28:15.595941 >>> {command: waitFor, timeout: 1000, finderType: ByValueKey, keyValueString: main-page, keyValueType: String}
2022-06-07 03:28:16.822493 <<< {isError: false, response: {}, type: _extensionType, method: ext.flutter.driver}
2022-06-07 03:28:16.827491 >>> {command: scrollIntoView, finderType: ByValueKey, keyValueString: sidemenu, keyValueType: String, alignment: 0.0}
2022-06-07 03:28:17.080491 <<< {isError: false, response: {}, type: _extensionType, method: ext.flutter.driver}
2022-06-07 03:28:17.085492 >>> {command: tap, timeout: 30000, finderType: ByValueKey, keyValueString: sidemenu, keyValueType: String}
2022-06-07 03:28:17.308493 <<< {isError: false, response: {}, type: _extensionType, method: ext.flutter.driver}
2022-06-07 03:28:17.312494 >>> {command: waitForCondition, timeout: 30000, conditionName: NoTransientCallbacksCondition}
2022-06-07 03:28:17.926494 <<< {isError: false, response: {}, type: _extensionType, method: ext.flutter.driver}
2022-06-07 03:28:17.933494 >>> {command: waitFor, timeout: 1000, finderType: ByType, type: Drawer}
2022-06-07 03:28:19.031494 <<< {isError: true, response: Timeout while executing waitFor: TimeoutException after 0:00:01.000000: Future not completed
, type: _extensionType, method: ext.flutter.driver}
2022-06-07 03:28:19.038015 >>> {command: tap, timeout: 10000, finderType: ByTooltipMessage, text: Open navigation menu}
2022-06-07 03:28:19.182018 <<< {isError: false, response: {}, type: _extensionType, method: ext.flutter.driver}
2022-06-07 03:28:19.186015 >>> {command: waitForCondition, timeout: 10000, conditionName: NoTransientCallbacksCondition}
2022-06-07 03:28:20.105051 <<< {isError: false, response: {}, type: _extensionType, method: ext.flutter.driver}
2022-06-07 03:28:20.110053 >>> {command: scrollIntoView, finderType: ByValueKey, keyValueString: PickUP_menu_button, keyValueType: String, alignment: 0.0}
2022-06-07 03:28:20.158051 <<< {isError: false, response: {}, type: _extensionType, method: ext.flutter.driver}
2022-06-07 03:28:20.163072 >>> {command: tap, timeout: 30000, finderType: ByValueKey, keyValueString: PickUP_menu_button, keyValueType: String}
2022-06-07 03:28:20.241054 <<< {isError: false, response: {}, type: _extensionType, method: ext.flutter.driver}
2022-06-07 03:28:20.246051 >>> {command: waitForCondition, timeout: 30000, conditionName: NoTransientCallbacksCondition}
2022-06-07 03:28:21.542236 <<< {isError: false, response: {}, type: _extensionType, method: ext.flutter.driver}
2022-06-07 03:28:21.547237 >>> {command: scrollIntoView, finderType: ByValueKey, keyValueString: ver_horario_pickup_button, keyValueType: String, alignment: 0.0}
2022-06-07 03:28:21.719236 <<< {isError: false, response: {}, type: _extensionType, method: ext.flutter.driver}
2022-06-07 03:28:21.723235 >>> {command: tap, timeout: 30000, finderType: ByValueKey, keyValueString: ver_horario_pickup_button, keyValueType: String}
2022-06-07 03:28:21.770234 <<< {isError: false, response: {}, type: _extensionType, method: ext.flutter.driver}
2022-06-07 03:28:21.775236 >>> {command: waitForCondition, timeout: 30000, conditionName: NoTransientCallbacksCondition}
2022-06-07 03:28:22.546238 <<< {isError: false, response: {}, type: _extensionType, method: ext.flutter.driver}
2022-06-07 03:28:22.552237 >>> {command: scroll, timeout: 10000, finderType: ByValueKey, keyValueString: horario_page_pickup_schedule, keyValueType: String, dx: -300.0, dy: 0.0, duration: 500000, frequency: 60}
2022-06-07 03:28:25.363236 <<< {isError: false, response: {}, type: _extensionType, method: ext.flutter.driver}
2022-06-07 03:28:25.372234 >>> {command: waitFor, timeout: 1000, finderType: ByValueKey, keyValueString: horario_page_pickup, keyValueType: String}
2022-06-07 03:28:25.384236 <<< {isError: false, response: {}, type: _extensionType, method: ext.flutter.driver}
2022-06-07 03:34:26.523601 >>> {command: get_health}
2022-06-07 03:34:26.773600 <<< {isError: false, response: {status: ok}, type: _extensionType, method: ext.flutter.driver}
2022-06-07 03:34:26.778600 >>> {command: waitFor, timeout: 1000, finderType: ByValueKey, keyValueString: main-page, keyValueType: String}
2022-06-07 03:34:28.107643 <<< {isError: true, response: Timeout while executing waitFor: TimeoutException after 0:00:01.000000: Future not completed
, type: _extensionType, method: ext.flutter.driver}
2022-06-07 03:34:28.614642 >>> {command: waitFor, timeout: 1000, finderType: ByValueKey, keyValueString: main-page, keyValueType: String}
2022-06-07 03:34:28.829646 <<< {isError: false, response: {}, type: _extensionType, method: ext.flutter.driver}
2022-06-07 03:34:28.835644 >>> {command: scrollIntoView, finderType: ByValueKey, keyValueString: sidemenu, keyValueType: String, alignment: 0.0}
2022-06-07 03:34:28.888643 <<< {isError: false, response: {}, type: _extensionType, method: ext.flutter.driver}
2022-06-07 03:34:28.894642 >>> {command: tap, timeout: 30000, finderType: ByValueKey, keyValueString: sidemenu, keyValueType: String}
2022-06-07 03:34:29.124643 <<< {isError: false, response: {}, type: _extensionType, method: ext.flutter.driver}
2022-06-07 03:34:29.130642 >>> {command: waitForCondition, timeout: 30000, conditionName: NoTransientCallbacksCondition}
2022-06-07 03:34:29.761644 <<< {isError: false, response: {}, type: _extensionType, method: ext.flutter.driver}
2022-06-07 03:34:29.771644 >>> {command: waitFor, timeout: 1000, finderType: ByType, type: Drawer}
2022-06-07 03:34:31.062521 <<< {isError: true, response: Timeout while executing waitFor: TimeoutException after 0:00:01.000000: Future not completed
, type: _extensionType, method: ext.flutter.driver}
2022-06-07 03:34:31.068519 >>> {command: tap, timeout: 10000, finderType: ByTooltipMessage, text: Open navigation menu}
2022-06-07 03:34:31.121518 <<< {isError: false, response: {}, type: _extensionType, method: ext.flutter.driver}
2022-06-07 03:34:31.126039 >>> {command: waitForCondition, timeout: 10000, conditionName: NoTransientCallbacksCondition}
2022-06-07 03:34:31.851641 <<< {isError: false, response: {}, type: _extensionType, method: ext.flutter.driver}
2022-06-07 03:34:31.856638 >>> {command: scrollIntoView, finderType: ByValueKey, keyValueString: PickUP_menu_button, keyValueType: String, alignment: 0.0}
2022-06-07 03:34:31.968645 <<< {isError: false, response: {}, type: _extensionType, method: ext.flutter.driver}
2022-06-07 03:34:31.974641 >>> {command: tap, timeout: 30000, finderType: ByValueKey, keyValueString: PickUP_menu_button, keyValueType: String}
2022-06-07 03:34:32.135642 <<< {isError: false, response: {}, type: _extensionType, method: ext.flutter.driver}
2022-06-07 03:34:32.140642 >>> {command: waitForCondition, timeout: 30000, conditionName: NoTransientCallbacksCondition}
2022-06-07 03:34:33.094889 <<< {isError: false, response: {}, type: _extensionType, method: ext.flutter.driver}
2022-06-07 03:34:33.100891 >>> {command: scrollIntoView, finderType: ByValueKey, keyValueString: ver_horario_turma_pickup_button, keyValueType: String, alignment: 0.0}
2022-06-07 03:34:33.149886 <<< {isError: false, response: {}, type: _extensionType, method: ext.flutter.driver}
2022-06-07 03:34:33.155890 >>> {command: tap, timeout: 30000, finderType: ByValueKey, keyValueString: ver_horario_turma_pickup_button, keyValueType: String}
2022-06-07 03:34:33.288887 <<< {isError: false, response: {}, type: _extensionType, method: ext.flutter.driver}
2022-06-07 03:34:33.292888 >>> {command: waitForCondition, timeout: 30000, conditionName: NoTransientCallbacksCondition}
2022-06-07 03:34:34.709483 <<< {isError: false, response: {}, type: _extensionType, method: ext.flutter.driver}
2022-06-07 03:34:34.714480 >>> {command: scrollIntoView, finderType: ByValueKey, keyValueString: esof_schedule_pickup_text, keyValueType: String, alignment: 0.0}
2022-06-07 03:34:35.052484 <<< {isError: false, response: {}, type: _extensionType, method: ext.flutter.driver}
2022-06-07 03:34:35.057480 >>> {command: tap, timeout: 30000, finderType: ByValueKey, keyValueString: esof_schedule_pickup_text, keyValueType: String}
2022-06-07 03:34:35.254483 <<< {isError: false, response: {}, type: _extensionType, method: ext.flutter.driver}
2022-06-07 03:34:35.260481 >>> {command: waitForCondition, timeout: 30000, conditionName: NoTransientCallbacksCondition}
2022-06-07 03:34:36.169729 <<< {isError: false, response: {}, type: _extensionType, method: ext.flutter.driver}
2022-06-07 03:34:36.175731 >>> {command: waitFor, timeout: 1000, finderType: ByValueKey, keyValueString: horario_uc_page_pickup, keyValueType: String}
2022-06-07 03:34:36.184728 <<< {isError: false, response: {}, type: _extensionType, method: ext.flutter.driver}
2022-06-07 03:40:57.286740 >>> {command: get_health}
2022-06-07 03:40:58.055265 <<< {isError: false, response: {status: ok}, type: _extensionType, method: ext.flutter.driver}
2022-06-07 03:40:58.059263 >>> {command: waitFor, timeout: 1000, finderType: ByValueKey, keyValueString: main-page, keyValueType: String}
2022-06-07 03:40:58.285264 <<< {isError: false, response: {}, type: _extensionType, method: ext.flutter.driver}
2022-06-07 03:40:58.291793 >>> {command: scrollIntoView, finderType: ByValueKey, keyValueString: sidemenu, keyValueType: String, alignment: 0.0}
2022-06-07 03:40:58.337317 <<< {isError: false, response: {}, type: _extensionType, method: ext.flutter.driver}
2022-06-07 03:40:58.342315 >>> {command: tap, timeout: 30000, finderType: ByValueKey, keyValueString: sidemenu, keyValueType: String}
2022-06-07 03:40:59.097312 <<< {isError: false, response: {}, type: _extensionType, method: ext.flutter.driver}
2022-06-07 03:40:59.103317 >>> {command: waitForCondition, timeout: 30000, conditionName: NoTransientCallbacksCondition}
2022-06-07 03:40:59.734479 <<< {isError: false, response: {}, type: _extensionType, method: ext.flutter.driver}
2022-06-07 03:40:59.743479 >>> {command: waitFor, timeout: 1000, finderType: ByType, type: Drawer}
2022-06-07 03:41:00.963631 <<< {isError: true, response: Timeout while executing waitFor: TimeoutException after 0:00:01.000000: Future not completed
, type: _extensionType, method: ext.flutter.driver}
2022-06-07 03:41:00.968632 >>> {command: tap, timeout: 10000, finderType: ByTooltipMessage, text: Open navigation menu}
2022-06-07 03:41:01.100233 <<< {isError: false, response: {}, type: _extensionType, method: ext.flutter.driver}
2022-06-07 03:41:01.104238 >>> {command: waitForCondition, timeout: 10000, conditionName: NoTransientCallbacksCondition}
2022-06-07 03:41:01.854454 <<< {isError: false, response: {}, type: _extensionType, method: ext.flutter.driver}
2022-06-07 03:41:01.862162 >>> {command: scrollIntoView, finderType: ByValueKey, keyValueString: PickUP_menu_button, keyValueType: String, alignment: 0.0}
2022-06-07 03:41:01.954161 <<< {isError: false, response: {}, type: _extensionType, method: ext.flutter.driver}
2022-06-07 03:41:01.959161 >>> {command: tap, timeout: 30000, finderType: ByValueKey, keyValueString: PickUP_menu_button, keyValueType: String}
2022-06-07 03:41:02.335159 <<< {isError: false, response: {}, type: _extensionType, method: ext.flutter.driver}
2022-06-07 03:41:02.341680 >>> {command: waitForCondition, timeout: 30000, conditionName: NoTransientCallbacksCondition}
2022-06-07 03:41:02.961402 <<< {isError: false, response: {}, type: _extensionType, method: ext.flutter.driver}
2022-06-07 03:41:02.967403 >>> {command: scrollIntoView, finderType: ByValueKey, keyValueString: ver_horario_turma_pickup_button, keyValueType: String, alignment: 0.0}
2022-06-07 03:41:02.993403 <<< {isError: false, response: {}, type: _extensionType, method: ext.flutter.driver}
2022-06-07 03:41:02.998404 >>> {command: tap, timeout: 30000, finderType: ByValueKey, keyValueString: ver_horario_turma_pickup_button, keyValueType: String}
2022-06-07 03:41:03.038166 <<< {isError: false, response: {}, type: _extensionType, method: ext.flutter.driver}
2022-06-07 03:41:03.044163 >>> {command: waitForCondition, timeout: 30000, conditionName: NoTransientCallbacksCondition}
2022-06-07 03:41:04.570365 <<< {isError: false, response: {}, type: _extensionType, method: ext.flutter.driver}
2022-06-07 03:41:04.575366 >>> {command: scrollIntoView, finderType: ByValueKey, keyValueString: esof_schedule_pickup_text, keyValueType: String, alignment: 0.0}
2022-06-07 03:41:05.069363 <<< {isError: false, response: {}, type: _extensionType, method: ext.flutter.driver}
2022-06-07 03:41:05.077364 >>> {command: tap, timeout: 30000, finderType: ByValueKey, keyValueString: esof_schedule_pickup_text, keyValueType: String}
2022-06-07 03:41:05.187363 <<< {isError: false, response: {}, type: _extensionType, method: ext.flutter.driver}
2022-06-07 03:41:05.192366 >>> {command: waitForCondition, timeout: 30000, conditionName: NoTransientCallbacksCondition}
2022-06-07 03:41:05.940495 <<< {isError: false, response: {}, type: _extensionType, method: ext.flutter.driver}
2022-06-07 03:41:05.944495 >>> {command: waitFor, timeout: 1000, finderType: ByValueKey, keyValueString: horario_uc_page_pickup, keyValueType: String}
2022-06-07 03:41:05.970495 <<< {isError: false, response: {}, type: _extensionType, method: ext.flutter.driver}
