2022-06-07 01:48:58.752987 >>> {command: get_health}
2022-06-07 01:48:58.829128 <<< {isError: false, response: {status: ok}, type: _extensionType, method: ext.flutter.driver}
2022-06-07 01:48:58.835129 >>> {command: waitFor, timeout: 1000, finderType: ByValueKey, keyValueString: main-page, keyValueType: String}
2022-06-07 01:49:00.090919 <<< {isError: false, response: {}, type: _extensionType, method: ext.flutter.driver}
2022-06-07 01:49:00.095917 >>> {command: scrollIntoView, finderType: ByValueKey, keyValueString: sidemenu, keyValueType: String, alignment: 0.0}
2022-06-07 01:49:00.426921 <<< {isError: false, response: {}, type: _extensionType, method: ext.flutter.driver}
2022-06-07 01:49:00.431918 >>> {command: tap, timeout: 30000, finderType: ByValueKey, keyValueString: sidemenu, keyValueType: String}
2022-06-07 01:49:00.660527 <<< {isError: false, response: {}, type: _extensionType, method: ext.flutter.driver}
2022-06-07 01:49:00.666530 >>> {command: waitForCondition, timeout: 30000, conditionName: NoTransientCallbacksCondition}
2022-06-07 01:49:01.098546 <<< {isError: false, response: {}, type: _extensionType, method: ext.flutter.driver}
2022-06-07 01:49:01.103545 >>> {command: waitFor, timeout: 1000, finderType: ByType, type: Drawer}
2022-06-07 01:49:02.435547 <<< {isError: true, response: Timeout while executing waitFor: TimeoutException after 0:00:01.000000: Future not completed
, type: _extensionType, method: ext.flutter.driver}
2022-06-07 01:49:02.440548 >>> {command: tap, timeout: 10000, finderType: ByTooltipMessage, text: Open navigation menu}
2022-06-07 01:49:02.684549 <<< {isError: false, response: {}, type: _extensionType, method: ext.flutter.driver}
2022-06-07 01:49:02.690547 >>> {command: waitForCondition, timeout: 10000, conditionName: NoTransientCallbacksCondition}
2022-06-07 01:49:03.460549 <<< {isError: false, response: {}, type: _extensionType, method: ext.flutter.driver}
2022-06-07 01:49:03.467549 >>> {command: scrollIntoView, finderType: ByValueKey, keyValueString: PickUP_menu_button, keyValueType: String, alignment: 0.0}
2022-06-07 01:49:03.522548 <<< {isError: false, response: {}, type: _extensionType, method: ext.flutter.driver}
2022-06-07 01:49:03.528547 >>> {command: tap, timeout: 30000, finderType: ByValueKey, keyValueString: PickUP_menu_button, keyValueType: String}
2022-06-07 01:49:03.776547 <<< {isError: false, response: {}, type: _extensionType, method: ext.flutter.driver}
2022-06-07 01:49:03.781548 >>> {command: waitForCondition, timeout: 30000, conditionName: NoTransientCallbacksCondition}
2022-06-07 01:49:04.394549 <<< {isError: false, response: {}, type: _extensionType, method: ext.flutter.driver}
2022-06-07 01:49:04.399546 >>> {command: scrollIntoView, finderType: ByValueKey, keyValueString: inscricao_ucs_pickup_button, keyValueType: String, alignment: 0.0}
2022-06-07 01:49:04.503547 <<< {isError: false, response: {}, type: _extensionType, method: ext.flutter.driver}
2022-06-07 01:49:04.507548 >>> {command: tap, timeout: 30000, finderType: ByValueKey, keyValueString: inscricao_ucs_pickup_button, keyValueType: String}
2022-06-07 01:49:04.819547 <<< {isError: false, response: {}, type: _extensionType, method: ext.flutter.driver}
2022-06-07 01:49:04.827550 >>> {command: waitForCondition, timeout: 30000, conditionName: NoTransientCallbacksCondition}
2022-06-07 01:49:05.536106 <<< {isError: false, response: {}, type: _extensionType, method: ext.flutter.driver}
2022-06-07 01:49:05.542637 >>> {command: scrollIntoView, finderType: ByValueKey, keyValueString: add_ucs, keyValueType: String, alignment: 0.0}
2022-06-07 01:49:05.896758 <<< {isError: false, response: {}, type: _extensionType, method: ext.flutter.driver}
2022-06-07 01:49:05.904760 >>> {command: tap, timeout: 30000, finderType: ByValueKey, keyValueString: add_ucs, keyValueType: String}
2022-06-07 01:49:06.020784 <<< {isError: false, response: {}, type: _extensionType, method: ext.flutter.driver}
2022-06-07 01:49:06.026794 >>> {command: waitForCondition, timeout: 30000, conditionName: NoTransientCallbacksCondition}
2022-06-07 01:49:06.408833 <<< {isError: false, response: {}, type: _extensionType, method: ext.flutter.driver}
2022-06-07 03:27:51.744080 >>> {command: get_health}
2022-06-07 03:27:51.941080 <<< {isError: false, response: {status: ok}, type: _extensionType, method: ext.flutter.driver}
2022-06-07 03:27:51.945082 >>> {command: waitFor, timeout: 1000, finderType: ByValueKey, keyValueString: main-page, keyValueType: String}
2022-06-07 03:27:53.311082 <<< {isError: true, response: Timeout while executing waitFor: TimeoutException after 0:00:01.000000: Future not completed
, type: _extensionType, method: ext.flutter.driver}
2022-06-07 03:27:53.825117 >>> {command: waitFor, timeout: 1000, finderType: ByValueKey, keyValueString: main-page, keyValueType: String}
2022-06-07 03:27:54.078117 <<< {isError: false, response: {}, type: _extensionType, method: ext.flutter.driver}
2022-06-07 03:27:54.085117 >>> {command: scrollIntoView, finderType: ByValueKey, keyValueString: sidemenu, keyValueType: String, alignment: 0.0}
2022-06-07 03:27:54.118115 <<< {isError: false, response: {}, type: _extensionType, method: ext.flutter.driver}
2022-06-07 03:27:54.123121 >>> {command: tap, timeout: 30000, finderType: ByValueKey, keyValueString: sidemenu, keyValueType: String}
2022-06-07 03:27:54.324120 <<< {isError: false, response: {}, type: _extensionType, method: ext.flutter.driver}
2022-06-07 03:27:54.328119 >>> {command: waitForCondition, timeout: 30000, conditionName: NoTransientCallbacksCondition}
2022-06-07 03:27:54.758117 <<< {isError: false, response: {}, type: _extensionType, method: ext.flutter.driver}
2022-06-07 03:27:54.765118 >>> {command: waitFor, timeout: 1000, finderType: ByType, type: Drawer}
2022-06-07 03:27:56.018815 <<< {isError: true, response: Timeout while executing waitFor: TimeoutException after 0:00:01.000000: Future not completed
, type: _extensionType, method: ext.flutter.driver}
2022-06-07 03:27:56.025334 >>> {command: tap, timeout: 10000, finderType: ByTooltipMessage, text: Open navigation menu}
2022-06-07 03:27:56.279331 <<< {isError: false, response: {}, type: _extensionType, method: ext.flutter.driver}
2022-06-07 03:27:56.286334 >>> {command: waitForCondition, timeout: 10000, conditionName: NoTransientCallbacksCondition}
2022-06-07 03:27:56.838336 <<< {isError: false, response: {}, type: _extensionType, method: ext.flutter.driver}
2022-06-07 03:27:56.843336 >>> {command: scrollIntoView, finderType: ByValueKey, keyValueString: PickUP_menu_button, keyValueType: String, alignment: 0.0}
2022-06-07 03:27:57.057331 <<< {isError: false, response: {}, type: _extensionType, method: ext.flutter.driver}
2022-06-07 03:27:57.063335 >>> {command: tap, timeout: 30000, finderType: ByValueKey, keyValueString: PickUP_menu_button, keyValueType: String}
2022-06-07 03:27:57.381155 <<< {isError: false, response: {}, type: _extensionType, method: ext.flutter.driver}
2022-06-07 03:27:57.388153 >>> {command: waitForCondition, timeout: 30000, conditionName: NoTransientCallbacksCondition}
2022-06-07 03:27:57.948759 <<< {isError: false, response: {}, type: _extensionType, method: ext.flutter.driver}
2022-06-07 03:27:57.954759 >>> {command: scrollIntoView, finderType: ByValueKey, keyValueString: alteracao_ucs_pickup_button, keyValueType: String, alignment: 0.0}
2022-06-07 03:27:58.073756 <<< {isError: false, response: {}, type: _extensionType, method: ext.flutter.driver}
2022-06-07 03:27:58.078757 >>> {command: tap, timeout: 30000, finderType: ByValueKey, keyValueString: alteracao_ucs_pickup_button, keyValueType: String}
2022-06-07 03:27:58.107756 <<< {isError: false, response: {}, type: _extensionType, method: ext.flutter.driver}
2022-06-07 03:27:58.112759 >>> {command: waitForCondition, timeout: 30000, conditionName: NoTransientCallbacksCondition}
2022-06-07 03:27:58.939756 <<< {isError: false, response: {}, type: _extensionType, method: ext.flutter.driver}
2022-06-07 03:27:58.945759 >>> {command: scrollIntoView, finderType: ByValueKey, keyValueString: desinscrever_1st_turma, keyValueType: String, alignment: 0.0}
2022-06-07 03:27:59.017759 <<< {isError: false, response: {}, type: _extensionType, method: ext.flutter.driver}
2022-06-07 03:27:59.021760 >>> {command: tap, timeout: 30000, finderType: ByValueKey, keyValueString: desinscrever_1st_turma, keyValueType: String}
2022-06-07 03:27:59.068759 <<< {isError: false, response: {}, type: _extensionType, method: ext.flutter.driver}
2022-06-07 03:27:59.072760 >>> {command: waitForCondition, timeout: 30000, conditionName: NoTransientCallbacksCondition}
2022-06-07 03:27:59.561757 <<< {isError: false, response: {}, type: _extensionType, method: ext.flutter.driver}
2022-06-07 03:33:54.969974 >>> {command: get_health}
2022-06-07 03:33:55.029975 <<< {isError: false, response: {status: ok}, type: _extensionType, method: ext.flutter.driver}
2022-06-07 03:33:55.034975 >>> {command: waitFor, timeout: 1000, finderType: ByValueKey, keyValueString: main-page, keyValueType: String}
2022-06-07 03:33:56.182146 <<< {isError: true, response: Timeout while executing waitFor: TimeoutException after 0:00:01.000000: Future not completed
, type: _extensionType, method: ext.flutter.driver}
2022-06-07 03:33:56.696147 >>> {command: waitFor, timeout: 1000, finderType: ByValueKey, keyValueString: main-page, keyValueType: String}
2022-06-07 03:33:56.768186 <<< {isError: false, response: {}, type: _extensionType, method: ext.flutter.driver}
2022-06-07 03:33:56.775187 >>> {command: scrollIntoView, finderType: ByValueKey, keyValueString: sidemenu, keyValueType: String, alignment: 0.0}
2022-06-07 03:33:56.829185 <<< {isError: false, response: {}, type: _extensionType, method: ext.flutter.driver}
2022-06-07 03:33:56.836187 >>> {command: tap, timeout: 30000, finderType: ByValueKey, keyValueString: sidemenu, keyValueType: String}
2022-06-07 03:33:57.012184 <<< {isError: false, response: {}, type: _extensionType, method: ext.flutter.driver}
2022-06-07 03:33:57.017184 >>> {command: waitForCondition, timeout: 30000, conditionName: NoTransientCallbacksCondition}
2022-06-07 03:33:57.526794 <<< {isError: false, response: {}, type: _extensionType, method: ext.flutter.driver}
2022-06-07 03:33:57.533799 >>> {command: waitFor, timeout: 1000, finderType: ByType, type: Drawer}
2022-06-07 03:33:58.713794 <<< {isError: true, response: Timeout while executing waitFor: TimeoutException after 0:00:01.000000: Future not completed
, type: _extensionType, method: ext.flutter.driver}
2022-06-07 03:33:58.718795 >>> {command: tap, timeout: 10000, finderType: ByTooltipMessage, text: Open navigation menu}
2022-06-07 03:33:59.174796 <<< {isError: false, response: {}, type: _extensionType, method: ext.flutter.driver}
2022-06-07 03:33:59.179797 >>> {command: waitForCondition, timeout: 10000, conditionName: NoTransientCallbacksCondition}
2022-06-07 03:33:59.579794 <<< {isError: false, response: {}, type: _extensionType, method: ext.flutter.driver}
2022-06-07 03:33:59.584796 >>> {command: scrollIntoView, finderType: ByValueKey, keyValueString: PickUP_menu_button, keyValueType: String, alignment: 0.0}
2022-06-07 03:33:59.628797 <<< {isError: false, response: {}, type: _extensionType, method: ext.flutter.driver}
2022-06-07 03:33:59.633795 >>> {command: tap, timeout: 30000, finderType: ByValueKey, keyValueString: PickUP_menu_button, keyValueType: String}
2022-06-07 03:34:00.143795 <<< {isError: false, response: {}, type: _extensionType, method: ext.flutter.driver}
2022-06-07 03:34:00.149795 >>> {command: waitForCondition, timeout: 30000, conditionName: NoTransientCallbacksCondition}
2022-06-07 03:34:00.728580 <<< {isError: false, response: {}, type: _extensionType, method: ext.flutter.driver}
2022-06-07 03:34:00.736580 >>> {command: scrollIntoView, finderType: ByValueKey, keyValueString: ver_horario_turma_pickup_button, keyValueType: String, alignment: 0.0}
2022-06-07 03:34:00.764579 <<< {isError: false, response: {}, type: _extensionType, method: ext.flutter.driver}
2022-06-07 03:34:00.769577 >>> {command: tap, timeout: 30000, finderType: ByValueKey, keyValueString: ver_horario_turma_pickup_button, keyValueType: String}
2022-06-07 03:34:00.998576 <<< {isError: false, response: {}, type: _extensionType, method: ext.flutter.driver}
2022-06-07 03:34:01.007579 >>> {command: waitForCondition, timeout: 30000, conditionName: NoTransientCallbacksCondition}
2022-06-07 03:34:02.480577 <<< {isError: false, response: {}, type: _extensionType, method: ext.flutter.driver}
2022-06-07 03:34:02.485575 >>> {command: scrollIntoView, finderType: ByValueKey, keyValueString: esof_schedule_pickup_text, keyValueType: String, alignment: 0.0}
2022-06-07 03:34:03.425575 <<< {isError: false, response: {}, type: _extensionType, method: ext.flutter.driver}
2022-06-07 03:34:03.431577 >>> {command: tap, timeout: 30000, finderType: ByValueKey, keyValueString: esof_schedule_pickup_text, keyValueType: String}
2022-06-07 03:34:03.588576 <<< {isError: false, response: {}, type: _extensionType, method: ext.flutter.driver}
2022-06-07 03:34:03.594574 >>> {command: waitForCondition, timeout: 30000, conditionName: NoTransientCallbacksCondition}
2022-06-07 03:34:04.630137 <<< {isError: false, response: {}, type: _extensionType, method: ext.flutter.driver}
2022-06-07 03:34:04.637134 >>> {command: waitFor, timeout: 1000, finderType: ByValueKey, keyValueString: horario_uc_page_pickup, keyValueType: String}
2022-06-07 03:34:04.661136 <<< {isError: false, response: {}, type: _extensionType, method: ext.flutter.driver}
2022-06-07 03:40:28.839229 >>> {command: get_health}
2022-06-07 03:40:29.070269 <<< {isError: false, response: {status: ok}, type: _extensionType, method: ext.flutter.driver}
2022-06-07 03:40:29.077270 >>> {command: waitFor, timeout: 1000, finderType: ByValueKey, keyValueString: main-page, keyValueType: String}
2022-06-07 03:40:31.289987 <<< {isError: true, response: Timeout while executing waitFor: TimeoutException after 0:00:01.000000: Future not completed
, type: _extensionType, method: ext.flutter.driver}
2022-06-07 03:40:31.796555 >>> {command: waitFor, timeout: 1000, finderType: ByValueKey, keyValueString: main-page, keyValueType: String}
2022-06-07 03:40:31.941556 <<< {isError: false, response: {}, type: _extensionType, method: ext.flutter.driver}
2022-06-07 03:40:31.946555 >>> {command: scrollIntoView, finderType: ByValueKey, keyValueString: sidemenu, keyValueType: String, alignment: 0.0}
2022-06-07 03:40:31.978553 <<< {isError: false, response: {}, type: _extensionType, method: ext.flutter.driver}
2022-06-07 03:40:31.983556 >>> {command: tap, timeout: 30000, finderType: ByValueKey, keyValueString: sidemenu, keyValueType: String}
2022-06-07 03:40:32.308554 <<< {isError: false, response: {}, type: _extensionType, method: ext.flutter.driver}
2022-06-07 03:40:32.314555 >>> {command: waitForCondition, timeout: 30000, conditionName: NoTransientCallbacksCondition}
2022-06-07 03:40:32.891556 <<< {isError: false, response: {}, type: _extensionType, method: ext.flutter.driver}
2022-06-07 03:40:32.898554 >>> {command: waitFor, timeout: 1000, finderType: ByType, type: Drawer}
2022-06-07 03:40:34.035553 <<< {isError: true, response: Timeout while executing waitFor: TimeoutException after 0:00:01.000000: Future not completed
, type: _extensionType, method: ext.flutter.driver}
2022-06-07 03:40:34.042556 >>> {command: tap, timeout: 10000, finderType: ByTooltipMessage, text: Open navigation menu}
2022-06-07 03:40:34.125555 <<< {isError: false, response: {}, type: _extensionType, method: ext.flutter.driver}
2022-06-07 03:40:34.130552 >>> {command: waitForCondition, timeout: 10000, conditionName: NoTransientCallbacksCondition}
2022-06-07 03:40:34.844554 <<< {isError: false, response: {}, type: _extensionType, method: ext.flutter.driver}
2022-06-07 03:40:34.849553 >>> {command: scrollIntoView, finderType: ByValueKey, keyValueString: PickUP_menu_button, keyValueType: String, alignment: 0.0}
2022-06-07 03:40:34.886553 <<< {isError: false, response: {}, type: _extensionType, method: ext.flutter.driver}
2022-06-07 03:40:34.891555 >>> {command: tap, timeout: 30000, finderType: ByValueKey, keyValueString: PickUP_menu_button, keyValueType: String}
2022-06-07 03:40:35.333553 <<< {isError: false, response: {}, type: _extensionType, method: ext.flutter.driver}
2022-06-07 03:40:35.340552 >>> {command: waitForCondition, timeout: 30000, conditionName: NoTransientCallbacksCondition}
2022-06-07 03:40:35.835188 <<< {isError: false, response: {}, type: _extensionType, method: ext.flutter.driver}
2022-06-07 03:40:35.842192 >>> {command: scrollIntoView, finderType: ByValueKey, keyValueString: ver_horario_turma_pickup_button, keyValueType: String, alignment: 0.0}
2022-06-07 03:40:35.877188 <<< {isError: false, response: {}, type: _extensionType, method: ext.flutter.driver}
2022-06-07 03:40:35.883189 >>> {command: tap, timeout: 30000, finderType: ByValueKey, keyValueString: ver_horario_turma_pickup_button, keyValueType: String}
2022-06-07 03:40:35.924188 <<< {isError: false, response: {}, type: _extensionType, method: ext.flutter.driver}
2022-06-07 03:40:35.930189 >>> {command: waitForCondition, timeout: 30000, conditionName: NoTransientCallbacksCondition}
2022-06-07 03:40:37.474187 <<< {isError: false, response: {}, type: _extensionType, method: ext.flutter.driver}
2022-06-07 03:40:37.481189 >>> {command: scrollIntoView, finderType: ByValueKey, keyValueString: esof_schedule_pickup_text, keyValueType: String, alignment: 0.0}
2022-06-07 03:40:37.958189 <<< {isError: false, response: {}, type: _extensionType, method: ext.flutter.driver}
2022-06-07 03:40:37.965189 >>> {command: tap, timeout: 30000, finderType: ByValueKey, keyValueString: esof_schedule_pickup_text, keyValueType: String}
2022-06-07 03:40:38.037191 <<< {isError: false, response: {}, type: _extensionType, method: ext.flutter.driver}
2022-06-07 03:40:38.042190 >>> {command: waitForCondition, timeout: 30000, conditionName: NoTransientCallbacksCondition}
2022-06-07 03:40:38.781193 <<< {isError: false, response: {}, type: _extensionType, method: ext.flutter.driver}
2022-06-07 03:40:38.788188 >>> {command: waitFor, timeout: 1000, finderType: ByValueKey, keyValueString: horario_uc_page_pickup, keyValueType: String}
2022-06-07 03:40:38.839188 <<< {isError: false, response: {}, type: _extensionType, method: ext.flutter.driver}
