2022-06-07 00:51:46.827662 >>> {command: get_health}
2022-06-07 00:51:46.950499 <<< {isError: false, response: {status: ok}, type: _extensionType, method: ext.flutter.driver}
2022-06-07 00:51:46.955501 >>> {command: waitFor, timeout: 1000, finderType: ByValueKey, keyValueString: main-page, keyValueType: String}
2022-06-07 00:51:48.140666 <<< {isError: true, response: Timeout while executing waitFor: TimeoutException after 0:00:01.000000: Future not completed
, type: _extensionType, method: ext.flutter.driver}
2022-06-07 00:51:48.647478 >>> {command: waitFor, timeout: 1000, finderType: ByValueKey, keyValueString: main-page, keyValueType: String}
2022-06-07 00:51:48.672478 <<< {isError: false, response: {}, type: _extensionType, method: ext.flutter.driver}
2022-06-07 00:51:48.677477 >>> {command: scrollIntoView, finderType: ByValueKey, keyValueString: sidemenu, keyValueType: String, alignment: 0.0}
2022-06-07 00:51:48.799289 <<< {isError: false, response: {}, type: _extensionType, method: ext.flutter.driver}
2022-06-07 00:51:48.804290 >>> {command: tap, timeout: 30000, finderType: ByValueKey, keyValueString: sidemenu, keyValueType: String}
2022-06-07 00:51:48.998447 <<< {isError: false, response: {}, type: _extensionType, method: ext.flutter.driver}
2022-06-07 00:51:49.002449 >>> {command: waitForCondition, timeout: 30000, conditionName: NoTransientCallbacksCondition}
2022-06-07 00:51:49.595025 <<< {isError: false, response: {}, type: _extensionType, method: ext.flutter.driver}
2022-06-07 00:51:49.601024 >>> {command: waitFor, timeout: 1000, finderType: ByType, type: Drawer}
2022-06-07 00:51:50.666905 <<< {isError: true, response: Timeout while executing waitFor: TimeoutException after 0:00:01.000000: Future not completed
, type: _extensionType, method: ext.flutter.driver}
2022-06-07 00:51:50.671905 >>> {command: tap, timeout: 10000, finderType: ByTooltipMessage, text: Open navigation menu}
2022-06-07 00:51:50.731809 <<< {isError: false, response: {}, type: _extensionType, method: ext.flutter.driver}
2022-06-07 00:51:50.736810 >>> {command: waitForCondition, timeout: 10000, conditionName: NoTransientCallbacksCondition}
2022-06-07 00:51:51.736806 <<< {isError: false, response: {}, type: _extensionType, method: ext.flutter.driver}
2022-06-07 00:51:51.742805 >>> {command: scrollIntoView, finderType: ByValueKey, keyValueString: PickUP_menu_button, keyValueType: String, alignment: 0.0}
2022-06-07 00:51:51.830145 <<< {isError: false, response: {}, type: _extensionType, method: ext.flutter.driver}
2022-06-07 00:51:51.835147 >>> {command: tap, timeout: 30000, finderType: ByValueKey, keyValueString: PickUP_menu_button, keyValueType: String}
2022-06-07 00:51:51.986848 <<< {isError: false, response: {}, type: _extensionType, method: ext.flutter.driver}
2022-06-07 00:51:51.990850 >>> {command: waitForCondition, timeout: 30000, conditionName: NoTransientCallbacksCondition}
2022-06-07 00:51:52.611517 <<< {isError: false, response: {}, type: _extensionType, method: ext.flutter.driver}
2022-06-07 00:51:52.616517 >>> {command: scrollIntoView, finderType: ByValueKey, keyValueString: ver_horario_turma_pickup_button, keyValueType: String, alignment: 0.0}
2022-06-07 00:51:52.636037 <<< {isError: false, response: {}, type: _extensionType, method: ext.flutter.driver}
2022-06-07 00:51:52.641036 >>> {command: tap, timeout: 30000, finderType: ByValueKey, keyValueString: ver_horario_turma_pickup_button, keyValueType: String}
2022-06-07 00:51:52.746343 <<< {isError: false, response: {}, type: _extensionType, method: ext.flutter.driver}
2022-06-07 00:51:52.750880 >>> {command: waitForCondition, timeout: 30000, conditionName: NoTransientCallbacksCondition}
2022-06-07 00:51:53.811995 <<< {isError: false, response: {}, type: _extensionType, method: ext.flutter.driver}
2022-06-07 00:51:53.818998 >>> {command: scrollIntoView, finderType: ByValueKey, keyValueString: esof_schedule_pickup_text, keyValueType: String, alignment: 0.0}
2022-06-07 00:51:54.206609 <<< {isError: false, response: {}, type: _extensionType, method: ext.flutter.driver}
2022-06-07 00:51:54.212612 >>> {command: tap, timeout: 30000, finderType: ByValueKey, keyValueString: esof_schedule_pickup_text, keyValueType: String}
2022-06-07 00:51:54.277624 <<< {isError: false, response: {}, type: _extensionType, method: ext.flutter.driver}
2022-06-07 00:51:54.282633 >>> {command: waitForCondition, timeout: 30000, conditionName: NoTransientCallbacksCondition}
2022-06-07 00:51:55.440622 <<< {isError: false, response: {}, type: _extensionType, method: ext.flutter.driver}
2022-06-07 00:51:55.446624 >>> {command: scroll, timeout: 10000, finderType: ByValueKey, keyValueString: schedule_tab, keyValueType: String, dx: -300.0, dy: 0.0, duration: 500000, frequency: 60}
2022-06-07 00:51:56.825517 <<< {isError: false, response: {}, type: _extensionType, method: ext.flutter.driver}
2022-06-07 00:51:56.830515 >>> {command: waitFor, timeout: 1000, finderType: ByValueKey, keyValueString: horario_uc_page_pickup, keyValueType: String}
2022-06-07 00:51:57.594618 <<< {isError: false, response: {}, type: _extensionType, method: ext.flutter.driver}
2022-06-07 00:56:14.033420 >>> {command: get_health}
2022-06-07 00:56:14.406442 <<< {isError: false, response: {status: ok}, type: _extensionType, method: ext.flutter.driver}
2022-06-07 00:56:14.412442 >>> {command: waitFor, timeout: 1000, finderType: ByValueKey, keyValueString: main-page, keyValueType: String}
2022-06-07 00:56:16.414609 <<< {isError: false, response: {}, type: _extensionType, method: ext.flutter.driver}
2022-06-07 00:56:16.422129 >>> {command: scrollIntoView, finderType: ByValueKey, keyValueString: sidemenu, keyValueType: String, alignment: 0.0}
2022-06-07 00:56:16.849308 <<< {isError: false, response: {}, type: _extensionType, method: ext.flutter.driver}
2022-06-07 00:56:16.856309 >>> {command: tap, timeout: 30000, finderType: ByValueKey, keyValueString: sidemenu, keyValueType: String}
2022-06-07 00:56:17.106298 <<< {isError: false, response: {}, type: _extensionType, method: ext.flutter.driver}
2022-06-07 00:56:17.111296 >>> {command: waitForCondition, timeout: 30000, conditionName: NoTransientCallbacksCondition}
2022-06-07 00:56:17.448527 <<< {isError: false, response: {}, type: _extensionType, method: ext.flutter.driver}
2022-06-07 00:56:17.458527 >>> {command: waitFor, timeout: 1000, finderType: ByType, type: Drawer}
2022-06-07 00:56:18.760253 <<< {isError: true, response: Timeout while executing waitFor: TimeoutException after 0:00:01.000000: Future not completed
, type: _extensionType, method: ext.flutter.driver}
2022-06-07 00:56:18.770256 >>> {command: tap, timeout: 10000, finderType: ByTooltipMessage, text: Open navigation menu}
2022-06-07 00:56:18.933442 <<< {isError: false, response: {}, type: _extensionType, method: ext.flutter.driver}
2022-06-07 00:56:18.938446 >>> {command: waitForCondition, timeout: 10000, conditionName: NoTransientCallbacksCondition}
2022-06-07 00:56:20.002214 <<< {isError: false, response: {}, type: _extensionType, method: ext.flutter.driver}
2022-06-07 00:56:20.016212 >>> {command: scrollIntoView, finderType: ByValueKey, keyValueString: PickUP_menu_button, keyValueType: String, alignment: 0.0}
2022-06-07 00:56:20.149238 <<< {isError: false, response: {}, type: _extensionType, method: ext.flutter.driver}
2022-06-07 00:56:20.161238 >>> {command: tap, timeout: 30000, finderType: ByValueKey, keyValueString: PickUP_menu_button, keyValueType: String}
2022-06-07 00:56:20.791628 <<< {isError: false, response: {}, type: _extensionType, method: ext.flutter.driver}
2022-06-07 00:56:20.808627 >>> {command: waitForCondition, timeout: 30000, conditionName: NoTransientCallbacksCondition}
2022-06-07 00:56:21.366234 <<< {isError: false, response: {}, type: _extensionType, method: ext.flutter.driver}
2022-06-07 00:56:21.372232 >>> {command: scrollIntoView, finderType: ByValueKey, keyValueString: ver_horario_turma_pickup_button, keyValueType: String, alignment: 0.0}
2022-06-07 00:56:21.405235 <<< {isError: false, response: {}, type: _extensionType, method: ext.flutter.driver}
2022-06-07 00:56:21.410236 >>> {command: tap, timeout: 30000, finderType: ByValueKey, keyValueString: ver_horario_turma_pickup_button, keyValueType: String}
2022-06-07 00:56:22.035603 <<< {isError: false, response: {}, type: _extensionType, method: ext.flutter.driver}
2022-06-07 00:56:22.040603 >>> {command: waitForCondition, timeout: 30000, conditionName: NoTransientCallbacksCondition}
2022-06-07 00:56:22.543744 <<< {isError: false, response: {}, type: _extensionType, method: ext.flutter.driver}
2022-06-07 00:56:22.551069 >>> {command: scrollIntoView, finderType: ByValueKey, keyValueString: esof_schedule_pickup_text, keyValueType: String, alignment: 0.0}
2022-06-07 00:56:23.248232 <<< {isError: false, response: {}, type: _extensionType, method: ext.flutter.driver}
2022-06-07 00:56:23.253235 >>> {command: tap, timeout: 30000, finderType: ByValueKey, keyValueString: esof_schedule_pickup_text, keyValueType: String}
2022-06-07 00:56:23.322246 <<< {isError: false, response: {}, type: _extensionType, method: ext.flutter.driver}
2022-06-07 00:56:23.327246 >>> {command: waitForCondition, timeout: 30000, conditionName: NoTransientCallbacksCondition}
2022-06-07 00:56:24.078130 <<< {isError: false, response: {}, type: _extensionType, method: ext.flutter.driver}
2022-06-07 00:56:24.084131 >>> {command: scroll, timeout: 10000, finderType: ByValueKey, keyValueString: schedule_tab, keyValueType: String, dx: -300.0, dy: 0.0, duration: 500000, frequency: 60}
2022-06-07 00:56:25.827294 <<< {isError: false, response: {}, type: _extensionType, method: ext.flutter.driver}
2022-06-07 00:56:25.835295 >>> {command: waitFor, timeout: 1000, finderType: ByValueKey, keyValueString: horario_uc_page_pickup, keyValueType: String}
2022-06-07 00:56:26.569863 <<< {isError: false, response: {}, type: _extensionType, method: ext.flutter.driver}
2022-06-07 01:00:26.604450 >>> {command: get_health}
2022-06-07 01:00:26.712496 <<< {isError: false, response: {status: ok}, type: _extensionType, method: ext.flutter.driver}
2022-06-07 01:00:26.718492 >>> {command: waitFor, timeout: 1000, finderType: ByValueKey, keyValueString: main-page, keyValueType: String}
2022-06-07 01:00:28.224382 <<< {isError: true, response: Timeout while executing waitFor: TimeoutException after 0:00:01.000000: Future not completed
, type: _extensionType, method: ext.flutter.driver}
2022-06-07 01:00:28.735273 >>> {command: waitFor, timeout: 1000, finderType: ByValueKey, keyValueString: main-page, keyValueType: String}
2022-06-07 01:00:28.830287 <<< {isError: false, response: {}, type: _extensionType, method: ext.flutter.driver}
2022-06-07 01:00:28.836277 >>> {command: scrollIntoView, finderType: ByValueKey, keyValueString: sidemenu, keyValueType: String, alignment: 0.0}
2022-06-07 01:00:28.865274 <<< {isError: false, response: {}, type: _extensionType, method: ext.flutter.driver}
2022-06-07 01:00:28.871275 >>> {command: tap, timeout: 30000, finderType: ByValueKey, keyValueString: sidemenu, keyValueType: String}
2022-06-07 01:00:29.057273 <<< {isError: false, response: {}, type: _extensionType, method: ext.flutter.driver}
2022-06-07 01:00:29.064277 >>> {command: waitForCondition, timeout: 30000, conditionName: NoTransientCallbacksCondition}
2022-06-07 01:00:29.821273 <<< {isError: false, response: {}, type: _extensionType, method: ext.flutter.driver}
2022-06-07 01:00:29.828274 >>> {command: waitFor, timeout: 1000, finderType: ByType, type: Drawer}
2022-06-07 01:00:30.913400 <<< {isError: true, response: Timeout while executing waitFor: TimeoutException after 0:00:01.000000: Future not completed
, type: _extensionType, method: ext.flutter.driver}
2022-06-07 01:00:30.919152 >>> {command: tap, timeout: 10000, finderType: ByTooltipMessage, text: Open navigation menu}
2022-06-07 01:00:31.350514 <<< {isError: false, response: {}, type: _extensionType, method: ext.flutter.driver}
2022-06-07 01:00:31.355515 >>> {command: waitForCondition, timeout: 10000, conditionName: NoTransientCallbacksCondition}
2022-06-07 01:00:32.383511 <<< {isError: false, response: {}, type: _extensionType, method: ext.flutter.driver}
2022-06-07 01:00:32.390513 >>> {command: scrollIntoView, finderType: ByValueKey, keyValueString: PickUP_menu_button, keyValueType: String, alignment: 0.0}
2022-06-07 01:00:32.471513 <<< {isError: false, response: {}, type: _extensionType, method: ext.flutter.driver}
2022-06-07 01:00:32.476514 >>> {command: tap, timeout: 30000, finderType: ByValueKey, keyValueString: PickUP_menu_button, keyValueType: String}
2022-06-07 01:00:32.628705 <<< {isError: false, response: {}, type: _extensionType, method: ext.flutter.driver}
2022-06-07 01:00:32.633707 >>> {command: waitForCondition, timeout: 30000, conditionName: NoTransientCallbacksCondition}
2022-06-07 01:00:33.222282 <<< {isError: false, response: {}, type: _extensionType, method: ext.flutter.driver}
2022-06-07 01:00:33.229910 >>> {command: scrollIntoView, finderType: ByValueKey, keyValueString: inscricao_turmas_pickup_button, keyValueType: String, alignment: 0.0}
2022-06-07 01:48:31.132897 >>> {command: get_health}
2022-06-07 01:48:31.174895 <<< {isError: false, response: {status: ok}, type: _extensionType, method: ext.flutter.driver}
2022-06-07 01:48:31.180897 >>> {command: waitFor, timeout: 1000, finderType: ByValueKey, keyValueString: main-page, keyValueType: String}
2022-06-07 01:48:32.305920 <<< {isError: false, response: {}, type: _extensionType, method: ext.flutter.driver}
2022-06-07 01:48:32.313446 >>> {command: scrollIntoView, finderType: ByValueKey, keyValueString: sidemenu, keyValueType: String, alignment: 0.0}
2022-06-07 01:48:32.791900 <<< {isError: false, response: {}, type: _extensionType, method: ext.flutter.driver}
2022-06-07 01:48:32.796900 >>> {command: tap, timeout: 30000, finderType: ByValueKey, keyValueString: sidemenu, keyValueType: String}
2022-06-07 01:48:33.099898 <<< {isError: false, response: {}, type: _extensionType, method: ext.flutter.driver}
2022-06-07 01:48:33.104899 >>> {command: waitForCondition, timeout: 30000, conditionName: NoTransientCallbacksCondition}
2022-06-07 01:48:33.728024 <<< {isError: false, response: {}, type: _extensionType, method: ext.flutter.driver}
2022-06-07 01:48:33.734024 >>> {command: waitFor, timeout: 1000, finderType: ByType, type: Drawer}
2022-06-07 01:48:34.841243 <<< {isError: true, response: Timeout while executing waitFor: TimeoutException after 0:00:01.000000: Future not completed
, type: _extensionType, method: ext.flutter.driver}
2022-06-07 01:48:34.848857 >>> {command: tap, timeout: 10000, finderType: ByTooltipMessage, text: Open navigation menu}
2022-06-07 01:48:35.485103 <<< {isError: false, response: {}, type: _extensionType, method: ext.flutter.driver}
2022-06-07 01:48:35.492103 >>> {command: waitForCondition, timeout: 10000, conditionName: NoTransientCallbacksCondition}
2022-06-07 01:48:36.045373 <<< {isError: false, response: {}, type: _extensionType, method: ext.flutter.driver}
2022-06-07 01:48:36.051897 >>> {command: scrollIntoView, finderType: ByValueKey, keyValueString: PickUP_menu_button, keyValueType: String, alignment: 0.0}
2022-06-07 01:48:36.103894 <<< {isError: false, response: {}, type: _extensionType, method: ext.flutter.driver}
2022-06-07 01:48:36.108896 >>> {command: tap, timeout: 30000, finderType: ByValueKey, keyValueString: PickUP_menu_button, keyValueType: String}
2022-06-07 01:48:36.515071 <<< {isError: false, response: {}, type: _extensionType, method: ext.flutter.driver}
2022-06-07 01:48:36.521074 >>> {command: waitForCondition, timeout: 30000, conditionName: NoTransientCallbacksCondition}
2022-06-07 01:48:37.076108 <<< {isError: false, response: {}, type: _extensionType, method: ext.flutter.driver}
2022-06-07 01:48:37.080109 >>> {command: scrollIntoView, finderType: ByValueKey, keyValueString: ver_horario_pickup_button, keyValueType: String, alignment: 0.0}
2022-06-07 01:48:37.261996 <<< {isError: false, response: {}, type: _extensionType, method: ext.flutter.driver}
2022-06-07 01:48:37.269997 >>> {command: tap, timeout: 30000, finderType: ByValueKey, keyValueString: ver_horario_pickup_button, keyValueType: String}
2022-06-07 01:48:37.871997 <<< {isError: false, response: {}, type: _extensionType, method: ext.flutter.driver}
2022-06-07 01:48:37.877996 >>> {command: waitForCondition, timeout: 30000, conditionName: NoTransientCallbacksCondition}
2022-06-07 01:48:39.364041 <<< {isError: false, response: {}, type: _extensionType, method: ext.flutter.driver}
2022-06-07 01:48:39.369044 >>> {command: scroll, timeout: 10000, finderType: ByValueKey, keyValueString: horario_page_pickup_schedule, keyValueType: String, dx: -300.0, dy: 0.0, duration: 500000, frequency: 60}
2022-06-07 01:48:42.032034 <<< {isError: false, response: {}, type: _extensionType, method: ext.flutter.driver}
2022-06-07 01:48:42.038036 >>> {command: waitFor, timeout: 1000, finderType: ByValueKey, keyValueString: horario_page_pickup, keyValueType: String}
2022-06-07 01:48:42.048740 <<< {isError: false, response: {}, type: _extensionType, method: ext.flutter.driver}
2022-06-07 03:27:27.118281 >>> {command: get_health}
2022-06-07 03:27:27.159283 <<< {isError: false, response: {status: ok}, type: _extensionType, method: ext.flutter.driver}
2022-06-07 03:27:27.164285 >>> {command: waitFor, timeout: 1000, finderType: ByValueKey, keyValueString: main-page, keyValueType: String}
2022-06-07 03:27:28.416535 <<< {isError: true, response: Timeout while executing waitFor: TimeoutException after 0:00:01.000000: Future not completed
, type: _extensionType, method: ext.flutter.driver}
2022-06-07 03:27:28.923337 >>> {command: waitFor, timeout: 1000, finderType: ByValueKey, keyValueString: main-page, keyValueType: String}
2022-06-07 03:27:29.053610 <<< {isError: false, response: {}, type: _extensionType, method: ext.flutter.driver}
2022-06-07 03:27:29.058612 >>> {command: scrollIntoView, finderType: ByValueKey, keyValueString: sidemenu, keyValueType: String, alignment: 0.0}
2022-06-07 03:27:29.087130 <<< {isError: false, response: {}, type: _extensionType, method: ext.flutter.driver}
2022-06-07 03:27:29.092660 >>> {command: tap, timeout: 30000, finderType: ByValueKey, keyValueString: sidemenu, keyValueType: String}
2022-06-07 03:27:29.244097 <<< {isError: false, response: {}, type: _extensionType, method: ext.flutter.driver}
2022-06-07 03:27:29.248098 >>> {command: waitForCondition, timeout: 30000, conditionName: NoTransientCallbacksCondition}
2022-06-07 03:27:29.869020 <<< {isError: false, response: {}, type: _extensionType, method: ext.flutter.driver}
2022-06-07 03:27:29.874927 >>> {command: waitFor, timeout: 1000, finderType: ByType, type: Drawer}
2022-06-07 03:27:31.100453 <<< {isError: true, response: Timeout while executing waitFor: TimeoutException after 0:00:01.000000: Future not completed
, type: _extensionType, method: ext.flutter.driver}
2022-06-07 03:27:31.105460 >>> {command: tap, timeout: 10000, finderType: ByTooltipMessage, text: Open navigation menu}
2022-06-07 03:27:31.205528 <<< {isError: false, response: {}, type: _extensionType, method: ext.flutter.driver}
2022-06-07 03:27:31.209528 >>> {command: waitForCondition, timeout: 10000, conditionName: NoTransientCallbacksCondition}
2022-06-07 03:27:32.038113 <<< {isError: false, response: {}, type: _extensionType, method: ext.flutter.driver}
2022-06-07 03:27:32.044637 >>> {command: scrollIntoView, finderType: ByValueKey, keyValueString: PickUP_menu_button, keyValueType: String, alignment: 0.0}
2022-06-07 03:27:32.148788 <<< {isError: false, response: {}, type: _extensionType, method: ext.flutter.driver}
2022-06-07 03:27:32.153788 >>> {command: tap, timeout: 30000, finderType: ByValueKey, keyValueString: PickUP_menu_button, keyValueType: String}
2022-06-07 03:27:32.676184 <<< {isError: false, response: {}, type: _extensionType, method: ext.flutter.driver}
2022-06-07 03:27:32.681714 >>> {command: waitForCondition, timeout: 30000, conditionName: NoTransientCallbacksCondition}
2022-06-07 03:27:33.223711 <<< {isError: false, response: {}, type: _extensionType, method: ext.flutter.driver}
2022-06-07 03:27:33.230713 >>> {command: scrollIntoView, finderType: ByValueKey, keyValueString: alteracao_ucs_pickup_button, keyValueType: String, alignment: 0.0}
2022-06-07 03:27:33.318711 <<< {isError: false, response: {}, type: _extensionType, method: ext.flutter.driver}
2022-06-07 03:27:33.323713 >>> {command: tap, timeout: 30000, finderType: ByValueKey, keyValueString: alteracao_ucs_pickup_button, keyValueType: String}
2022-06-07 03:27:33.371713 <<< {isError: false, response: {}, type: _extensionType, method: ext.flutter.driver}
2022-06-07 03:27:33.376714 >>> {command: waitForCondition, timeout: 30000, conditionName: NoTransientCallbacksCondition}
2022-06-07 03:27:34.707638 <<< {isError: false, response: {}, type: _extensionType, method: ext.flutter.driver}
2022-06-07 03:27:34.713632 >>> {command: waitFor, timeout: 1000, finderType: ByValueKey, keyValueString: uc_cards, keyValueType: String}
2022-06-07 03:27:34.723633 <<< {isError: false, response: {}, type: _extensionType, method: ext.flutter.driver}
2022-06-07 03:33:28.728011 >>> {command: get_health}
2022-06-07 03:33:28.812010 <<< {isError: false, response: {status: ok}, type: _extensionType, method: ext.flutter.driver}
2022-06-07 03:33:28.818012 >>> {command: waitFor, timeout: 1000, finderType: ByValueKey, keyValueString: main-page, keyValueType: String}
2022-06-07 03:33:30.139006 <<< {isError: true, response: Timeout while executing waitFor: TimeoutException after 0:00:01.000000: Future not completed
, type: _extensionType, method: ext.flutter.driver}
2022-06-07 03:33:30.653620 >>> {command: waitFor, timeout: 1000, finderType: ByValueKey, keyValueString: main-page, keyValueType: String}
2022-06-07 03:33:30.801156 <<< {isError: false, response: {}, type: _extensionType, method: ext.flutter.driver}
2022-06-07 03:33:30.807155 >>> {command: scrollIntoView, finderType: ByValueKey, keyValueString: sidemenu, keyValueType: String, alignment: 0.0}
2022-06-07 03:33:30.842157 <<< {isError: false, response: {}, type: _extensionType, method: ext.flutter.driver}
2022-06-07 03:33:30.847154 >>> {command: tap, timeout: 30000, finderType: ByValueKey, keyValueString: sidemenu, keyValueType: String}
2022-06-07 03:33:30.987155 <<< {isError: false, response: {}, type: _extensionType, method: ext.flutter.driver}
2022-06-07 03:33:30.992156 >>> {command: waitForCondition, timeout: 30000, conditionName: NoTransientCallbacksCondition}
2022-06-07 03:33:31.357842 <<< {isError: false, response: {}, type: _extensionType, method: ext.flutter.driver}
2022-06-07 03:33:31.363839 >>> {command: waitFor, timeout: 1000, finderType: ByType, type: Drawer}
2022-06-07 03:33:32.970839 <<< {isError: true, response: Timeout while executing waitFor: TimeoutException after 0:00:01.000000: Future not completed
, type: _extensionType, method: ext.flutter.driver}
2022-06-07 03:33:32.977841 >>> {command: tap, timeout: 10000, finderType: ByTooltipMessage, text: Open navigation menu}
2022-06-07 03:33:33.171840 <<< {isError: false, response: {}, type: _extensionType, method: ext.flutter.driver}
2022-06-07 03:33:33.176839 >>> {command: waitForCondition, timeout: 10000, conditionName: NoTransientCallbacksCondition}
2022-06-07 03:33:34.350844 <<< {isError: false, response: {}, type: _extensionType, method: ext.flutter.driver}
2022-06-07 03:33:34.357849 >>> {command: scrollIntoView, finderType: ByValueKey, keyValueString: PickUP_menu_button, keyValueType: String, alignment: 0.0}
2022-06-07 03:33:34.386859 <<< {isError: false, response: {}, type: _extensionType, method: ext.flutter.driver}
2022-06-07 03:33:34.391860 >>> {command: tap, timeout: 30000, finderType: ByValueKey, keyValueString: PickUP_menu_button, keyValueType: String}
2022-06-07 03:33:34.463987 <<< {isError: false, response: {}, type: _extensionType, method: ext.flutter.driver}
2022-06-07 03:33:34.468990 >>> {command: waitForCondition, timeout: 30000, conditionName: NoTransientCallbacksCondition}
2022-06-07 03:33:35.158837 <<< {isError: false, response: {}, type: _extensionType, method: ext.flutter.driver}
2022-06-07 03:33:35.166839 >>> {command: scrollIntoView, finderType: ByValueKey, keyValueString: ver_horario_pickup_button, keyValueType: String, alignment: 0.0}
2022-06-07 03:33:35.205838 <<< {isError: false, response: {}, type: _extensionType, method: ext.flutter.driver}
2022-06-07 03:33:35.210837 >>> {command: tap, timeout: 30000, finderType: ByValueKey, keyValueString: ver_horario_pickup_button, keyValueType: String}
2022-06-07 03:33:35.265837 <<< {isError: false, response: {}, type: _extensionType, method: ext.flutter.driver}
2022-06-07 03:33:35.270840 >>> {command: waitForCondition, timeout: 30000, conditionName: NoTransientCallbacksCondition}
2022-06-07 03:33:36.501609 <<< {isError: false, response: {}, type: _extensionType, method: ext.flutter.driver}
2022-06-07 03:33:36.508599 >>> {command: waitFor, timeout: 1000, finderType: ByValueKey, keyValueString: horario_page_pickup, keyValueType: String}
2022-06-07 03:33:36.736598 <<< {isError: false, response: {}, type: _extensionType, method: ext.flutter.driver}
2022-06-07 03:40:02.881450 >>> {command: get_health}
2022-06-07 03:40:02.992484 <<< {isError: false, response: {status: ok}, type: _extensionType, method: ext.flutter.driver}
2022-06-07 03:40:02.997486 >>> {command: waitFor, timeout: 1000, finderType: ByValueKey, keyValueString: main-page, keyValueType: String}
2022-06-07 03:40:04.366 <<< {isError: true, response: Timeout while executing waitFor: TimeoutException after 0:00:01.000000: Future not completed
, type: _extensionType, method: ext.flutter.driver}
2022-06-07 03:40:04.878687 >>> {command: waitFor, timeout: 1000, finderType: ByValueKey, keyValueString: main-page, keyValueType: String}
2022-06-07 03:40:05.129685 <<< {isError: false, response: {}, type: _extensionType, method: ext.flutter.driver}
2022-06-07 03:40:05.137684 >>> {command: scrollIntoView, finderType: ByValueKey, keyValueString: sidemenu, keyValueType: String, alignment: 0.0}
2022-06-07 03:40:05.301686 <<< {isError: false, response: {}, type: _extensionType, method: ext.flutter.driver}
2022-06-07 03:40:05.307685 >>> {command: tap, timeout: 30000, finderType: ByValueKey, keyValueString: sidemenu, keyValueType: String}
2022-06-07 03:40:05.479683 <<< {isError: false, response: {}, type: _extensionType, method: ext.flutter.driver}
2022-06-07 03:40:05.484683 >>> {command: waitForCondition, timeout: 30000, conditionName: NoTransientCallbacksCondition}
2022-06-07 03:40:05.767290 <<< {isError: false, response: {}, type: _extensionType, method: ext.flutter.driver}
2022-06-07 03:40:05.774291 >>> {command: waitFor, timeout: 1000, finderType: ByType, type: Drawer}
2022-06-07 03:40:07.376354 <<< {isError: true, response: Timeout while executing waitFor: TimeoutException after 0:00:01.000000: Future not completed
, type: _extensionType, method: ext.flutter.driver}
2022-06-07 03:40:07.381356 >>> {command: tap, timeout: 10000, finderType: ByTooltipMessage, text: Open navigation menu}
2022-06-07 03:40:07.630363 <<< {isError: false, response: {}, type: _extensionType, method: ext.flutter.driver}
2022-06-07 03:40:07.635367 >>> {command: waitForCondition, timeout: 10000, conditionName: NoTransientCallbacksCondition}
2022-06-07 03:40:08.558305 <<< {isError: false, response: {}, type: _extensionType, method: ext.flutter.driver}
2022-06-07 03:40:08.565306 >>> {command: scrollIntoView, finderType: ByValueKey, keyValueString: PickUP_menu_button, keyValueType: String, alignment: 0.0}
2022-06-07 03:40:08.600306 <<< {isError: false, response: {}, type: _extensionType, method: ext.flutter.driver}
2022-06-07 03:40:08.606313 >>> {command: tap, timeout: 30000, finderType: ByValueKey, keyValueString: PickUP_menu_button, keyValueType: String}
2022-06-07 03:40:08.687305 <<< {isError: false, response: {}, type: _extensionType, method: ext.flutter.driver}
2022-06-07 03:40:08.692308 >>> {command: waitForCondition, timeout: 30000, conditionName: NoTransientCallbacksCondition}
2022-06-07 03:40:09.396307 <<< {isError: false, response: {}, type: _extensionType, method: ext.flutter.driver}
2022-06-07 03:40:09.401306 >>> {command: scrollIntoView, finderType: ByValueKey, keyValueString: alteracao_ucs_pickup_button, keyValueType: String, alignment: 0.0}
2022-06-07 03:40:09.471304 <<< {isError: false, response: {}, type: _extensionType, method: ext.flutter.driver}
2022-06-07 03:40:09.476308 >>> {command: tap, timeout: 30000, finderType: ByValueKey, keyValueString: alteracao_ucs_pickup_button, keyValueType: String}
2022-06-07 03:40:09.531305 <<< {isError: false, response: {}, type: _extensionType, method: ext.flutter.driver}
2022-06-07 03:40:09.536305 >>> {command: waitForCondition, timeout: 30000, conditionName: NoTransientCallbacksCondition}
2022-06-07 03:40:11.076046 <<< {isError: false, response: {}, type: _extensionType, method: ext.flutter.driver}
2022-06-07 03:40:11.082577 >>> {command: scrollIntoView, finderType: ByValueKey, keyValueString: desinscrever_1st_turma, keyValueType: String, alignment: 0.0}
2022-06-07 03:40:11.105561 <<< {isError: false, response: {}, type: _extensionType, method: ext.flutter.driver}
2022-06-07 03:40:11.109562 >>> {command: tap, timeout: 30000, finderType: ByValueKey, keyValueString: desinscrever_1st_turma, keyValueType: String}
2022-06-07 03:40:11.132566 <<< {isError: false, response: {}, type: _extensionType, method: ext.flutter.driver}
2022-06-07 03:40:11.136561 >>> {command: waitForCondition, timeout: 30000, conditionName: NoTransientCallbacksCondition}
2022-06-07 03:40:11.398562 <<< {isError: false, response: {}, type: _extensionType, method: ext.flutter.driver}
2022-06-07 03:40:11.404559 >>> {command: waitFor, timeout: 1000, finderType: Descendant, of: {"finderType":"ByValueKey","keyValueString":"1st_uc","keyValueType":"String"}, matching: {"finderType":"ByText","text":"Turma: -"}, matchRoot: false, firstMatchOnly: true}
2022-06-07 03:40:11.593560 <<< {isError: false, response: {}, type: _extensionType, method: ext.flutter.driver}
