2022-06-03 03:44:17.781799 >>> {command: get_health}
2022-06-03 03:44:17.871920 <<< {isError: false, response: {status: ok}, type: _extensionType, method: ext.flutter.driver}
2022-06-03 03:44:17.875918 >>> {command: scrollIntoView, finderType: ByValueKey, keyValueString: sidemenu, keyValueType: String, alignment: 0.0}
2022-06-03 03:44:18.042736 <<< {isError: false, response: {}, type: _extensionType, method: ext.flutter.driver}
2022-06-03 03:44:18.046718 >>> {command: tap, timeout: 30000, finderType: ByValueKey, keyValueString: sidemenu, keyValueType: String}
2022-06-03 03:44:18.138723 <<< {isError: false, response: {}, type: _extensionType, method: ext.flutter.driver}
2022-06-03 03:44:18.142723 >>> {command: waitForCondition, timeout: 30000, conditionName: NoTransientCallbacksCondition}
2022-06-03 03:44:18.448820 <<< {isError: false, response: {}, type: _extensionType, method: ext.flutter.driver}
2022-06-03 03:44:18.452818 >>> {command: waitFor, timeout: 1000, finderType: ByType, type: Drawer}
2022-06-03 03:44:19.511567 <<< {isError: true, response: Timeout while executing waitFor: TimeoutException after 0:00:01.000000: Future not completed
, type: _extensionType, method: ext.flutter.driver}
2022-06-03 03:44:19.515568 >>> {command: tap, timeout: 10000, finderType: ByTooltipMessage, text: Open navigation menu}
2022-06-03 03:44:19.555568 <<< {isError: false, response: {}, type: _extensionType, method: ext.flutter.driver}
2022-06-03 03:44:19.560567 >>> {command: waitForCondition, timeout: 10000, conditionName: NoTransientCallbacksCondition}
2022-06-03 03:44:19.977879 <<< {isError: false, response: {}, type: _extensionType, method: ext.flutter.driver}
2022-06-03 03:44:19.981880 >>> {command: scrollIntoView, finderType: ByValueKey, keyValueString: PickUP_menu_button, keyValueType: String, alignment: 0.0}
2022-06-03 03:44:20.010875 <<< {isError: false, response: {}, type: _extensionType, method: ext.flutter.driver}
2022-06-03 03:44:20.014878 >>> {command: tap, timeout: 30000, finderType: ByValueKey, keyValueString: PickUP_menu_button, keyValueType: String}
2022-06-03 03:44:20.071745 <<< {isError: false, response: {}, type: _extensionType, method: ext.flutter.driver}
2022-06-03 03:44:20.075745 >>> {command: waitForCondition, timeout: 30000, conditionName: NoTransientCallbacksCondition}
2022-06-03 03:44:20.352515 <<< {isError: false, response: {}, type: _extensionType, method: ext.flutter.driver}
2022-06-03 03:44:20.357513 >>> {command: scrollIntoView, finderType: ByValueKey, keyValueString: ver_horario_pickup_button, keyValueType: String, alignment: 0.0}
2022-06-03 03:44:20.392515 <<< {isError: false, response: {}, type: _extensionType, method: ext.flutter.driver}
2022-06-03 03:44:20.396515 >>> {command: tap, timeout: 30000, finderType: ByValueKey, keyValueString: ver_horario_pickup_button, keyValueType: String}
2022-06-03 03:44:20.637133 <<< {isError: false, response: {}, type: _extensionType, method: ext.flutter.driver}
2022-06-03 03:44:20.641132 >>> {command: waitForCondition, timeout: 30000, conditionName: NoTransientCallbacksCondition}
2022-06-03 03:44:21.280566 <<< {isError: false, response: {}, type: _extensionType, method: ext.flutter.driver}
2022-06-03 03:44:21.285563 >>> {command: scrollIntoView, finderType: ByValueKey, keyValueString: esof_schedule_pickup_text, keyValueType: String, alignment: 0.0}
2022-06-03 03:44:21.556881 <<< {isError: false, response: {}, type: _extensionType, method: ext.flutter.driver}
2022-06-03 03:44:21.560880 >>> {command: tap, timeout: 30000, finderType: ByValueKey, keyValueString: esof_schedule_pickup_text, keyValueType: String}
2022-06-03 03:44:21.581783 <<< {isError: false, response: {}, type: _extensionType, method: ext.flutter.driver}
2022-06-03 03:44:21.586787 >>> {command: waitForCondition, timeout: 30000, conditionName: NoTransientCallbacksCondition}
2022-06-03 03:44:21.938660 <<< {isError: false, response: {}, type: _extensionType, method: ext.flutter.driver}
2022-06-03 03:46:16.187409 >>> {command: get_health}
2022-06-03 03:46:16.204412 <<< {isError: false, response: {status: ok}, type: _extensionType, method: ext.flutter.driver}
2022-06-03 03:46:16.208408 >>> {command: scrollIntoView, finderType: ByValueKey, keyValueString: sidemenu, keyValueType: String, alignment: 0.0}
2022-06-03 03:47:18.810883 >>> {command: get_health}
2022-06-03 03:47:18.833885 <<< {isError: false, response: {status: ok}, type: _extensionType, method: ext.flutter.driver}
2022-06-03 03:47:18.839885 >>> {command: scrollIntoView, finderType: ByValueKey, keyValueString: sidemenu, keyValueType: String, alignment: 0.0}
2022-06-03 03:48:31.577188 >>> {command: get_health}
2022-06-03 03:48:31.601188 <<< {isError: false, response: {status: ok}, type: _extensionType, method: ext.flutter.driver}
2022-06-03 03:48:31.607188 >>> {command: scrollIntoView, finderType: ByValueKey, keyValueString: sidemenu, keyValueType: String, alignment: 0.0}
2022-06-03 03:49:14.095940 >>> {command: get_health}
2022-06-03 03:49:14.227953 <<< {isError: false, response: {status: ok}, type: _extensionType, method: ext.flutter.driver}
2022-06-03 03:49:14.233953 >>> {command: scrollIntoView, finderType: ByValueKey, keyValueString: sidemenu, keyValueType: String, alignment: 0.0}
2022-06-03 03:55:38.057895 >>> {command: get_health}
2022-06-03 03:55:38.080894 <<< {isError: false, response: {status: ok}, type: _extensionType, method: ext.flutter.driver}
2022-06-03 03:55:38.086898 >>> {command: waitFor, timeout: 1000, finderType: ByValueKey, keyValueString: main-page, keyValueType: String}
2022-06-03 03:55:39.137631 <<< {isError: true, response: Timeout while executing waitFor: TimeoutException after 0:00:01.000000: Future not completed
, type: _extensionType, method: ext.flutter.driver}
2022-06-03 03:55:39.644876 >>> {command: waitFor, timeout: 1000, finderType: ByValueKey, keyValueString: main-page, keyValueType: String}
2022-06-03 03:55:40.663975 <<< {isError: true, response: Timeout while executing waitFor: TimeoutException after 0:00:01.000000: Future not completed
, type: _extensionType, method: ext.flutter.driver}
2022-06-03 03:55:41.171406 >>> {command: waitFor, timeout: 1000, finderType: ByValueKey, keyValueString: main-page, keyValueType: String}
2022-06-03 03:55:42.192897 <<< {isError: true, response: Timeout while executing waitFor: TimeoutException after 0:00:01.000000: Future not completed
, type: _extensionType, method: ext.flutter.driver}
2022-06-03 03:55:42.702724 >>> {command: waitFor, timeout: 1000, finderType: ByValueKey, keyValueString: main-page, keyValueType: String}
2022-06-03 03:55:43.719876 <<< {isError: true, response: Timeout while executing waitFor: TimeoutException after 0:00:01.000000: Future not completed
, type: _extensionType, method: ext.flutter.driver}
2022-06-03 03:55:44.228734 >>> {command: waitFor, timeout: 1000, finderType: ByValueKey, keyValueString: main-page, keyValueType: String}
2022-06-03 03:55:45.244296 <<< {isError: true, response: Timeout while executing waitFor: TimeoutException after 0:00:01.000000: Future not completed
, type: _extensionType, method: ext.flutter.driver}
2022-06-03 03:55:45.759272 >>> {command: waitFor, timeout: 1000, finderType: ByValueKey, keyValueString: main-page, keyValueType: String}
2022-06-03 03:55:46.775681 <<< {isError: true, response: Timeout while executing waitFor: TimeoutException after 0:00:01.000000: Future not completed
, type: _extensionType, method: ext.flutter.driver}
2022-06-03 03:55:47.289723 >>> {command: waitFor, timeout: 1000, finderType: ByValueKey, keyValueString: main-page, keyValueType: String}
2022-06-03 03:55:48.305549 <<< {isError: true, response: Timeout while executing waitFor: TimeoutException after 0:00:01.000000: Future not completed
, type: _extensionType, method: ext.flutter.driver}
2022-06-03 03:55:48.817549 >>> {command: waitFor, timeout: 1000, finderType: ByValueKey, keyValueString: main-page, keyValueType: String}
2022-06-03 04:06:28.025529 >>> {command: get_health}
2022-06-03 04:06:28.086049 <<< {isError: false, response: {status: ok}, type: _extensionType, method: ext.flutter.driver}
2022-06-03 04:06:28.090047 >>> {command: waitFor, timeout: 1000, finderType: ByValueKey, keyValueString: main-page, keyValueType: String}
2022-06-03 04:06:28.328964 <<< {isError: false, response: {}, type: _extensionType, method: ext.flutter.driver}
2022-06-03 04:06:28.333962 >>> {command: scrollIntoView, finderType: ByValueKey, keyValueString: sidemenu, keyValueType: String, alignment: 0.0}
2022-06-03 04:06:28.396960 <<< {isError: false, response: {}, type: _extensionType, method: ext.flutter.driver}
2022-06-03 04:06:28.401961 >>> {command: tap, timeout: 30000, finderType: ByValueKey, keyValueString: sidemenu, keyValueType: String}
2022-06-03 04:06:28.512439 <<< {isError: false, response: {}, type: _extensionType, method: ext.flutter.driver}
2022-06-03 04:06:28.516437 >>> {command: waitForCondition, timeout: 30000, conditionName: NoTransientCallbacksCondition}
2022-06-03 04:06:28.813520 <<< {isError: false, response: {}, type: _extensionType, method: ext.flutter.driver}
2022-06-03 04:06:28.818040 >>> {command: waitFor, timeout: 1000, finderType: ByType, type: Drawer}
2022-06-03 04:06:29.849200 <<< {isError: true, response: Timeout while executing waitFor: TimeoutException after 0:00:01.000000: Future not completed
, type: _extensionType, method: ext.flutter.driver}
2022-06-03 04:06:29.854203 >>> {command: tap, timeout: 10000, finderType: ByTooltipMessage, text: Open navigation menu}
2022-06-03 04:06:29.894200 <<< {isError: false, response: {}, type: _extensionType, method: ext.flutter.driver}
2022-06-03 04:06:29.898201 >>> {command: waitForCondition, timeout: 10000, conditionName: NoTransientCallbacksCondition}
2022-06-03 04:06:30.288300 <<< {isError: false, response: {}, type: _extensionType, method: ext.flutter.driver}
2022-06-03 04:06:30.293300 >>> {command: scrollIntoView, finderType: ByValueKey, keyValueString: PickUP_menu_button, keyValueType: String, alignment: 0.0}
2022-06-03 04:06:30.317312 <<< {isError: false, response: {}, type: _extensionType, method: ext.flutter.driver}
2022-06-03 04:06:30.321312 >>> {command: tap, timeout: 30000, finderType: ByValueKey, keyValueString: PickUP_menu_button, keyValueType: String}
2022-06-03 04:06:30.362310 <<< {isError: false, response: {}, type: _extensionType, method: ext.flutter.driver}
2022-06-03 04:06:30.367309 >>> {command: waitForCondition, timeout: 30000, conditionName: NoTransientCallbacksCondition}
2022-06-03 04:06:31.004145 <<< {isError: false, response: {}, type: _extensionType, method: ext.flutter.driver}
2022-06-03 04:06:31.009146 >>> {command: scrollIntoView, finderType: ByValueKey, keyValueString: ver_horario_pickup_button, keyValueType: String, alignment: 0.0}
2022-06-03 04:06:31.030143 <<< {isError: false, response: {}, type: _extensionType, method: ext.flutter.driver}
2022-06-03 04:06:31.034146 >>> {command: tap, timeout: 30000, finderType: ByValueKey, keyValueString: ver_horario_pickup_button, keyValueType: String}
2022-06-03 04:06:31.054157 <<< {isError: false, response: {}, type: _extensionType, method: ext.flutter.driver}
2022-06-03 04:06:31.058161 >>> {command: waitForCondition, timeout: 30000, conditionName: NoTransientCallbacksCondition}
2022-06-03 04:06:31.406554 <<< {isError: false, response: {}, type: _extensionType, method: ext.flutter.driver}
2022-06-03 04:06:31.410554 >>> {command: scrollIntoView, finderType: ByValueKey, keyValueString: esof_schedule_pickup_text, keyValueType: String, alignment: 0.0}
2022-06-03 04:06:31.557107 <<< {isError: false, response: {}, type: _extensionType, method: ext.flutter.driver}
2022-06-03 04:06:31.561109 >>> {command: tap, timeout: 30000, finderType: ByValueKey, keyValueString: esof_schedule_pickup_text, keyValueType: String}
2022-06-03 04:06:31.590107 <<< {isError: false, response: {}, type: _extensionType, method: ext.flutter.driver}
2022-06-03 04:06:31.594106 >>> {command: waitForCondition, timeout: 30000, conditionName: NoTransientCallbacksCondition}
2022-06-03 04:06:32.105373 <<< {isError: false, response: {}, type: _extensionType, method: ext.flutter.driver}
2022-06-03 04:06:32.111375 >>> {command: scroll, timeout: 10000, finderType: ByValueKey, keyValueString: schedule_tab, keyValueType: String, dx: 100.0, dy: 0.0, duration: 500000, frequency: 60}
2022-06-03 04:06:32.826861 <<< {isError: false, response: {}, type: _extensionType, method: ext.flutter.driver}
2022-06-03 04:06:32.832863 >>> {command: waitFor, timeout: 1000, finderType: ByValueKey, keyValueString: horario_page_pickup, keyValueType: String}
2022-06-03 04:06:33.555040 <<< {isError: false, response: {}, type: _extensionType, method: ext.flutter.driver}
2022-06-03 04:07:33.067789 >>> {command: get_health}
2022-06-03 04:07:33.296016 <<< {isError: false, response: {status: ok}, type: _extensionType, method: ext.flutter.driver}
2022-06-03 04:07:33.307367 >>> {command: waitFor, timeout: 1000, finderType: ByValueKey, keyValueString: main-page, keyValueType: String}
2022-06-03 04:07:33.363048 <<< {isError: false, response: {}, type: _extensionType, method: ext.flutter.driver}
2022-06-03 04:07:33.367045 >>> {command: scrollIntoView, finderType: ByValueKey, keyValueString: sidemenu, keyValueType: String, alignment: 0.0}
2022-06-03 04:07:33.385046 <<< {isError: false, response: {}, type: _extensionType, method: ext.flutter.driver}
2022-06-03 04:07:33.389045 >>> {command: tap, timeout: 30000, finderType: ByValueKey, keyValueString: sidemenu, keyValueType: String}
2022-06-03 04:07:33.485658 <<< {isError: false, response: {}, type: _extensionType, method: ext.flutter.driver}
2022-06-03 04:07:33.491647 >>> {command: waitForCondition, timeout: 30000, conditionName: NoTransientCallbacksCondition}
2022-06-03 04:07:33.806674 <<< {isError: false, response: {}, type: _extensionType, method: ext.flutter.driver}
2022-06-03 04:07:33.815674 >>> {command: waitFor, timeout: 1000, finderType: ByType, type: Drawer}
2022-06-03 04:07:34.871754 <<< {isError: true, response: Timeout while executing waitFor: TimeoutException after 0:00:01.000000: Future not completed
, type: _extensionType, method: ext.flutter.driver}
2022-06-03 04:07:34.875751 >>> {command: tap, timeout: 10000, finderType: ByTooltipMessage, text: Open navigation menu}
2022-06-03 04:07:34.975690 <<< {isError: false, response: {}, type: _extensionType, method: ext.flutter.driver}
2022-06-03 04:07:34.979692 >>> {command: waitForCondition, timeout: 10000, conditionName: NoTransientCallbacksCondition}
2022-06-03 04:07:35.393415 <<< {isError: false, response: {}, type: _extensionType, method: ext.flutter.driver}
2022-06-03 04:07:35.398304 >>> {command: scrollIntoView, finderType: ByValueKey, keyValueString: PickUP_menu_button, keyValueType: String, alignment: 0.0}
2022-06-03 04:07:35.440294 <<< {isError: false, response: {}, type: _extensionType, method: ext.flutter.driver}
2022-06-03 04:07:35.445295 >>> {command: tap, timeout: 30000, finderType: ByValueKey, keyValueString: PickUP_menu_button, keyValueType: String}
2022-06-03 04:07:35.545297 <<< {isError: false, response: {}, type: _extensionType, method: ext.flutter.driver}
2022-06-03 04:07:35.549701 >>> {command: waitForCondition, timeout: 30000, conditionName: NoTransientCallbacksCondition}
2022-06-03 04:07:36.191749 <<< {isError: false, response: {}, type: _extensionType, method: ext.flutter.driver}
2022-06-03 04:07:36.196798 >>> {command: scrollIntoView, finderType: ByValueKey, keyValueString: ver_horario_pickup_button, keyValueType: String, alignment: 0.0}
2022-06-03 04:07:36.235756 <<< {isError: false, response: {}, type: _extensionType, method: ext.flutter.driver}
2022-06-03 04:07:36.240769 >>> {command: tap, timeout: 30000, finderType: ByValueKey, keyValueString: ver_horario_pickup_button, keyValueType: String}
2022-06-03 04:07:36.269760 <<< {isError: false, response: {}, type: _extensionType, method: ext.flutter.driver}
2022-06-03 04:07:36.273761 >>> {command: waitForCondition, timeout: 30000, conditionName: NoTransientCallbacksCondition}
2022-06-03 04:07:36.569949 <<< {isError: false, response: {}, type: _extensionType, method: ext.flutter.driver}
2022-06-03 04:07:36.573947 >>> {command: scrollIntoView, finderType: ByValueKey, keyValueString: esof_schedule_pickup_text, keyValueType: String, alignment: 0.0}
2022-06-03 04:07:36.735946 <<< {isError: false, response: {}, type: _extensionType, method: ext.flutter.driver}
2022-06-03 04:07:36.739955 >>> {command: tap, timeout: 30000, finderType: ByValueKey, keyValueString: esof_schedule_pickup_text, keyValueType: String}
2022-06-03 04:07:36.775655 <<< {isError: false, response: {}, type: _extensionType, method: ext.flutter.driver}
2022-06-03 04:07:36.781655 >>> {command: waitForCondition, timeout: 30000, conditionName: NoTransientCallbacksCondition}
2022-06-03 04:07:37.335780 <<< {isError: false, response: {}, type: _extensionType, method: ext.flutter.driver}
2022-06-03 04:07:37.341779 >>> {command: scroll, timeout: 10000, finderType: ByValueKey, keyValueString: schedule_tab, keyValueType: String, dx: 300.0, dy: 0.0, duration: 500000, frequency: 60}
2022-06-03 04:07:38.081019 <<< {isError: false, response: {}, type: _extensionType, method: ext.flutter.driver}
2022-06-03 04:07:38.089 >>> {command: waitFor, timeout: 1000, finderType: ByValueKey, keyValueString: horario_page_pickup, keyValueType: String}
2022-06-03 04:07:38.800686 <<< {isError: false, response: {}, type: _extensionType, method: ext.flutter.driver}
2022-06-03 04:08:58.836430 >>> {command: get_health}
2022-06-03 04:08:58.957426 <<< {isError: false, response: {status: ok}, type: _extensionType, method: ext.flutter.driver}
2022-06-03 04:08:58.962428 >>> {command: waitFor, timeout: 1000, finderType: ByValueKey, keyValueString: main-page, keyValueType: String}
2022-06-03 04:08:59.176429 <<< {isError: false, response: {}, type: _extensionType, method: ext.flutter.driver}
2022-06-03 04:08:59.181429 >>> {command: scrollIntoView, finderType: ByValueKey, keyValueString: sidemenu, keyValueType: String, alignment: 0.0}
2022-06-03 04:08:59.234427 <<< {isError: false, response: {}, type: _extensionType, method: ext.flutter.driver}
2022-06-03 04:08:59.239428 >>> {command: tap, timeout: 30000, finderType: ByValueKey, keyValueString: sidemenu, keyValueType: String}
2022-06-03 04:08:59.482439 <<< {isError: false, response: {}, type: _extensionType, method: ext.flutter.driver}
2022-06-03 04:08:59.487429 >>> {command: waitForCondition, timeout: 30000, conditionName: NoTransientCallbacksCondition}
2022-06-03 04:08:59.747465 <<< {isError: false, response: {}, type: _extensionType, method: ext.flutter.driver}
2022-06-03 04:08:59.752466 >>> {command: waitFor, timeout: 1000, finderType: ByType, type: Drawer}
2022-06-03 04:09:00.934347 <<< {isError: true, response: Timeout while executing waitFor: TimeoutException after 0:00:01.000000: Future not completed
, type: _extensionType, method: ext.flutter.driver}
2022-06-03 04:09:00.938346 >>> {command: tap, timeout: 10000, finderType: ByTooltipMessage, text: Open navigation menu}
2022-06-03 04:09:00.986348 <<< {isError: false, response: {}, type: _extensionType, method: ext.flutter.driver}
2022-06-03 04:09:00.991349 >>> {command: waitForCondition, timeout: 10000, conditionName: NoTransientCallbacksCondition}
2022-06-03 04:09:01.273349 <<< {isError: false, response: {}, type: _extensionType, method: ext.flutter.driver}
2022-06-03 04:09:01.279366 >>> {command: scrollIntoView, finderType: ByValueKey, keyValueString: PickUP_menu_button, keyValueType: String, alignment: 0.0}
2022-06-03 04:09:01.312366 <<< {isError: false, response: {}, type: _extensionType, method: ext.flutter.driver}
2022-06-03 04:09:01.317367 >>> {command: tap, timeout: 30000, finderType: ByValueKey, keyValueString: PickUP_menu_button, keyValueType: String}
2022-06-03 04:09:01.433365 <<< {isError: false, response: {}, type: _extensionType, method: ext.flutter.driver}
2022-06-03 04:09:01.437368 >>> {command: waitForCondition, timeout: 30000, conditionName: NoTransientCallbacksCondition}
2022-06-03 04:09:02.155736 <<< {isError: false, response: {}, type: _extensionType, method: ext.flutter.driver}
2022-06-03 04:09:02.160716 >>> {command: scrollIntoView, finderType: ByValueKey, keyValueString: ver_horario_pickup_button, keyValueType: String, alignment: 0.0}
2022-06-03 04:09:02.177714 <<< {isError: false, response: {}, type: _extensionType, method: ext.flutter.driver}
2022-06-03 04:09:02.181714 >>> {command: tap, timeout: 30000, finderType: ByValueKey, keyValueString: ver_horario_pickup_button, keyValueType: String}
2022-06-03 04:09:02.280421 <<< {isError: false, response: {}, type: _extensionType, method: ext.flutter.driver}
2022-06-03 04:09:02.285420 >>> {command: waitForCondition, timeout: 30000, conditionName: NoTransientCallbacksCondition}
2022-06-03 04:09:02.664580 <<< {isError: false, response: {}, type: _extensionType, method: ext.flutter.driver}
2022-06-03 04:09:02.668580 >>> {command: scrollIntoView, finderType: ByValueKey, keyValueString: esof_schedule_pickup_text, keyValueType: String, alignment: 0.0}
2022-06-03 04:09:02.817697 <<< {isError: false, response: {}, type: _extensionType, method: ext.flutter.driver}
2022-06-03 04:09:02.822699 >>> {command: tap, timeout: 30000, finderType: ByValueKey, keyValueString: esof_schedule_pickup_text, keyValueType: String}
2022-06-03 04:09:02.859884 <<< {isError: false, response: {}, type: _extensionType, method: ext.flutter.driver}
2022-06-03 04:09:02.863883 >>> {command: waitForCondition, timeout: 30000, conditionName: NoTransientCallbacksCondition}
2022-06-03 04:09:03.233383 <<< {isError: false, response: {}, type: _extensionType, method: ext.flutter.driver}
2022-06-03 04:09:03.239372 >>> {command: scroll, timeout: 10000, finderType: ByValueKey, keyValueString: schedule_tab, keyValueType: String, dx: 300.0, dy: 0.0, duration: 500000, frequency: 60}
2022-06-03 04:09:03.969342 <<< {isError: false, response: {}, type: _extensionType, method: ext.flutter.driver}
2022-06-03 04:09:03.973341 >>> {command: waitFor, timeout: 1000, finderType: ByValueKey, keyValueString: horario_page_pickup, keyValueType: String}
2022-06-03 04:09:04.691355 <<< {isError: false, response: {}, type: _extensionType, method: ext.flutter.driver}
2022-06-03 04:09:58.672603 >>> {command: get_health}
2022-06-03 04:09:58.718615 <<< {isError: false, response: {status: ok}, type: _extensionType, method: ext.flutter.driver}
2022-06-03 04:09:58.724610 >>> {command: waitFor, timeout: 1000, finderType: ByValueKey, keyValueString: main-page, keyValueType: String}
2022-06-03 04:09:58.859548 <<< {isError: false, response: {}, type: _extensionType, method: ext.flutter.driver}
2022-06-03 04:09:58.864550 >>> {command: scrollIntoView, finderType: ByValueKey, keyValueString: sidemenu, keyValueType: String, alignment: 0.0}
2022-06-03 04:09:58.898551 <<< {isError: false, response: {}, type: _extensionType, method: ext.flutter.driver}
2022-06-03 04:09:58.904558 >>> {command: tap, timeout: 30000, finderType: ByValueKey, keyValueString: sidemenu, keyValueType: String}
2022-06-03 04:09:59.206742 <<< {isError: false, response: {}, type: _extensionType, method: ext.flutter.driver}
2022-06-03 04:09:59.210749 >>> {command: waitForCondition, timeout: 30000, conditionName: NoTransientCallbacksCondition}
2022-06-03 04:09:59.626184 <<< {isError: false, response: {}, type: _extensionType, method: ext.flutter.driver}
2022-06-03 04:09:59.632193 >>> {command: waitFor, timeout: 1000, finderType: ByType, type: Drawer}
2022-06-03 04:10:00.786801 <<< {isError: true, response: Timeout while executing waitFor: TimeoutException after 0:00:01.000000: Future not completed
, type: _extensionType, method: ext.flutter.driver}
2022-06-03 04:10:00.791801 >>> {command: tap, timeout: 10000, finderType: ByTooltipMessage, text: Open navigation menu}
2022-06-03 04:10:00.840802 <<< {isError: false, response: {}, type: _extensionType, method: ext.flutter.driver}
2022-06-03 04:10:00.845804 >>> {command: waitForCondition, timeout: 10000, conditionName: NoTransientCallbacksCondition}
2022-06-03 04:10:01.183800 <<< {isError: false, response: {}, type: _extensionType, method: ext.flutter.driver}
2022-06-03 04:10:01.187802 >>> {command: scrollIntoView, finderType: ByValueKey, keyValueString: PickUP_menu_button, keyValueType: String, alignment: 0.0}
2022-06-03 04:10:01.209801 <<< {isError: false, response: {}, type: _extensionType, method: ext.flutter.driver}
2022-06-03 04:10:01.213802 >>> {command: tap, timeout: 30000, finderType: ByValueKey, keyValueString: PickUP_menu_button, keyValueType: String}
2022-06-03 04:10:01.360813 <<< {isError: false, response: {}, type: _extensionType, method: ext.flutter.driver}
2022-06-03 04:10:01.367801 >>> {command: waitForCondition, timeout: 30000, conditionName: NoTransientCallbacksCondition}
2022-06-03 04:10:01.885801 <<< {isError: false, response: {}, type: _extensionType, method: ext.flutter.driver}
2022-06-03 04:10:01.890805 >>> {command: scrollIntoView, finderType: ByValueKey, keyValueString: ver_horario_pickup_button, keyValueType: String, alignment: 0.0}
2022-06-03 04:10:01.911802 <<< {isError: false, response: {}, type: _extensionType, method: ext.flutter.driver}
2022-06-03 04:10:01.916802 >>> {command: tap, timeout: 30000, finderType: ByValueKey, keyValueString: ver_horario_pickup_button, keyValueType: String}
2022-06-03 04:10:02.016810 <<< {isError: false, response: {}, type: _extensionType, method: ext.flutter.driver}
2022-06-03 04:10:02.021801 >>> {command: waitForCondition, timeout: 30000, conditionName: NoTransientCallbacksCondition}
2022-06-03 04:10:02.367781 <<< {isError: false, response: {}, type: _extensionType, method: ext.flutter.driver}
2022-06-03 04:10:02.372778 >>> {command: scrollIntoView, finderType: ByValueKey, keyValueString: esof_schedule_pickup_text, keyValueType: String, alignment: 0.0}
2022-06-03 04:10:02.537789 <<< {isError: false, response: {}, type: _extensionType, method: ext.flutter.driver}
2022-06-03 04:10:02.542804 >>> {command: tap, timeout: 30000, finderType: ByValueKey, keyValueString: esof_schedule_pickup_text, keyValueType: String}
2022-06-03 04:10:02.837793 <<< {isError: false, response: {}, type: _extensionType, method: ext.flutter.driver}
2022-06-03 04:10:02.842775 >>> {command: waitForCondition, timeout: 30000, conditionName: NoTransientCallbacksCondition}
2022-06-03 04:10:03.169777 <<< {isError: false, response: {}, type: _extensionType, method: ext.flutter.driver}
2022-06-03 04:10:03.175776 >>> {command: scroll, timeout: 10000, finderType: ByValueKey, keyValueString: schedule_tab, keyValueType: String, dx: 300.0, dy: 0.0, duration: 500000, frequency: 60}
2022-06-03 04:10:03.891881 <<< {isError: false, response: {}, type: _extensionType, method: ext.flutter.driver}
2022-06-03 04:10:03.896879 >>> {command: waitFor, timeout: 1000, finderType: ByValueKey, keyValueString: horario_page_pickup, keyValueType: String}
2022-06-03 04:10:04.622618 <<< {isError: false, response: {}, type: _extensionType, method: ext.flutter.driver}
2022-06-03 04:11:14.006174 >>> {command: get_health}
2022-06-03 04:11:14.265247 <<< {isError: false, response: {status: ok}, type: _extensionType, method: ext.flutter.driver}
2022-06-03 04:11:14.272248 >>> {command: waitFor, timeout: 1000, finderType: ByValueKey, keyValueString: main-page, keyValueType: String}
2022-06-03 04:11:14.298257 <<< {isError: false, response: {}, type: _extensionType, method: ext.flutter.driver}
2022-06-03 04:11:14.302256 >>> {command: scrollIntoView, finderType: ByValueKey, keyValueString: sidemenu, keyValueType: String, alignment: 0.0}
2022-06-03 04:11:14.333257 <<< {isError: false, response: {}, type: _extensionType, method: ext.flutter.driver}
2022-06-03 04:11:14.337271 >>> {command: tap, timeout: 30000, finderType: ByValueKey, keyValueString: sidemenu, keyValueType: String}
2022-06-03 04:11:14.437909 <<< {isError: false, response: {}, type: _extensionType, method: ext.flutter.driver}
2022-06-03 04:11:14.441907 >>> {command: waitForCondition, timeout: 30000, conditionName: NoTransientCallbacksCondition}
2022-06-03 04:11:14.725431 <<< {isError: false, response: {}, type: _extensionType, method: ext.flutter.driver}
2022-06-03 04:11:14.730430 >>> {command: waitFor, timeout: 1000, finderType: ByType, type: Drawer}
2022-06-03 04:11:15.840941 <<< {isError: true, response: Timeout while executing waitFor: TimeoutException after 0:00:01.000000: Future not completed
, type: _extensionType, method: ext.flutter.driver}
2022-06-03 04:11:15.844914 >>> {command: tap, timeout: 10000, finderType: ByTooltipMessage, text: Open navigation menu}
2022-06-03 04:11:15.907941 <<< {isError: false, response: {}, type: _extensionType, method: ext.flutter.driver}
2022-06-03 04:11:15.911941 >>> {command: waitForCondition, timeout: 10000, conditionName: NoTransientCallbacksCondition}
2022-06-03 04:11:16.240414 <<< {isError: false, response: {}, type: _extensionType, method: ext.flutter.driver}
2022-06-03 04:11:16.244411 >>> {command: scrollIntoView, finderType: ByValueKey, keyValueString: PickUP_menu_button, keyValueType: String, alignment: 0.0}
2022-06-03 04:11:16.261412 <<< {isError: false, response: {}, type: _extensionType, method: ext.flutter.driver}
2022-06-03 04:11:16.267413 >>> {command: tap, timeout: 30000, finderType: ByValueKey, keyValueString: PickUP_menu_button, keyValueType: String}
2022-06-03 04:11:16.305413 <<< {isError: false, response: {}, type: _extensionType, method: ext.flutter.driver}
2022-06-03 04:11:16.311413 >>> {command: waitForCondition, timeout: 30000, conditionName: NoTransientCallbacksCondition}
2022-06-03 04:11:16.772738 <<< {isError: false, response: {}, type: _extensionType, method: ext.flutter.driver}
2022-06-03 04:11:16.778736 >>> {command: scrollIntoView, finderType: ByValueKey, keyValueString: ver_horario_pickup_button, keyValueType: String, alignment: 0.0}
2022-06-03 04:11:16.969708 <<< {isError: false, response: {}, type: _extensionType, method: ext.flutter.driver}
2022-06-03 04:11:16.974708 >>> {command: tap, timeout: 30000, finderType: ByValueKey, keyValueString: ver_horario_pickup_button, keyValueType: String}
2022-06-03 04:11:17.002709 <<< {isError: false, response: {}, type: _extensionType, method: ext.flutter.driver}
2022-06-03 04:11:17.007710 >>> {command: waitForCondition, timeout: 30000, conditionName: NoTransientCallbacksCondition}
2022-06-03 04:11:17.408942 <<< {isError: false, response: {}, type: _extensionType, method: ext.flutter.driver}
2022-06-03 04:11:17.414940 >>> {command: scrollIntoView, finderType: ByValueKey, keyValueString: esof_schedule_pickup_text, keyValueType: String, alignment: 0.0}
2022-06-03 04:11:17.571935 <<< {isError: false, response: {}, type: _extensionType, method: ext.flutter.driver}
2022-06-03 04:11:17.576938 >>> {command: tap, timeout: 30000, finderType: ByValueKey, keyValueString: esof_schedule_pickup_text, keyValueType: String}
2022-06-03 04:11:17.603389 <<< {isError: false, response: {}, type: _extensionType, method: ext.flutter.driver}
2022-06-03 04:11:17.608390 >>> {command: waitForCondition, timeout: 30000, conditionName: NoTransientCallbacksCondition}
2022-06-03 04:11:18.241809 <<< {isError: false, response: {}, type: _extensionType, method: ext.flutter.driver}
2022-06-03 04:11:18.248808 >>> {command: scroll, timeout: 10000, finderType: ByValueKey, keyValueString: schedule_tab, keyValueType: String, dx: 300.0, dy: 0.0, duration: 500000, frequency: 60}
2022-06-03 04:11:18.946683 <<< {isError: false, response: {}, type: _extensionType, method: ext.flutter.driver}
2022-06-03 04:11:18.952682 >>> {command: waitFor, timeout: 1000, finderType: ByValueKey, keyValueString: horario_page_pickup, keyValueType: String}
2022-06-03 04:11:19.661762 <<< {isError: false, response: {}, type: _extensionType, method: ext.flutter.driver}
2022-06-03 15:56:12.624015 >>> {command: get_health}
2022-06-03 15:56:12.684 <<< {isError: false, response: {status: ok}, type: _extensionType, method: ext.flutter.driver}
2022-06-03 15:56:12.689002 >>> {command: waitFor, timeout: 1000, finderType: ByValueKey, keyValueString: main-page, keyValueType: String}
2022-06-03 15:56:12.827 <<< {isError: false, response: {}, type: _extensionType, method: ext.flutter.driver}
2022-06-03 15:56:12.834 >>> {command: scrollIntoView, finderType: ByValueKey, keyValueString: sidemenu, keyValueType: String, alignment: 0.0}
2022-06-03 15:56:13.037003 <<< {isError: false, response: {}, type: _extensionType, method: ext.flutter.driver}
2022-06-03 15:56:13.043016 >>> {command: tap, timeout: 30000, finderType: ByValueKey, keyValueString: sidemenu, keyValueType: String}
2022-06-03 15:56:13.175002 <<< {isError: false, response: {}, type: _extensionType, method: ext.flutter.driver}
2022-06-03 15:56:13.184003 >>> {command: waitForCondition, timeout: 30000, conditionName: NoTransientCallbacksCondition}
2022-06-03 15:56:13.443 <<< {isError: false, response: {}, type: _extensionType, method: ext.flutter.driver}
2022-06-03 15:56:13.451 >>> {command: waitFor, timeout: 1000, finderType: ByType, type: Drawer}
2022-06-03 15:56:14.627714 <<< {isError: true, response: Timeout while executing waitFor: TimeoutException after 0:00:01.000000: Future not completed
, type: _extensionType, method: ext.flutter.driver}
2022-06-03 15:56:14.634727 >>> {command: tap, timeout: 10000, finderType: ByTooltipMessage, text: Open navigation menu}
2022-06-03 15:56:14.745724 <<< {isError: false, response: {}, type: _extensionType, method: ext.flutter.driver}
2022-06-03 15:56:14.752724 >>> {command: waitForCondition, timeout: 10000, conditionName: NoTransientCallbacksCondition}
2022-06-03 15:56:15.081312 <<< {isError: false, response: {}, type: _extensionType, method: ext.flutter.driver}
2022-06-03 15:56:15.088925 >>> {command: scrollIntoView, finderType: ByValueKey, keyValueString: PickUP_menu_button, keyValueType: String, alignment: 0.0}
2022-06-03 15:56:15.140926 <<< {isError: false, response: {}, type: _extensionType, method: ext.flutter.driver}
2022-06-03 15:56:15.146926 >>> {command: tap, timeout: 30000, finderType: ByValueKey, keyValueString: PickUP_menu_button, keyValueType: String}
2022-06-03 15:56:15.384001 <<< {isError: false, response: {}, type: _extensionType, method: ext.flutter.driver}
2022-06-03 15:56:15.390002 >>> {command: waitForCondition, timeout: 30000, conditionName: NoTransientCallbacksCondition}
2022-06-03 15:56:15.662179 <<< {isError: false, response: {}, type: _extensionType, method: ext.flutter.driver}
2022-06-03 15:56:15.667181 >>> {command: scrollIntoView, finderType: ByValueKey, keyValueString: ver_horario_pickup_button, keyValueType: String, alignment: 0.0}
2022-06-03 15:56:16.041709 <<< {isError: false, response: {}, type: _extensionType, method: ext.flutter.driver}
2022-06-03 15:56:16.048715 >>> {command: tap, timeout: 30000, finderType: ByValueKey, keyValueString: ver_horario_pickup_button, keyValueType: String}
2022-06-03 15:56:16.119568 <<< {isError: false, response: {}, type: _extensionType, method: ext.flutter.driver}
2022-06-03 15:56:16.126085 >>> {command: waitForCondition, timeout: 30000, conditionName: NoTransientCallbacksCondition}
2022-06-03 15:56:16.633949 <<< {isError: false, response: {}, type: _extensionType, method: ext.flutter.driver}
2022-06-03 15:56:16.638948 >>> {command: scrollIntoView, finderType: ByValueKey, keyValueString: esof_schedule_pickup_text, keyValueType: String, alignment: 0.0}
2022-06-03 15:56:16.813958 <<< {isError: false, response: {}, type: _extensionType, method: ext.flutter.driver}
2022-06-03 15:56:16.821992 >>> {command: tap, timeout: 30000, finderType: ByValueKey, keyValueString: esof_schedule_pickup_text, keyValueType: String}
2022-06-03 15:56:16.950583 <<< {isError: false, response: {}, type: _extensionType, method: ext.flutter.driver}
2022-06-03 15:56:16.955582 >>> {command: waitForCondition, timeout: 30000, conditionName: NoTransientCallbacksCondition}
2022-06-03 15:56:17.367558 <<< {isError: false, response: {}, type: _extensionType, method: ext.flutter.driver}
2022-06-03 15:56:17.375073 >>> {command: scroll, timeout: 10000, finderType: ByValueKey, keyValueString: schedule_tab, keyValueType: String, dx: 300.0, dy: 0.0, duration: 500000, frequency: 60}
2022-06-03 15:56:18.581846 <<< {isError: false, response: {}, type: _extensionType, method: ext.flutter.driver}
2022-06-03 15:56:18.587846 >>> {command: waitFor, timeout: 1000, finderType: ByValueKey, keyValueString: horario_page_pickup, keyValueType: String}
2022-06-03 15:56:18.598847 <<< {isError: false, response: {}, type: _extensionType, method: ext.flutter.driver}
2022-06-05 22:43:50.822309 >>> {command: get_health}
2022-06-05 22:43:50.911303 <<< {isError: false, response: {status: ok}, type: _extensionType, method: ext.flutter.driver}
2022-06-05 22:43:50.918304 >>> {command: waitFor, timeout: 1000, finderType: ByValueKey, keyValueString: main-page, keyValueType: String}
2022-06-05 22:43:52.230306 <<< {isError: true, response: Timeout while executing waitFor: TimeoutException after 0:00:01.000000: Future not completed
, type: _extensionType, method: ext.flutter.driver}
2022-06-05 22:43:52.734480 >>> {command: waitFor, timeout: 1000, finderType: ByValueKey, keyValueString: main-page, keyValueType: String}
2022-06-05 22:43:52.997471 <<< {isError: false, response: {}, type: _extensionType, method: ext.flutter.driver}
2022-06-05 22:43:53.002469 >>> {command: scrollIntoView, finderType: ByValueKey, keyValueString: sidemenu, keyValueType: String, alignment: 0.0}
2022-06-05 22:43:53.033474 <<< {isError: false, response: {}, type: _extensionType, method: ext.flutter.driver}
2022-06-05 22:43:53.039474 >>> {command: tap, timeout: 30000, finderType: ByValueKey, keyValueString: sidemenu, keyValueType: String}
2022-06-05 22:43:53.248079 <<< {isError: false, response: {}, type: _extensionType, method: ext.flutter.driver}
2022-06-05 22:43:53.253079 >>> {command: waitForCondition, timeout: 30000, conditionName: NoTransientCallbacksCondition}
2022-06-05 22:43:53.732274 <<< {isError: false, response: {}, type: _extensionType, method: ext.flutter.driver}
2022-06-05 22:43:53.737273 >>> {command: waitFor, timeout: 1000, finderType: ByType, type: Drawer}
2022-06-05 22:43:54.913781 <<< {isError: true, response: Timeout while executing waitFor: TimeoutException after 0:00:01.000000: Future not completed
, type: _extensionType, method: ext.flutter.driver}
2022-06-05 22:43:54.920778 >>> {command: tap, timeout: 10000, finderType: ByTooltipMessage, text: Open navigation menu}
2022-06-05 22:43:55.269901 <<< {isError: false, response: {}, type: _extensionType, method: ext.flutter.driver}
2022-06-05 22:43:55.275901 >>> {command: waitForCondition, timeout: 10000, conditionName: NoTransientCallbacksCondition}
2022-06-05 22:43:55.701904 <<< {isError: false, response: {}, type: _extensionType, method: ext.flutter.driver}
2022-06-05 22:43:55.706900 >>> {command: scrollIntoView, finderType: ByValueKey, keyValueString: PickUP_menu_button, keyValueType: String, alignment: 0.0}
2022-06-05 22:43:55.872902 <<< {isError: false, response: {}, type: _extensionType, method: ext.flutter.driver}
2022-06-05 22:43:55.877904 >>> {command: tap, timeout: 30000, finderType: ByValueKey, keyValueString: PickUP_menu_button, keyValueType: String}
2022-06-05 22:43:56.200903 <<< {isError: false, response: {}, type: _extensionType, method: ext.flutter.driver}
2022-06-05 22:43:56.207435 >>> {command: waitForCondition, timeout: 30000, conditionName: NoTransientCallbacksCondition}
2022-06-05 22:43:57.086436 <<< {isError: false, response: {}, type: _extensionType, method: ext.flutter.driver}
2022-06-05 22:43:57.091433 >>> {command: scrollIntoView, finderType: ByValueKey, keyValueString: ver_horario_pickup_button, keyValueType: String, alignment: 0.0}
2022-06-05 22:43:57.179434 <<< {isError: false, response: {}, type: _extensionType, method: ext.flutter.driver}
2022-06-05 22:43:57.183435 >>> {command: tap, timeout: 30000, finderType: ByValueKey, keyValueString: ver_horario_pickup_button, keyValueType: String}
2022-06-05 22:43:57.277434 <<< {isError: false, response: {}, type: _extensionType, method: ext.flutter.driver}
2022-06-05 22:43:57.283433 >>> {command: waitForCondition, timeout: 30000, conditionName: NoTransientCallbacksCondition}
2022-06-05 22:43:58.415825 <<< {isError: false, response: {}, type: _extensionType, method: ext.flutter.driver}
2022-06-05 22:43:58.420824 >>> {command: scrollIntoView, finderType: ByValueKey, keyValueString: esof_schedule_pickup_text, keyValueType: String, alignment: 0.0}
2022-06-05 22:43:59.784807 <<< {isError: false, response: {}, type: _extensionType, method: ext.flutter.driver}
2022-06-05 22:43:59.789804 >>> {command: tap, timeout: 30000, finderType: ByValueKey, keyValueString: esof_schedule_pickup_text, keyValueType: String}
2022-06-05 22:43:59.833803 <<< {isError: false, response: {}, type: _extensionType, method: ext.flutter.driver}
2022-06-05 22:43:59.839803 >>> {command: waitForCondition, timeout: 30000, conditionName: NoTransientCallbacksCondition}
2022-06-05 22:44:00.219802 <<< {isError: false, response: {}, type: _extensionType, method: ext.flutter.driver}
2022-06-05 22:44:00.228804 >>> {command: scroll, timeout: 10000, finderType: ByValueKey, keyValueString: schedule_tab, keyValueType: String, dx: 300.0, dy: 0.0, duration: 500000, frequency: 60}
2022-06-05 22:44:01.886380 <<< {isError: false, response: {}, type: _extensionType, method: ext.flutter.driver}
2022-06-05 22:44:01.890379 >>> {command: waitFor, timeout: 1000, finderType: ByValueKey, keyValueString: horario_page_pickup, keyValueType: String}
2022-06-05 22:44:01.903380 <<< {isError: false, response: {}, type: _extensionType, method: ext.flutter.driver}
2022-06-05 23:04:09.236151 >>> {command: get_health}
2022-06-05 23:04:09.632151 <<< {isError: false, response: {status: ok}, type: _extensionType, method: ext.flutter.driver}
2022-06-05 23:04:09.637149 >>> {command: waitFor, timeout: 1000, finderType: ByValueKey, keyValueString: main-page, keyValueType: String}
2022-06-05 23:04:11.426709 <<< {isError: true, response: Timeout while executing waitFor: TimeoutException after 0:00:01.000000: Future not completed
, type: _extensionType, method: ext.flutter.driver}
2022-06-05 23:04:11.934708 >>> {command: waitFor, timeout: 1000, finderType: ByValueKey, keyValueString: main-page, keyValueType: String}
2022-06-05 23:04:12.108711 <<< {isError: false, response: {}, type: _extensionType, method: ext.flutter.driver}
2022-06-05 23:04:12.114709 >>> {command: scrollIntoView, finderType: ByValueKey, keyValueString: sidemenu, keyValueType: String, alignment: 0.0}
2022-06-05 23:04:12.162709 <<< {isError: false, response: {}, type: _extensionType, method: ext.flutter.driver}
2022-06-05 23:04:12.167711 >>> {command: tap, timeout: 30000, finderType: ByValueKey, keyValueString: sidemenu, keyValueType: String}
2022-06-05 23:04:12.570710 <<< {isError: false, response: {}, type: _extensionType, method: ext.flutter.driver}
2022-06-05 23:04:12.577709 >>> {command: waitForCondition, timeout: 30000, conditionName: NoTransientCallbacksCondition}
2022-06-05 23:04:13.223708 <<< {isError: false, response: {}, type: _extensionType, method: ext.flutter.driver}
2022-06-05 23:04:13.230707 >>> {command: waitFor, timeout: 1000, finderType: ByType, type: Drawer}
2022-06-05 23:04:14.319943 <<< {isError: true, response: Timeout while executing waitFor: TimeoutException after 0:00:01.000000: Future not completed
, type: _extensionType, method: ext.flutter.driver}
2022-06-05 23:04:14.324947 >>> {command: tap, timeout: 10000, finderType: ByTooltipMessage, text: Open navigation menu}
2022-06-05 23:04:14.412945 <<< {isError: false, response: {}, type: _extensionType, method: ext.flutter.driver}
2022-06-05 23:04:14.417945 >>> {command: waitForCondition, timeout: 10000, conditionName: NoTransientCallbacksCondition}
2022-06-05 23:04:15.236948 <<< {isError: false, response: {}, type: _extensionType, method: ext.flutter.driver}
2022-06-05 23:04:15.243462 >>> {command: scrollIntoView, finderType: ByValueKey, keyValueString: PickUP_menu_button, keyValueType: String, alignment: 0.0}
2022-06-05 23:04:15.600283 <<< {isError: false, response: {}, type: _extensionType, method: ext.flutter.driver}
2022-06-05 23:04:15.607287 >>> {command: tap, timeout: 30000, finderType: ByValueKey, keyValueString: PickUP_menu_button, keyValueType: String}
2022-06-05 23:04:15.970284 <<< {isError: false, response: {}, type: _extensionType, method: ext.flutter.driver}
2022-06-05 23:04:15.976286 >>> {command: waitForCondition, timeout: 30000, conditionName: NoTransientCallbacksCondition}
2022-06-05 23:04:16.853808 <<< {isError: false, response: {}, type: _extensionType, method: ext.flutter.driver}
2022-06-05 23:04:16.860806 >>> {command: scrollIntoView, finderType: ByValueKey, keyValueString: ver_horario_turma_pickup_button, keyValueType: String, alignment: 0.0}
2022-06-05 23:04:16.936805 <<< {isError: false, response: {}, type: _extensionType, method: ext.flutter.driver}
2022-06-05 23:04:16.941806 >>> {command: tap, timeout: 30000, finderType: ByValueKey, keyValueString: ver_horario_turma_pickup_button, keyValueType: String}
2022-06-05 23:04:17.564807 <<< {isError: false, response: {}, type: _extensionType, method: ext.flutter.driver}
2022-06-05 23:04:17.570805 >>> {command: waitForCondition, timeout: 30000, conditionName: NoTransientCallbacksCondition}
2022-06-05 23:04:18.291952 <<< {isError: false, response: {}, type: _extensionType, method: ext.flutter.driver}
2022-06-05 23:04:18.297952 >>> {command: scrollIntoView, finderType: ByValueKey, keyValueString: esof_schedule_pickup_text, keyValueType: String, alignment: 0.0}
2022-06-05 23:04:18.462952 <<< {isError: false, response: {}, type: _extensionType, method: ext.flutter.driver}
2022-06-05 23:04:18.468955 >>> {command: tap, timeout: 30000, finderType: ByValueKey, keyValueString: esof_schedule_pickup_text, keyValueType: String}
2022-06-05 23:04:18.498953 <<< {isError: false, response: {}, type: _extensionType, method: ext.flutter.driver}
2022-06-05 23:04:18.503951 >>> {command: waitForCondition, timeout: 30000, conditionName: NoTransientCallbacksCondition}
2022-06-05 23:04:18.876954 <<< {isError: false, response: {}, type: _extensionType, method: ext.flutter.driver}
2022-06-05 23:04:18.882955 >>> {command: scroll, timeout: 10000, finderType: ByValueKey, keyValueString: schedule_tab, keyValueType: String, dx: 300.0, dy: 0.0, duration: 500000, frequency: 60}
2022-06-05 23:04:20.893994 <<< {isError: false, response: {}, type: _extensionType, method: ext.flutter.driver}
2022-06-05 23:04:20.898990 >>> {command: waitFor, timeout: 1000, finderType: ByValueKey, keyValueString: horario_page_pickup, keyValueType: String}
2022-06-05 23:04:20.906995 <<< {isError: false, response: {}, type: _extensionType, method: ext.flutter.driver}
2022-06-05 23:08:03.880102 >>> {command: get_health}
2022-06-05 23:08:03.995709 <<< {isError: false, response: {status: ok}, type: _extensionType, method: ext.flutter.driver}
2022-06-05 23:08:04.000708 >>> {command: waitFor, timeout: 1000, finderType: ByValueKey, keyValueString: main-page, keyValueType: String}
2022-06-05 23:08:05.085060 <<< {isError: true, response: Timeout while executing waitFor: TimeoutException after 0:00:01.000000: Future not completed
, type: _extensionType, method: ext.flutter.driver}
2022-06-05 23:08:05.599313 >>> {command: waitFor, timeout: 1000, finderType: ByValueKey, keyValueString: main-page, keyValueType: String}
2022-06-05 23:08:05.918918 <<< {isError: false, response: {}, type: _extensionType, method: ext.flutter.driver}
2022-06-05 23:08:05.925952 >>> {command: scrollIntoView, finderType: ByValueKey, keyValueString: sidemenu, keyValueType: String, alignment: 0.0}
2022-06-05 23:08:05.953465 <<< {isError: false, response: {}, type: _extensionType, method: ext.flutter.driver}
2022-06-05 23:08:05.958991 >>> {command: tap, timeout: 30000, finderType: ByValueKey, keyValueString: sidemenu, keyValueType: String}
2022-06-05 23:08:06.238182 <<< {isError: false, response: {}, type: _extensionType, method: ext.flutter.driver}
2022-06-05 23:08:06.244192 >>> {command: waitForCondition, timeout: 30000, conditionName: NoTransientCallbacksCondition}
2022-06-05 23:08:06.750500 <<< {isError: false, response: {}, type: _extensionType, method: ext.flutter.driver}
2022-06-05 23:08:06.757501 >>> {command: waitFor, timeout: 1000, finderType: ByType, type: Drawer}
2022-06-05 23:08:08.184159 <<< {isError: true, response: Timeout while executing waitFor: TimeoutException after 0:00:01.000000: Future not completed
, type: _extensionType, method: ext.flutter.driver}
2022-06-05 23:08:08.190158 >>> {command: tap, timeout: 10000, finderType: ByTooltipMessage, text: Open navigation menu}
2022-06-05 23:08:08.436892 <<< {isError: false, response: {}, type: _extensionType, method: ext.flutter.driver}
2022-06-05 23:08:08.442929 >>> {command: waitForCondition, timeout: 10000, conditionName: NoTransientCallbacksCondition}
2022-06-05 23:08:09.163037 <<< {isError: false, response: {}, type: _extensionType, method: ext.flutter.driver}
2022-06-05 23:08:09.169036 >>> {command: scrollIntoView, finderType: ByValueKey, keyValueString: PickUP_menu_button, keyValueType: String, alignment: 0.0}
2022-06-05 23:08:09.208038 <<< {isError: false, response: {}, type: _extensionType, method: ext.flutter.driver}
2022-06-05 23:08:09.213037 >>> {command: tap, timeout: 30000, finderType: ByValueKey, keyValueString: PickUP_menu_button, keyValueType: String}
2022-06-05 23:08:09.303036 <<< {isError: false, response: {}, type: _extensionType, method: ext.flutter.driver}
2022-06-05 23:08:09.308037 >>> {command: waitForCondition, timeout: 30000, conditionName: NoTransientCallbacksCondition}
2022-06-05 23:08:09.987481 <<< {isError: false, response: {}, type: _extensionType, method: ext.flutter.driver}
2022-06-05 23:08:09.993012 >>> {command: scrollIntoView, finderType: ByValueKey, keyValueString: ver_horario_pickup_button, keyValueType: String, alignment: 0.0}
2022-06-05 23:08:10.136008 <<< {isError: false, response: {}, type: _extensionType, method: ext.flutter.driver}
2022-06-05 23:08:10.141011 >>> {command: tap, timeout: 30000, finderType: ByValueKey, keyValueString: ver_horario_pickup_button, keyValueType: String}
2022-06-05 23:08:10.177009 <<< {isError: false, response: {}, type: _extensionType, method: ext.flutter.driver}
2022-06-05 23:08:10.181011 >>> {command: waitForCondition, timeout: 30000, conditionName: NoTransientCallbacksCondition}
2022-06-05 23:08:11.608007 <<< {isError: false, response: {}, type: _extensionType, method: ext.flutter.driver}
2022-06-05 23:08:11.614009 >>> {command: scroll, timeout: 10000, finderType: ByValueKey, keyValueString: schedule_tab, keyValueType: String, dx: 300.0, dy: 0.0, duration: 500000, frequency: 60}
2022-06-05 23:08:21.810853 <<< {isError: true, response: Timeout while executing scroll: TimeoutException after 0:00:10.000000: Future not completed
, type: _extensionType, method: ext.flutter.driver}
2022-06-05 23:09:54.678240 >>> {command: get_health}
2022-06-05 23:09:55.006239 <<< {isError: false, response: {status: ok}, type: _extensionType, method: ext.flutter.driver}
2022-06-05 23:09:55.012241 >>> {command: waitFor, timeout: 1000, finderType: ByValueKey, keyValueString: main-page, keyValueType: String}
2022-06-05 23:09:56.482126 <<< {isError: true, response: Timeout while executing waitFor: TimeoutException after 0:00:01.000000: Future not completed
, type: _extensionType, method: ext.flutter.driver}
2022-06-05 23:09:56.986125 >>> {command: waitFor, timeout: 1000, finderType: ByValueKey, keyValueString: main-page, keyValueType: String}
2022-06-05 23:09:57.133165 <<< {isError: false, response: {}, type: _extensionType, method: ext.flutter.driver}
2022-06-05 23:09:57.139165 >>> {command: scrollIntoView, finderType: ByValueKey, keyValueString: sidemenu, keyValueType: String, alignment: 0.0}
2022-06-05 23:09:57.260166 <<< {isError: false, response: {}, type: _extensionType, method: ext.flutter.driver}
2022-06-05 23:09:57.265165 >>> {command: tap, timeout: 30000, finderType: ByValueKey, keyValueString: sidemenu, keyValueType: String}
2022-06-05 23:09:57.396163 <<< {isError: false, response: {}, type: _extensionType, method: ext.flutter.driver}
2022-06-05 23:09:57.401164 >>> {command: waitForCondition, timeout: 30000, conditionName: NoTransientCallbacksCondition}
2022-06-05 23:09:57.825166 <<< {isError: false, response: {}, type: _extensionType, method: ext.flutter.driver}
2022-06-05 23:09:57.830163 >>> {command: waitFor, timeout: 1000, finderType: ByType, type: Drawer}
2022-06-05 23:09:58.906281 <<< {isError: true, response: Timeout while executing waitFor: TimeoutException after 0:00:01.000000: Future not completed
, type: _extensionType, method: ext.flutter.driver}
2022-06-05 23:09:58.912283 >>> {command: tap, timeout: 10000, finderType: ByTooltipMessage, text: Open navigation menu}
2022-06-05 23:09:59.342326 <<< {isError: false, response: {}, type: _extensionType, method: ext.flutter.driver}
2022-06-05 23:09:59.347323 >>> {command: waitForCondition, timeout: 10000, conditionName: NoTransientCallbacksCondition}
2022-06-05 23:09:59.814324 <<< {isError: false, response: {}, type: _extensionType, method: ext.flutter.driver}
2022-06-05 23:09:59.820325 >>> {command: scrollIntoView, finderType: ByValueKey, keyValueString: PickUP_menu_button, keyValueType: String, alignment: 0.0}
2022-06-05 23:10:00.186323 <<< {isError: false, response: {}, type: _extensionType, method: ext.flutter.driver}
2022-06-05 23:10:00.192323 >>> {command: tap, timeout: 30000, finderType: ByValueKey, keyValueString: PickUP_menu_button, keyValueType: String}
2022-06-05 23:10:00.497988 <<< {isError: false, response: {}, type: _extensionType, method: ext.flutter.driver}
2022-06-05 23:10:00.505681 >>> {command: waitForCondition, timeout: 30000, conditionName: NoTransientCallbacksCondition}
2022-06-05 23:10:01.181268 <<< {isError: false, response: {}, type: _extensionType, method: ext.flutter.driver}
2022-06-05 23:10:01.187976 >>> {command: scrollIntoView, finderType: ByValueKey, keyValueString: ver_horario_turma_pickup_button, keyValueType: String, alignment: 0.0}
2022-06-05 23:10:01.350278 <<< {isError: false, response: {}, type: _extensionType, method: ext.flutter.driver}
2022-06-05 23:10:01.355272 >>> {command: tap, timeout: 30000, finderType: ByValueKey, keyValueString: ver_horario_turma_pickup_button, keyValueType: String}
2022-06-05 23:10:01.433271 <<< {isError: false, response: {}, type: _extensionType, method: ext.flutter.driver}
2022-06-05 23:10:01.438271 >>> {command: waitForCondition, timeout: 30000, conditionName: NoTransientCallbacksCondition}
2022-06-05 23:10:02.293269 <<< {isError: false, response: {}, type: _extensionType, method: ext.flutter.driver}
2022-06-05 23:10:02.301268 >>> {command: scrollIntoView, finderType: ByValueKey, keyValueString: esof_schedule_pickup_text, keyValueType: String, alignment: 0.0}
2022-06-05 23:10:03.210270 <<< {isError: false, response: {}, type: _extensionType, method: ext.flutter.driver}
2022-06-05 23:10:03.215267 >>> {command: tap, timeout: 30000, finderType: ByValueKey, keyValueString: esof_schedule_pickup_text, keyValueType: String}
2022-06-05 23:10:03.251268 <<< {isError: false, response: {}, type: _extensionType, method: ext.flutter.driver}
2022-06-05 23:10:03.256268 >>> {command: waitForCondition, timeout: 30000, conditionName: NoTransientCallbacksCondition}
2022-06-05 23:10:03.993176 <<< {isError: false, response: {}, type: _extensionType, method: ext.flutter.driver}
2022-06-05 23:10:03.999176 >>> {command: scroll, timeout: 10000, finderType: ByValueKey, keyValueString: schedule_tab, keyValueType: String, dx: -300.0, dy: 0.0, duration: 500000, frequency: 60}
2022-06-05 23:10:05.852700 <<< {isError: false, response: {}, type: _extensionType, method: ext.flutter.driver}
2022-06-05 23:10:05.859703 >>> {command: waitFor, timeout: 1000, finderType: ByValueKey, keyValueString: horario_page_pickup, keyValueType: String}
2022-06-05 23:10:06.644233 <<< {isError: false, response: {}, type: _extensionType, method: ext.flutter.driver}
2022-06-05 23:11:41.470862 >>> {command: get_health}
2022-06-05 23:11:41.859861 <<< {isError: false, response: {status: ok}, type: _extensionType, method: ext.flutter.driver}
2022-06-05 23:11:41.866859 >>> {command: waitFor, timeout: 1000, finderType: ByValueKey, keyValueString: main-page, keyValueType: String}
2022-06-05 23:11:43.295859 <<< {isError: true, response: Timeout while executing waitFor: TimeoutException after 0:00:01.000000: Future not completed
, type: _extensionType, method: ext.flutter.driver}
2022-06-05 23:11:43.804466 >>> {command: waitFor, timeout: 1000, finderType: ByValueKey, keyValueString: main-page, keyValueType: String}
2022-06-05 23:11:43.870469 <<< {isError: false, response: {}, type: _extensionType, method: ext.flutter.driver}
2022-06-05 23:11:43.876466 >>> {command: scrollIntoView, finderType: ByValueKey, keyValueString: sidemenu, keyValueType: String, alignment: 0.0}
2022-06-05 23:11:43.916468 <<< {isError: false, response: {}, type: _extensionType, method: ext.flutter.driver}
2022-06-05 23:11:43.921469 >>> {command: tap, timeout: 30000, finderType: ByValueKey, keyValueString: sidemenu, keyValueType: String}
2022-06-05 23:11:44.183467 <<< {isError: false, response: {}, type: _extensionType, method: ext.flutter.driver}
2022-06-05 23:11:44.188469 >>> {command: waitForCondition, timeout: 30000, conditionName: NoTransientCallbacksCondition}
2022-06-05 23:11:44.642468 <<< {isError: false, response: {}, type: _extensionType, method: ext.flutter.driver}
2022-06-05 23:11:44.649466 >>> {command: waitFor, timeout: 1000, finderType: ByType, type: Drawer}
2022-06-05 23:11:45.734371 <<< {isError: true, response: Timeout while executing waitFor: TimeoutException after 0:00:01.000000: Future not completed
, type: _extensionType, method: ext.flutter.driver}
2022-06-05 23:11:45.739370 >>> {command: tap, timeout: 10000, finderType: ByTooltipMessage, text: Open navigation menu}
2022-06-05 23:11:46.093594 <<< {isError: false, response: {}, type: _extensionType, method: ext.flutter.driver}
2022-06-05 23:11:46.098590 >>> {command: waitForCondition, timeout: 10000, conditionName: NoTransientCallbacksCondition}
2022-06-05 23:11:46.447415 <<< {isError: false, response: {}, type: _extensionType, method: ext.flutter.driver}
2022-06-05 23:11:46.454419 >>> {command: scrollIntoView, finderType: ByValueKey, keyValueString: PickUP_menu_button, keyValueType: String, alignment: 0.0}
2022-06-05 23:11:46.488417 <<< {isError: false, response: {}, type: _extensionType, method: ext.flutter.driver}
2022-06-05 23:11:46.494419 >>> {command: tap, timeout: 30000, finderType: ByValueKey, keyValueString: PickUP_menu_button, keyValueType: String}
2022-06-05 23:11:46.776417 <<< {isError: false, response: {}, type: _extensionType, method: ext.flutter.driver}
2022-06-05 23:11:46.782417 >>> {command: waitForCondition, timeout: 30000, conditionName: NoTransientCallbacksCondition}
2022-06-05 23:11:47.790416 <<< {isError: false, response: {}, type: _extensionType, method: ext.flutter.driver}
2022-06-05 23:11:47.797416 >>> {command: scrollIntoView, finderType: ByValueKey, keyValueString: ver_horario_turma_pickup_button, keyValueType: String, alignment: 0.0}
2022-06-05 23:11:47.822416 <<< {isError: false, response: {}, type: _extensionType, method: ext.flutter.driver}
2022-06-05 23:11:47.828425 >>> {command: tap, timeout: 30000, finderType: ByValueKey, keyValueString: ver_horario_turma_pickup_button, keyValueType: String}
2022-06-05 23:11:47.871418 <<< {isError: false, response: {}, type: _extensionType, method: ext.flutter.driver}
2022-06-05 23:11:47.878417 >>> {command: waitForCondition, timeout: 30000, conditionName: NoTransientCallbacksCondition}
2022-06-05 23:11:49.414076 <<< {isError: false, response: {}, type: _extensionType, method: ext.flutter.driver}
2022-06-05 23:11:49.421112 >>> {command: scrollIntoView, finderType: ByValueKey, keyValueString: esof_schedule_pickup_text, keyValueType: String, alignment: 0.0}
2022-06-05 23:11:50.101110 <<< {isError: false, response: {}, type: _extensionType, method: ext.flutter.driver}
2022-06-05 23:11:50.107109 >>> {command: tap, timeout: 30000, finderType: ByValueKey, keyValueString: esof_schedule_pickup_text, keyValueType: String}
2022-06-05 23:11:50.154108 <<< {isError: false, response: {}, type: _extensionType, method: ext.flutter.driver}
2022-06-05 23:11:50.159109 >>> {command: waitForCondition, timeout: 30000, conditionName: NoTransientCallbacksCondition}
2022-06-05 23:11:50.651110 <<< {isError: false, response: {}, type: _extensionType, method: ext.flutter.driver}
2022-06-05 23:11:50.659109 >>> {command: scroll, timeout: 10000, finderType: ByValueKey, keyValueString: schedule_tab, keyValueType: String, dx: -300.0, dy: 0.0, duration: 500000, frequency: 60}
2022-06-05 23:11:53.299 <<< {isError: false, response: {}, type: _extensionType, method: ext.flutter.driver}
2022-06-05 23:11:53.304002 >>> {command: waitFor, timeout: 1000, finderType: ByValueKey, keyValueString: horario_uc_page_pickup, keyValueType: String}
2022-06-05 23:11:53.311998 <<< {isError: false, response: {}, type: _extensionType, method: ext.flutter.driver}
2022-06-05 23:19:33.310067 >>> {command: get_health}
2022-06-05 23:19:33.349542 <<< {isError: false, response: {status: ok}, type: _extensionType, method: ext.flutter.driver}
2022-06-05 23:19:33.354540 >>> {command: waitFor, timeout: 1000, finderType: ByValueKey, keyValueString: main-page, keyValueType: String}
2022-06-05 23:19:34.418059 <<< {isError: false, response: {}, type: _extensionType, method: ext.flutter.driver}
2022-06-05 23:19:34.423058 >>> {command: scrollIntoView, finderType: ByValueKey, keyValueString: sidemenu, keyValueType: String, alignment: 0.0}
2022-06-05 23:19:34.815059 <<< {isError: false, response: {}, type: _extensionType, method: ext.flutter.driver}
2022-06-05 23:19:34.822060 >>> {command: tap, timeout: 30000, finderType: ByValueKey, keyValueString: sidemenu, keyValueType: String}
2022-06-05 23:19:34.998059 <<< {isError: false, response: {}, type: _extensionType, method: ext.flutter.driver}
2022-06-05 23:19:35.003059 >>> {command: waitForCondition, timeout: 30000, conditionName: NoTransientCallbacksCondition}
2022-06-05 23:19:35.688580 <<< {isError: false, response: {}, type: _extensionType, method: ext.flutter.driver}
2022-06-05 23:19:35.694579 >>> {command: waitFor, timeout: 1000, finderType: ByType, type: Drawer}
2022-06-05 23:19:36.981582 <<< {isError: true, response: Timeout while executing waitFor: TimeoutException after 0:00:01.000000: Future not completed
, type: _extensionType, method: ext.flutter.driver}
2022-06-05 23:19:36.986582 >>> {command: tap, timeout: 10000, finderType: ByTooltipMessage, text: Open navigation menu}
2022-06-05 23:19:37.091580 <<< {isError: false, response: {}, type: _extensionType, method: ext.flutter.driver}
2022-06-05 23:19:37.097580 >>> {command: waitForCondition, timeout: 10000, conditionName: NoTransientCallbacksCondition}
2022-06-05 23:19:37.927580 <<< {isError: false, response: {}, type: _extensionType, method: ext.flutter.driver}
2022-06-05 23:19:37.936580 >>> {command: scrollIntoView, finderType: ByValueKey, keyValueString: PickUP_menu_button, keyValueType: String, alignment: 0.0}
2022-06-05 23:19:37.991582 <<< {isError: false, response: {}, type: _extensionType, method: ext.flutter.driver}
2022-06-05 23:19:37.997579 >>> {command: tap, timeout: 30000, finderType: ByValueKey, keyValueString: PickUP_menu_button, keyValueType: String}
2022-06-05 23:19:38.324197 <<< {isError: false, response: {}, type: _extensionType, method: ext.flutter.driver}
2022-06-05 23:19:38.329198 >>> {command: waitForCondition, timeout: 30000, conditionName: NoTransientCallbacksCondition}
2022-06-05 23:19:38.923196 <<< {isError: false, response: {}, type: _extensionType, method: ext.flutter.driver}
2022-06-05 23:19:38.929629 >>> {command: scrollIntoView, finderType: ByValueKey, keyValueString: ver_horario_turma_pickup_button, keyValueType: String, alignment: 0.0}
2022-06-05 23:19:38.957628 <<< {isError: false, response: {}, type: _extensionType, method: ext.flutter.driver}
2022-06-05 23:19:38.962628 >>> {command: tap, timeout: 30000, finderType: ByValueKey, keyValueString: ver_horario_turma_pickup_button, keyValueType: String}
2022-06-05 23:19:39.056628 <<< {isError: false, response: {}, type: _extensionType, method: ext.flutter.driver}
2022-06-05 23:19:39.062630 >>> {command: waitForCondition, timeout: 30000, conditionName: NoTransientCallbacksCondition}
2022-06-05 23:19:39.826628 <<< {isError: false, response: {}, type: _extensionType, method: ext.flutter.driver}
2022-06-05 23:19:39.831627 >>> {command: scrollIntoView, finderType: ByValueKey, keyValueString: esof_schedule_pickup_text, keyValueType: String, alignment: 0.0}
2022-06-05 23:19:40.813558 <<< {isError: false, response: {}, type: _extensionType, method: ext.flutter.driver}
2022-06-05 23:19:40.820568 >>> {command: tap, timeout: 30000, finderType: ByValueKey, keyValueString: esof_schedule_pickup_text, keyValueType: String}
2022-06-05 23:19:40.844572 <<< {isError: false, response: {}, type: _extensionType, method: ext.flutter.driver}
2022-06-05 23:19:40.849573 >>> {command: waitForCondition, timeout: 30000, conditionName: NoTransientCallbacksCondition}
2022-06-05 23:19:41.205582 <<< {isError: false, response: {}, type: _extensionType, method: ext.flutter.driver}
2022-06-05 23:19:41.212582 >>> {command: scroll, timeout: 10000, finderType: ByValueKey, keyValueString: schedule_tab, keyValueType: String, dx: -300.0, dy: 0.0, duration: 500000, frequency: 60}
2022-06-05 23:19:42.916153 <<< {isError: false, response: {}, type: _extensionType, method: ext.flutter.driver}
2022-06-05 23:19:42.924152 >>> {command: waitFor, timeout: 1000, finderType: ByValueKey, keyValueString: horario_uc_page_pickup, keyValueType: String}
2022-06-05 23:19:42.939151 <<< {isError: false, response: {}, type: _extensionType, method: ext.flutter.driver}
